#
# A fatal error has been detected by the Java Runtime Environment:
#
#  EXCEPTION_ACCESS_VIOLATION (0xc0000005) at pc=0x000000005eb08533, pid=716, tid=3196
#
# JRE version: Java(TM) SE Runtime Environment (7.0_79-b15) (build 1.7.0_79-b15)
# Java VM: Java HotSpot(TM) 64-Bit Server VM (24.79-b02 mixed mode windows-amd64 compressed oops)
# Problematic frame:
# V  [jvm.dll+0x3a8533]
#
# Failed to write core dump. Minidumps are not enabled by default on client versions of Windows
#
# If you would like to submit a bug report, please visit:
#   http://bugreport.java.com/bugreport/crash.jsp
#

---------------  T H R E A D  ---------------

Current thread (0x0000000002023000):  GCTaskThread [stack: 0x0000000005820000,0x0000000005920000] [id=3196]

siginfo: ExceptionCode=0xc0000005, reading address 0x0000002078746341

Registers:
RAX=0x000000000285a101, RBX=0x000000000285a1f6, RCX=0x000000000591f760, RDX=0x0000002078746341
RSP=0x000000000591f5a0, RBP=0x000000000591f659, RSI=0x0000000002859310, RDI=0x000000000591f760
R8 =0x000000000591f501, R9 =0x000000005e760000, R10=0x0000000000000000, R11=0x0000000002859690
R12=0x000000000000f000, R13=0x000000005eccfe08, R14=0x0000000000000000, R15=0x0000000000001000
RIP=0x000000005eb08533, EFLAGS=0x0000000000010202

Top of Stack: (sp=0x000000000591f5a0)
0x000000000591f5a0:   000000005ed29c88 0000000002859310
0x000000000591f5b0:   0000000000000000 000000000201da00
0x000000000591f5c0:   000000005ed29c88 000000005e7e08d5
0x000000000591f5d0:   000000005ed29c88 0000000002859310
0x000000000591f5e0:   0000000002859310 000000000591f760
0x000000000591f5f0:   0000000000000000 000000000285958a
0x000000000591f600:   0000000002859668 0000000002859310
0x000000000591f610:   000000000285a1f4 0000000000000004
0x000000000591f620:   0000000002859586 000000005e000000
0x000000000591f630:   0000000002859680 0000000002859680
0x000000000591f640:   000000000285a140 0000000002859680
0x000000000591f650:   000000000285a140 000000000285a358
0x000000000591f660:   000000005eccfe08 000000000591f5f0
0x000000000591f670:   0000000000000000 0000000000000000
0x000000000591f680:   000000000591f740 000000005e7df05a
0x000000000591f690:   0000000002023910 0000000002023900 

Instructions: (pc=0x000000005eb08533)
0x000000005eb08513:   83 ec 20 48 8b da 48 8b 12 48 85 d2 0f 84 89 00
0x000000005eb08523:   00 00 48 3b 15 f4 7a 3b 00 0f 93 c0 84 c0 74 7b
0x000000005eb08533:   48 8b 02 48 8b 49 18 24 03 3c 03 75 1f 48 8b 12
0x000000005eb08543:   80 3d 24 3c 35 00 00 74 0d 0f b6 c2 24 07 3c 05 


Register to memory mapping:

RAX=0x000000000285a101 is at entry_point+2689 in (nmethod*)0x0000000002859310
RBX=0x000000000285a1f6 is at entry_point+2934 in (nmethod*)0x0000000002859310
RCX=0x000000000591f760 is an unknown value
RDX=0x0000002078746341 is an unknown value
RSP=0x000000000591f5a0 is an unknown value
RBP=0x000000000591f659 is an unknown value
RSI=0x0000000002859310 is at entry_point+-880 in (nmethod*)0x0000000002859310
RDI=0x000000000591f760 is an unknown value
R8 =0x000000000591f501 is an unknown value
R9 =0x000000005e760000 is an unknown value
R10=0x0000000000000000 is an unknown value
R11=0x0000000002859690 is at entry_point+16 in (nmethod*)0x0000000002859310
R12=0x000000000000f000 is an unknown value
R13=0x000000005eccfe08 is an unknown value
R14=0x0000000000000000 is an unknown value
R15=0x0000000000001000 is an unknown value


Stack: [0x0000000005820000,0x0000000005920000],  sp=0x000000000591f5a0,  free space=1021k
Native frames: (J=compiled Java code, j=interpreted, Vv=VM code, C=native code)
V  [jvm.dll+0x3a8533]


---------------  P R O C E S S  ---------------

Java Threads: ( => current thread )
  0x000000000df9e000 JavaThread "Stdin handler" [_thread_blocked, id=5684, stack(0x000000000cdd0000,0x000000000ced0000)]
  0x000000000b8b6800 JavaThread "Daemon worker Thread 2" [_thread_blocked, id=3692, stack(0x0000000010430000,0x0000000010530000)]
  0x000000000be9f800 JavaThread "Cancel handler" [_thread_blocked, id=7068, stack(0x000000000e080000,0x000000000e180000)]
  0x000000000b314000 JavaThread "Handler for socket connection from /127.0.0.1:60354 to /127.0.0.1:60674" [_thread_in_native, id=6712, stack(0x000000000ced0000,0x000000000cfd0000)]
  0x000000000b8b5000 JavaThread "Daemon Thread 2" [_thread_blocked, id=4288, stack(0x000000000ca70000,0x000000000cb70000)]
  0x000000000b975800 JavaThread "File lock request listener" [_thread_in_native, id=7084, stack(0x000000000c8a0000,0x000000000c9a0000)]
  0x000000000af9f000 JavaThread "Incoming local TCP Connector on port 60354" [_thread_in_native, id=5792, stack(0x000000000b6e0000,0x000000000b7e0000)]
  0x000000000890b800 JavaThread "Service Thread" daemon [_thread_blocked, id=4584, stack(0x000000000a170000,0x000000000a270000)]
  0x0000000008908000 JavaThread "C2 CompilerThread1" daemon [_thread_blocked, id=5708, stack(0x000000000a480000,0x000000000a580000)]
  0x00000000088ef000 JavaThread "C2 CompilerThread0" daemon [_thread_blocked, id=6508, stack(0x000000000a270000,0x000000000a370000)]
  0x00000000088ec000 JavaThread "Attach Listener" daemon [_thread_blocked, id=1028, stack(0x000000000a050000,0x000000000a150000)]
  0x00000000088e7000 JavaThread "Signal Dispatcher" daemon [_thread_blocked, id=5424, stack(0x0000000009eb0000,0x0000000009fb0000)]
  0x0000000008895800 JavaThread "Finalizer" daemon [_thread_blocked, id=2100, stack(0x0000000009d60000,0x0000000009e60000)]
  0x000000000888e800 JavaThread "Reference Handler" daemon [_thread_blocked, id=3360, stack(0x0000000009c40000,0x0000000009d40000)]
  0x0000000001e9e000 JavaThread "main" [_thread_blocked, id=428, stack(0x00000000022a0000,0x00000000023a0000)]

Other Threads:
  0x000000000888b000 VMThread [stack: 0x00000000099c0000,0x0000000009ac0000] [id=3000]
  0x000000000890c800 WatcherThread [stack: 0x000000000aa80000,0x000000000ab80000] [id=5820]

=>0x0000000002023000 (exited) GCTaskThread [stack: 0x0000000005820000,0x0000000005920000] [id=3196]

VM state:at safepoint (normal execution)

VM Mutex/Monitor currently owned by a thread:  ([mutex/lock_event])
[0x0000000001e9c270] Threads_lock - owner thread: 0x000000000888b000
[0x0000000001e9c770] Heap_lock - owner thread: 0x000000000b8b6800

Heap
 PSYoungGen      total 321536K, used 295424K [0x00000000eaa80000, 0x0000000100000000, 0x0000000100000000)
  eden space 295424K, 100% used [0x00000000eaa80000,0x00000000fcb00000,0x00000000fcb00000)
  from space 26112K, 0% used [0x00000000fe680000,0x00000000fe680000,0x0000000100000000)
  to   space 27136K, 51% used [0x00000000fcb00000,0x00000000fd8861c0,0x00000000fe580000)
 ParOldGen       total 87040K, used 53316K [0x00000000c0000000, 0x00000000c5500000, 0x00000000eaa80000)
  object space 87040K, 61% used [0x00000000c0000000,0x00000000c3411040,0x00000000c5500000)
 PSPermGen       total 86528K, used 49010K [0x00000000b0000000, 0x00000000b5480000, 0x00000000c0000000)
  object space 86528K, 56% used [0x00000000b0000000,0x00000000b2fdc978,0x00000000b5480000)

Card table byte_map: [0x00000000053a0000,0x0000000005630000] byte_map_base: 0x0000000004e20000

Polling page: 0x0000000000330000

Code Cache  [0x00000000023a0000, 0x00000000028b0000, 0x00000000053a0000)
 total_blobs=1731 nmethods=1098 adapters=585 free_code_cache=44094Kb largest_free_block=45082752

Compilation events (10 events):
Event: 102.966 Thread 0x0000000008908000 1179             java.util.ComparableTimSort::mergeLo (652 bytes)
Event: 102.969 Thread 0x00000000088ef000 1180             java.util.ComparableTimSort::mergeHi (716 bytes)
Event: 102.996 Thread 0x00000000088ef000 nmethod 1180 0x000000000289a210 code [0x000000000289a3e0, 0x000000000289bac8]
Event: 102.996 Thread 0x00000000088ef000 1181             com.sun.tools.javac.file.ZipFileIndex$ZipDirectory::buildIndex (204 bytes)
Event: 103.000 Thread 0x0000000008908000 nmethod 1179 0x000000000289c910 code [0x000000000289cae0, 0x000000000289e278]
Event: 103.000 Thread 0x0000000008908000 1182 %           com.sun.tools.javac.file.ZipFileIndex$ZipDirectory::readEntry @ 102 (587 bytes)
Event: 103.025 Thread 0x00000000088ef000 nmethod 1181 0x000000000289f150 code [0x000000000289f400, 0x00000000028a0248]
Event: 103.025 Thread 0x00000000088ef000 1183             com.sun.tools.javac.file.RelativePath::hashCode (8 bytes)
Event: 103.028 Thread 0x00000000088ef000 nmethod 1183 0x00000000028853d0 code [0x0000000002885500, 0x0000000002885678]
Event: 103.028 Thread 0x00000000088ef000 1184             java.util.ComparableTimSort::mergeHi (716 bytes)

GC Heap History (10 events):
Event: 5.089 GC heap after
Heap after GC invocations=7 (full 0):
 PSYoungGen      total 145408K, used 3284K [0x00000000eaa80000, 0x00000000fc680000, 0x0000000100000000)
  eden space 135168K, 0% used [0x00000000eaa80000,0x00000000eaa80000,0x00000000f2e80000)
  from space 10240K, 32% used [0x00000000f2e80000,0x00000000f31b50e0,0x00000000f3880000)
  to   space 10240K, 0% used [0x00000000fbc80000,0x00000000fbc80000,0x00000000fc680000)
 ParOldGen       total 87040K, used 12183K [0x00000000c0000000, 0x00000000c5500000, 0x00000000eaa80000)
  object space 87040K, 13% used [0x00000000c0000000,0x00000000c0be5fd8,0x00000000c5500000)
 PSPermGen       total 21504K, used 21396K [0x00000000b0000000, 0x00000000b1500000, 0x00000000c0000000)
  object space 21504K, 99% used [0x00000000b0000000,0x00000000b14e52a0,0x00000000b1500000)
}
Event: 8.274 GC heap before
{Heap before GC invocations=8 (full 0):
 PSYoungGen      total 145408K, used 138452K [0x00000000eaa80000, 0x00000000fc680000, 0x0000000100000000)
  eden space 135168K, 100% used [0x00000000eaa80000,0x00000000f2e80000,0x00000000f2e80000)
  from space 10240K, 32% used [0x00000000f2e80000,0x00000000f31b50e0,0x00000000f3880000)
  to   space 10240K, 0% used [0x00000000fbc80000,0x00000000fbc80000,0x00000000fc680000)
 ParOldGen       total 87040K, used 12183K [0x00000000c0000000, 0x00000000c5500000, 0x00000000eaa80000)
  object space 87040K, 13% used [0x00000000c0000000,0x00000000c0be5fd8,0x00000000c5500000)
 PSPermGen       total 28672K, used 28381K [0x00000000b0000000, 0x00000000b1c00000, 0x00000000c0000000)
  object space 28672K, 98% used [0x00000000b0000000,0x00000000b1bb7750,0x00000000b1c00000)
Event: 8.387 GC heap after
Heap after GC invocations=8 (full 0):
 PSYoungGen      total 277504K, used 10228K [0x00000000eaa80000, 0x00000000fcc80000, 0x0000000100000000)
  eden space 267264K, 0% used [0x00000000eaa80000,0x00000000eaa80000,0x00000000faf80000)
  from space 10240K, 99% used [0x00000000fbc80000,0x00000000fc67d178,0x00000000fc680000)
  to   space 13312K, 0% used [0x00000000faf80000,0x00000000faf80000,0x00000000fbc80000)
 ParOldGen       total 87040K, used 16385K [0x00000000c0000000, 0x00000000c5500000, 0x00000000eaa80000)
  object space 87040K, 18% used [0x00000000c0000000,0x00000000c1000588,0x00000000c5500000)
 PSPermGen       total 28672K, used 28381K [0x00000000b0000000, 0x00000000b1c00000, 0x00000000c0000000)
  object space 28672K, 98% used [0x00000000b0000000,0x00000000b1bb7750,0x00000000b1c00000)
}
Event: 18.155 GC heap before
{Heap before GC invocations=9 (full 0):
 PSYoungGen      total 277504K, used 277492K [0x00000000eaa80000, 0x00000000fcc80000, 0x0000000100000000)
  eden space 267264K, 100% used [0x00000000eaa80000,0x00000000faf80000,0x00000000faf80000)
  from space 10240K, 99% used [0x00000000fbc80000,0x00000000fc67d178,0x00000000fc680000)
  to   space 13312K, 0% used [0x00000000faf80000,0x00000000faf80000,0x00000000fbc80000)
 ParOldGen       total 87040K, used 16385K [0x00000000c0000000, 0x00000000c5500000, 0x00000000eaa80000)
  object space 87040K, 18% used [0x00000000c0000000,0x00000000c1000588,0x00000000c5500000)
 PSPermGen       total 41472K, used 41043K [0x00000000b0000000, 0x00000000b2880000, 0x00000000c0000000)
  object space 41472K, 98% used [0x00000000b0000000,0x00000000b2814e00,0x00000000b2880000)
Event: 18.508 GC heap after
Heap after GC invocations=9 (full 0):
 PSYoungGen      total 280576K, used 13312K [0x00000000eaa80000, 0x0000000100000000, 0x0000000100000000)
  eden space 267264K, 0% used [0x00000000eaa80000,0x00000000eaa80000,0x00000000faf80000)
  from space 13312K, 100% used [0x00000000faf80000,0x00000000fbc80000,0x00000000fbc80000)
  to   space 26112K, 0% used [0x00000000fe680000,0x00000000fe680000,0x0000000100000000)
 ParOldGen       total 87040K, used 43511K [0x00000000c0000000, 0x00000000c5500000, 0x00000000eaa80000)
  object space 87040K, 49% used [0x00000000c0000000,0x00000000c2a7df18,0x00000000c5500000)
 PSPermGen       total 41472K, used 41043K [0x00000000b0000000, 0x00000000b2880000, 0x00000000c0000000)
  object space 41472K, 98% used [0x00000000b0000000,0x00000000b2814e00,0x00000000b2880000)
}
Event: 20.655 GC heap before
{Heap before GC invocations=10 (full 0):
 PSYoungGen      total 280576K, used 77920K [0x00000000eaa80000, 0x0000000100000000, 0x0000000100000000)
  eden space 267264K, 24% used [0x00000000eaa80000,0x00000000ee998388,0x00000000faf80000)
  from space 13312K, 100% used [0x00000000faf80000,0x00000000fbc80000,0x00000000fbc80000)
  to   space 26112K, 0% used [0x00000000fe680000,0x00000000fe680000,0x0000000100000000)
 ParOldGen       total 87040K, used 43511K [0x00000000c0000000, 0x00000000c5500000, 0x00000000eaa80000)
  object space 87040K, 49% used [0x00000000c0000000,0x00000000c2a7df18,0x00000000c5500000)
 PSPermGen       total 43520K, used 43214K [0x00000000b0000000, 0x00000000b2a80000, 0x00000000c0000000)
  object space 43520K, 99% used [0x00000000b0000000,0x00000000b2a33990,0x00000000b2a80000)
Event: 21.192 GC heap after
Heap after GC invocations=10 (full 0):
 PSYoungGen      total 321536K, used 16972K [0x00000000eaa80000, 0x0000000100000000, 0x0000000100000000)
  eden space 295424K, 0% used [0x00000000eaa80000,0x00000000eaa80000,0x00000000fcb00000)
  from space 26112K, 64% used [0x00000000fe680000,0x00000000ff7132b8,0x0000000100000000)
  to   space 27136K, 0% used [0x00000000fcb00000,0x00000000fcb00000,0x00000000fe580000)
 ParOldGen       total 87040K, used 46035K [0x00000000c0000000, 0x00000000c5500000, 0x00000000eaa80000)
  object space 87040K, 52% used [0x00000000c0000000,0x00000000c2cf4fc8,0x00000000c5500000)
 PSPermGen       total 43520K, used 43214K [0x00000000b0000000, 0x00000000b2a80000, 0x00000000c0000000)
  object space 43520K, 99% used [0x00000000b0000000,0x00000000b2a33990,0x00000000b2a80000)
}
Event: 21.192 GC heap before
{Heap before GC invocations=11 (full 1):
 PSYoungGen      total 321536K, used 16972K [0x00000000eaa80000, 0x0000000100000000, 0x0000000100000000)
  eden space 295424K, 0% used [0x00000000eaa80000,0x00000000eaa80000,0x00000000fcb00000)
  from space 26112K, 64% used [0x00000000fe680000,0x00000000ff7132b8,0x0000000100000000)
  to   space 27136K, 0% used [0x00000000fcb00000,0x00000000fcb00000,0x00000000fe580000)
 ParOldGen       total 87040K, used 46035K [0x00000000c0000000, 0x00000000c5500000, 0x00000000eaa80000)
  object space 87040K, 52% used [0x00000000c0000000,0x00000000c2cf4fc8,0x00000000c5500000)
 PSPermGen       total 43520K, used 43214K [0x00000000b0000000, 0x00000000b2a80000, 0x00000000c0000000)
  object space 43520K, 99% used [0x00000000b0000000,0x00000000b2a33990,0x00000000b2a80000)
Event: 23.145 GC heap after
Heap after GC invocations=11 (full 1):
 PSYoungGen      total 321536K, used 0K [0x00000000eaa80000, 0x0000000100000000, 0x0000000100000000)
  eden space 295424K, 0% used [0x00000000eaa80000,0x00000000eaa80000,0x00000000fcb00000)
  from space 26112K, 0% used [0x00000000fe680000,0x00000000fe680000,0x0000000100000000)
  to   space 27136K, 0% used [0x00000000fcb00000,0x00000000fcb00000,0x00000000fe580000)
 ParOldGen       total 87040K, used 53308K [0x00000000c0000000, 0x00000000c5500000, 0x00000000eaa80000)
  object space 87040K, 61% used [0x00000000c0000000,0x00000000c340f040,0x00000000c5500000)
 PSPermGen       total 86528K, used 43154K [0x00000000b0000000, 0x00000000b5480000, 0x00000000c0000000)
  object space 86528K, 49% used [0x00000000b0000000,0x00000000b2a248a0,0x00000000b5480000)
}
Event: 103.034 GC heap before
{Heap before GC invocations=12 (full 1):
 PSYoungGen      total 321536K, used 295424K [0x00000000eaa80000, 0x0000000100000000, 0x0000000100000000)
  eden space 295424K, 100% used [0x00000000eaa80000,0x00000000fcb00000,0x00000000fcb00000)
  from space 26112K, 0% used [0x00000000fe680000,0x00000000fe680000,0x0000000100000000)
  to   space 27136K, 0% used [0x00000000fcb00000,0x00000000fcb00000,0x00000000fe580000)
 ParOldGen       total 87040K, used 53308K [0x00000000c0000000, 0x00000000c5500000, 0x00000000eaa80000)
  object space 87040K, 61% used [0x00000000c0000000,0x00000000c340f040,0x00000000c5500000)
 PSPermGen       total 86528K, used 49010K [0x00000000b0000000, 0x00000000b5480000, 0x00000000c0000000)
  object space 86528K, 56% used [0x00000000b0000000,0x00000000b2fdc978,0x00000000b5480000)

Deoptimization events (10 events):
Event: 101.195 Thread 0x000000000b8b6800 Uncommon trap: reason=array_check action=maybe_recompile pc=0x000000000275b4f4 method=java.util.Arrays.fill([Ljava/lang/Object;Ljava/lang/Object;)V @ 13
Event: 101.280 Thread 0x000000000b8b6800 Uncommon trap: reason=unreached action=reinterpret pc=0x0000000002841ebc method=org.gradle.api.internal.project.taskfactory.AnnotationProcessingTaskFactory$Validator.attachActions(Lorg/gradle/api/internal/project/taskfactory/AnnotationProcessingTaskFactory×|©Y@
Event: 102.648 Thread 0x000000000b8b6800 Uncommon trap: reason=bimorphic action=maybe_recompile pc=0x0000000002863064 method=java.util.regex.Pattern$Branch.study(Ljava/util/regex/Pattern$TreeInfo;)Z @ 120
Event: 102.648 Thread 0x000000000b8b6800 Uncommon trap: reason=bimorphic action=maybe_recompile pc=0x0000000002863064 method=java.util.regex.Pattern$Branch.study(Ljava/util/regex/Pattern$TreeInfo;)Z @ 120
Event: 102.975 Thread 0x000000000b8b6800 Uncommon trap: reason=unreached action=reinterpret pc=0x0000000002896390 method=com.sun.tools.javac.file.ZipFileIndex$ZipDirectory.readEntry(ILjava/util/List;Ljava/util/Map;)I @ 190
Event: 102.996 Thread 0x000000000b8b6800 Uncommon trap: reason=array_check action=maybe_recompile pc=0x000000000289b51c method=java.util.ComparableTimSort.mergeHi(IIII)V @ 91
Event: 102.997 Thread 0x000000000b8b6800 Uncommon trap: reason=array_check action=maybe_recompile pc=0x000000000289b51c method=java.util.ComparableTimSort.mergeHi(IIII)V @ 91
Event: 102.997 Thread 0x000000000b8b6800 Uncommon trap: reason=array_check action=maybe_recompile pc=0x000000000289b51c method=java.util.ComparableTimSort.mergeHi(IIII)V @ 91
Event: 102.997 Thread 0x000000000b8b6800 Uncommon trap: reason=array_check action=maybe_recompile pc=0x000000000289b51c method=java.util.ComparableTimSort.mergeHi(IIII)V @ 91
Event: 103.002 Thread 0x000000000b8b6800 Uncommon trap: reason=predicate action=maybe_recompile pc=0x0000000002829d88 method=java.util.Collections.indexedBinarySearch(Ljava/util/List;Ljava/lang/Object;)I @ 16

Internal exceptions (10 events):
Event: 102.071 Thread 0x000000000b8b6800 Threw 0x00000000fb56bb08 at C:\re\jdk7u79\2331\hotspot\src\share\vm\prims\jvm.cpp:1304
Event: 102.082 Thread 0x000000000b8b6800 Threw 0x00000000fb5f7670 at C:\re\jdk7u79\2331\hotspot\src\share\vm\prims\jvm.cpp:1304
Event: 102.083 Thread 0x000000000b8b6800 Threw 0x00000000fb5f8138 at C:\re\jdk7u79\2331\hotspot\src\share\vm\prims\jvm.cpp:1304
Event: 102.083 Thread 0x000000000b8b6800 Threw 0x00000000fb5fb7c0 at C:\re\jdk7u79\2331\hotspot\src\share\vm\prims\jvm.cpp:1304
Event: 102.083 Thread 0x000000000b8b6800 Threw 0x00000000fb5fc350 at C:\re\jdk7u79\2331\hotspot\src\share\vm\prims\jvm.cpp:1304
Event: 102.083 Thread 0x000000000b8b6800 Threw 0x00000000fb6023f8 at C:\re\jdk7u79\2331\hotspot\src\share\vm\prims\jvm.cpp:1304
Event: 102.085 Thread 0x000000000b8b6800 Threw 0x00000000fb619d38 at C:\re\jdk7u79\2331\hotspot\src\share\vm\prims\jvm.cpp:1304
Event: 102.085 Thread 0x000000000b8b6800 Threw 0x00000000fb61a6c0 at C:\re\jdk7u79\2331\hotspot\src\share\vm\prims\jvm.cpp:1304
Event: 102.113 Thread 0x000000000b8b6800 Threw 0x00000000fb71f3b8 at C:\re\jdk7u79\2331\hotspot\src\share\vm\prims\jvm.cpp:1304
Event: 102.114 Thread 0x000000000b8b6800 Threw 0x00000000fb720678 at C:\re\jdk7u79\2331\hotspot\src\share\vm\prims\jvm.cpp:1304

Events (10 events):
Event: 103.029 loading class 0x000000000bf8af00 done
Event: 103.030 loading class 0x000000000bf8bfe0
Event: 103.030 loading class 0x000000000bf8bfe0 done
Event: 103.031 loading class 0x000000000bf882f0
Event: 103.031 loading class 0x000000000bf882f0 done
Event: 103.031 loading class 0x000000000bf8ce40
Event: 103.031 loading class 0x000000000bf8ce40 done
Event: 103.032 loading class 0x000000000aca5cf0
Event: 103.032 loading class 0x000000000aca5cf0 done
Event: 103.034 Executing VM operation: ParallelGCFailedAllocation


Dynamic libraries:
0x000000013f9f0000 - 0x000000013fa23000 	C:\Program Files\Java\jdk1.7.0_79\bin\java.exe
0x0000000077540000 - 0x00000000776e9000 	C:\Windows\SYSTEM32\ntdll.dll
0x0000000077420000 - 0x000000007753f000 	C:\Windows\system32\kernel32.dll
0x000007fefd630000 - 0x000007fefd69c000 	C:\Windows\system32\KERNELBASE.dll
0x000007feff460000 - 0x000007feff53b000 	C:\Windows\system32\ADVAPI32.dll
0x000007fefea60000 - 0x000007fefeaff000 	C:\Windows\system32\msvcrt.dll
0x000007fefec30000 - 0x000007fefec4f000 	C:\Windows\SYSTEM32\sechost.dll
0x000007fefeb00000 - 0x000007fefec2d000 	C:\Windows\system32\RPCRT4.dll
0x0000000077320000 - 0x000000007741a000 	C:\Windows\system32\USER32.dll
0x000007fefe680000 - 0x000007fefe6e7000 	C:\Windows\system32\GDI32.dll
0x000007feff1f0000 - 0x000007feff1fe000 	C:\Windows\system32\LPK.dll
0x000007feff060000 - 0x000007feff129000 	C:\Windows\system32\USP10.dll
0x000007fefbcb0000 - 0x000007fefbea4000 	C:\Windows\WinSxS\amd64_microsoft.windows.common-controls_6595b64144ccf1df_6.0.7601.18837_none_fa3b1e3d17594757\COMCTL32.dll
0x000007fefefe0000 - 0x000007feff051000 	C:\Windows\system32\SHLWAPI.dll
0x000007fefd6b0000 - 0x000007fefd6de000 	C:\Windows\system32\IMM32.DLL
0x000007feff550000 - 0x000007feff659000 	C:\Windows\system32\MSCTF.dll
0x0000000069380000 - 0x0000000069452000 	C:\Program Files\Java\jdk1.7.0_79\jre\bin\msvcr100.dll
0x000000005e760000 - 0x000000005ef35000 	C:\Program Files\Java\jdk1.7.0_79\jre\bin\server\jvm.dll
0x000007fef8d00000 - 0x000007fef8d09000 	C:\Windows\system32\WSOCK32.dll
0x000007fefec50000 - 0x000007fefec9d000 	C:\Windows\system32\WS2_32.dll
0x000007feff540000 - 0x000007feff548000 	C:\Windows\system32\NSI.dll
0x000007fef6910000 - 0x000007fef694b000 	C:\Windows\system32\WINMM.dll
0x0000000077710000 - 0x0000000077717000 	C:\Windows\system32\PSAPI.DLL
0x000000006d600000 - 0x000000006d60f000 	C:\Program Files\Java\jdk1.7.0_79\jre\bin\verify.dll
0x000000006ce60000 - 0x000000006ce88000 	C:\Program Files\Java\jdk1.7.0_79\jre\bin\java.dll
0x000000006d280000 - 0x000000006d295000 	C:\Program Files\Java\jdk1.7.0_79\jre\bin\zip.dll
0x000000006cd20000 - 0x000000006cd3a000 	C:\Program Files\Java\jdk1.7.0_79\jre\bin\net.dll
0x000007fefca90000 - 0x000007fefcae5000 	C:\Windows\system32\mswsock.dll
0x000007fefca80000 - 0x000007fefca87000 	C:\Windows\System32\wship6.dll
0x000000006cd00000 - 0x000000006cd11000 	C:\Program Files\Java\jdk1.7.0_79\jre\bin\nio.dll
0x000007fef4420000 - 0x000007fef4432000 	C:\Users\ArmorSurge\.gradle\native\19\windows-amd64\native-platform.dll
0x000007fefa450000 - 0x000007fefa477000 	C:\Windows\system32\IPHLPAPI.DLL
0x000007fefa430000 - 0x000007fefa43b000 	C:\Windows\system32\WINNSI.DLL
0x000007fefa320000 - 0x000007fefa338000 	C:\Windows\system32\dhcpcsvc.DLL
0x000007fefa300000 - 0x000007fefa311000 	C:\Windows\system32\dhcpcsvc6.DLL
0x000007fefcaf0000 - 0x000007fefcb08000 	C:\Windows\system32\CRYPTSP.dll
0x000007fefc7f0000 - 0x000007fefc837000 	C:\Windows\system32\rsaenh.dll
0x000007fefd430000 - 0x000007fefd44e000 	C:\Windows\system32\USERENV.dll
0x000007fefd300000 - 0x000007fefd30f000 	C:\Windows\system32\profapi.dll
0x000007fefd150000 - 0x000007fefd15f000 	C:\Windows\system32\CRYPTBASE.dll
0x000007fefd0f0000 - 0x000007fefd147000 	C:\Windows\system32\apphelp.dll
0x000000006d500000 - 0x000000006d50b000 	C:\Program Files\Java\jdk1.7.0_79\jre\bin\management.dll
0x000007fefabd0000 - 0x000007fefacf5000 	C:\Windows\system32\dbghelp.dll

VM Arguments:
jvm_args: -XX:MaxPermSize=256m -XX:+HeapDumpOnOutOfMemoryError -Xmx1024m -Dfile.encoding=windows-1252 -Duser.country=US -Duser.language=en -Duser.variant 
java_command: org.gradle.launcher.daemon.bootstrap.GradleDaemon 2.4 C:\Users\ArmorSurge\.gradle C:\Users\ArmorSurge\.gradle\daemon 10800000 e4ba7891-53ef-4aec-8b5d-e1a51fce3090 -XX:MaxPermSize=256m -XX:+HeapDumpOnOutOfMemoryError -Xmx1024m -Dfile.encoding=windows-1252 -Duser.country=US -Duser.language=en -Duser.variant
Launcher Type: SUN_STANDARD

Environment Variables:
JAVA_HOME=C:\Program Files\Java\jdk1.7.0_79
PATH=C:\ProgramData\Oracle\Java\javapath;C:\Program Files\Common Files\Microsoft Shared\Windows Live;C:\Program Files (x86)\Common Files\Microsoft Shared\Windows Live;C:\Program Files (x86)\NVIDIA Corporation\PhysX\Common;C:\Windows\system32;C:\Windows;C:\Windows\System32\Wbem;C:\Windows\System32\WindowsPowerShell\v1.0\;C:\Program Files (x86)\ATI Technologies\ATI.ACE\Core-Static;C:\Program Files (x86)\Windows Live\Shared;C:\Program Files (x86)\Skype\Phone\
USERNAME=ArmorSurge
OS=Windows_NT
PROCESSOR_IDENTIFIER=AMD64 Family 21 Model 1 Stepping 2, AuthenticAMD



---------------  S Y S T E M  ---------------

OS: Windows 7 , 64 bit Build 7601 Service Pack 1

CPU:total 4 (4 cores per cpu, 1 threads per core) family 21 model 1 stepping 2, cmov, cx8, fxsr, mmx, sse, sse2, sse3, ssse3, sse4.1, sse4.2, popcnt, avx, aes, mmxext, 3dnowpref, lzcnt, sse4a, tsc, tscinvbit, tscinv

Memory: 4k page, physical 8370652k(3427884k free), swap 16739468k(10064116k free)

vm_info: Java HotSpot(TM) 64-Bit Server VM (24.79-b02) for windows-amd64 JRE (1.7.0_79-b15), built on Apr 10 2015 12:36:16 by "java_re" with unknown MS VC++:1600

time: Tue Jul 21 15:36:20 2015
elapsed time: 103 seconds

