#
# A fatal error has been detected by the Java Runtime Environment:
#
#  EXCEPTION_ILLEGAL_INSTRUCTION (0xc000001d) at pc=0x000000000281e3f9, pid=16056, tid=11324
#
# JRE version: Java(TM) SE Runtime Environment (7.0_79-b15) (build 1.7.0_79-b15)
# Java VM: Java HotSpot(TM) 64-Bit Server VM (24.79-b02 mixed mode windows-amd64 compressed oops)
# Problematic frame:
# J 766 C2 org.gradle.internal.reflect.ClassInspector.inspectClass(Ljava/lang/Class;Lorg/gradle/internal/reflect/ClassInspector$DefaultClassDetails;)V (273 bytes) @ 0x000000000281e3f9 [0x000000000281dce0+0x719]
#
# Failed to write core dump. Minidumps are not enabled by default on client versions of Windows
#
# If you would like to submit a bug report, please visit:
#   http://bugreport.java.com/bugreport/crash.jsp
#

---------------  T H R E A D  ---------------

Current thread (0x000000000e8a5800):  JavaThread "Daemon worker Thread 2" [_thread_in_Java, id=11324, stack(0x000000000cf20000,0x000000000d020000)]

siginfo: ExceptionCode=0xc000001d

Registers:
RAX=0x0000000000000000, RBX=0x00000000fb2ee3e0, RCX=0x0000000000000008, RDX=0x0000000000000008
RSP=0x000000000d01d340, RBP=0x00000000fb2edf48, RSI=0x00000000fb2edf44, RDI=0x00000000fb2ee414
R8 =0x00000000fb2edf10, R9 =0x00000000fb2edf10, R10=0x00000000fb2ee040, R11=0x00000000b09cdd78
R12=0x0000000000000000, R13=0x000000000281dd00, R14=0x000000000d01d338, R15=0x000000000e8a5800
RIP=0x000000000281e3f9, EFLAGS=0x0000000000010246

Top of Stack: (sp=0x000000000d01d340)
0x000000000d01d340:   000000000d01d410 00000000fb2ec7f8
0x000000000d01d350:   00000000025e5410 0000000000000000
0x000000000d01d360:   000000000000003b 00000000fb2ee240
0x000000000d01d370:   fb2ee25800000000 00000000fb2ec710
0x000000000d01d380:   0000001100000001 00000000fb2ee3c8
0x000000000d01d390:   00000000fb2ee040 00000000fb2ee370
0x000000000d01d3a0:   00000000fb2ee258 00000000fb2ee370
0x000000000d01d3b0:   0000000000000038 00000000fb2ee3e0
0x000000000d01d3c0:   0000000000000011 00000000026a9288
0x000000000d01d3d0:   0000000000000001 0000000000000000
0x000000000d01d3e0:   000000000d01d408 000000000d01d458
0x000000000d01d3f0:   000000000d01d458 00000000025e60f8
0x000000000d01d400:   00000000025e60f8 00000000fb2ec710
0x000000000d01d410:   00000000fb2eb2a8 000000000d01d418
0x000000000d01d420:   00000000b09bce96 000000000d01d4a8
0x000000000d01d430:   00000000b09bdd80 0000000000000000 

Instructions: (pc=0x000000000281e3f9)
0x000000000281e3d9:   4c 8b 54 24 50 41 8b 6a 14 85 ed 74 30 44 8b 5d
0x000000000281e3e9:   08 41 81 fb 78 dd 9c b0 0f 85 82 34 00 00 4c 9b
0x000000000281e3f9:   d5 e9 f2 03 00 00 4c 8b 44 24 48 66 66 90 e8 54
0x000000000281e409:   98 df ff 48 89 44 24 50 48 85 c0 75 c3 49 8b 47 


Register to memory mapping:

RAX=0x0000000000000000 is an unknown value
RBX=0x00000000fb2ee3e0 is an oop
[C 
 - klass: {type array char}
 - length: 18
RCX=0x0000000000000008 is an unknown value
RDX=0x0000000000000008 is an unknown value
RSP=0x000000000d01d340 is pointing into the stack for thread: 0x000000000e8a5800
RBP=0x00000000fb2edf48 is an oop
org.gradle.internal.reflect.ClassInspector$DefaultPropertyDetails 
 - klass: 'org/gradle/internal/reflect/ClassInspector$DefaultPropertyDetails'
RSI=0x00000000fb2edf44 is an unknown value
RDI=0x00000000fb2ee414 is an unknown value
R8 =0x00000000fb2edf10 is an oop
[C 
 - klass: {type array char}
 - length: 18
R9 =0x00000000fb2edf10 is an oop
[C 
 - klass: {type array char}
 - length: 18
R10=0x00000000fb2ee040 is an oop
java.util.TreeMap$Entry 
 - klass: 'java/util/TreeMap$Entry'
R11=0x00000000b09cdd78 is an oop
{instance class} 
 - klass: {other class}
R12=0x0000000000000000 is an unknown value
R13=0x000000000281dd00 is at entry_point+32 in (nmethod*)0x000000000281d710
R14=0x000000000d01d338 is pointing into the stack for thread: 0x000000000e8a5800
R15=0x000000000e8a5800 is a thread


Stack: [0x000000000cf20000,0x000000000d020000],  sp=0x000000000d01d340,  free space=1012k
Native frames: (J=compiled Java code, j=interpreted, Vv=VM code, C=native code)
J 766 C2 org.gradle.internal.reflect.ClassInspector.inspectClass(Ljava/lang/Class;Lorg/gradle/internal/reflect/ClassInspector$DefaultClassDetails;)V (273 bytes) @ 0x000000000281e3f9 [0x000000000281dce0+0x719]
j  org.gradle.internal.reflect.ClassInspector.visitGraph(Ljava/lang/Class;Lorg/gradle/internal/reflect/ClassInspector$DefaultClassDetails;)V+62
j  org.gradle.internal.reflect.ClassInspector.inspect(Ljava/lang/Class;)Lorg/gradle/internal/reflect/ClassDetails;+12
J 732 C2 org.gradle.api.internal.AbstractClassGenerator.inspectType(Ljava/lang/Class;Lorg/gradle/api/internal/AbstractClassGenerator$ClassMetaData;)V (422 bytes) @ 0x00000000027d586c [0x00000000027d5840+0x2c]
j  org.gradle.api.internal.AbstractClassGenerator.inspectType(Ljava/lang/Class;)Lorg/gradle/api/internal/AbstractClassGenerator$ClassMetaData;+47
J 859 C2 org.gradle.api.internal.AbstractClassGenerator.generateUnderLock(Ljava/lang/Class;)Ljava/lang/Class; (1055 bytes) @ 0x0000000002a11c28 [0x0000000002a11a20+0x208]
j  org.gradle.api.internal.AbstractClassGenerator.generate(Ljava/lang/Class;)Ljava/lang/Class;+10
j  org.gradle.api.internal.ClassGeneratorBackedInstantiator.newInstance(Ljava/lang/Class;[Ljava/lang/Object;)Ljava/lang/Object;+13
j  org.gradle.api.internal.changedetection.changes.DefaultTaskArtifactStateRepository$TaskArtifactStateImpl.getInputChanges()Lorg/gradle/api/tasks/incremental/IncrementalTaskInputs;+64
j  org.gradle.api.internal.project.taskfactory.AnnotationProcessingTaskFactory$IncrementalTaskAction.doExecute(Lorg/gradle/api/Task;Ljava/lang/String;)V+29
j  org.gradle.api.internal.project.taskfactory.AnnotationProcessingTaskFactory$StandardTaskAction.execute(Lorg/gradle/api/Task;)V+32
j  org.gradle.api.internal.project.taskfactory.AnnotationProcessingTaskFactory$IncrementalTaskAction.execute(Lorg/gradle/api/Task;)V+2
j  org.gradle.api.internal.project.taskfactory.AnnotationProcessingTaskFactory$StandardTaskAction.execute(Ljava/lang/Object;)V+5
j  org.gradle.api.internal.tasks.execution.ExecuteActionsTaskExecuter.executeAction(Lorg/gradle/api/internal/TaskInternal;Lorg/gradle/api/internal/tasks/ContextAwareTaskAction;Lorg/gradle/api/internal/tasks/TaskExecutionContext;)V+9
j  org.gradle.api.internal.tasks.execution.ExecuteActionsTaskExecuter.executeActions(Lorg/gradle/api/internal/TaskInternal;Lorg/gradle/api/internal/tasks/TaskStateInternal;Lorg/gradle/api/internal/tasks/TaskExecutionContext;)Lorg/gradle/api/GradleException;+79
j  org.gradle.api.internal.tasks.execution.ExecuteActionsTaskExecuter.execute(Lorg/gradle/api/internal/TaskInternal;Lorg/gradle/api/internal/tasks/TaskStateInternal;Lorg/gradle/api/internal/tasks/TaskExecutionContext;)V+19
j  org.gradle.api.internal.tasks.execution.PostExecutionAnalysisTaskExecuter.execute(Lorg/gradle/api/internal/TaskInternal;Lorg/gradle/api/internal/tasks/TaskStateInternal;Lorg/gradle/api/internal/tasks/TaskExecutionContext;)V+7
j  org.gradle.api.internal.tasks.execution.SkipUpToDateTaskExecuter.execute(Lorg/gradle/api/internal/TaskInternal;Lorg/gradle/api/internal/tasks/TaskStateInternal;Lorg/gradle/api/internal/tasks/TaskExecutionContext;)V+133
j  org.gradle.api.internal.tasks.execution.ValidatingTaskExecuter.execute(Lorg/gradle/api/internal/TaskInternal;Lorg/gradle/api/internal/tasks/TaskStateInternal;Lorg/gradle/api/internal/tasks/TaskExecutionContext;)V+215
j  org.gradle.api.internal.tasks.execution.SkipEmptySourceFilesTaskExecuter.execute(Lorg/gradle/api/internal/TaskInternal;Lorg/gradle/api/internal/tasks/TaskStateInternal;Lorg/gradle/api/internal/tasks/TaskExecutionContext;)V+56
j  org.gradle.api.internal.tasks.execution.SkipTaskWithNoActionsExecuter.execute(Lorg/gradle/api/internal/TaskInternal;Lorg/gradle/api/internal/tasks/TaskStateInternal;Lorg/gradle/api/internal/tasks/TaskExecutionContext;)V+110
j  org.gradle.api.internal.tasks.execution.SkipOnlyIfTaskExecuter.execute(Lorg/gradle/api/internal/TaskInternal;Lorg/gradle/api/internal/tasks/TaskStateInternal;Lorg/gradle/api/internal/tasks/TaskExecutionContext;)V+84
j  org.gradle.api.internal.tasks.execution.ExecuteAtMostOnceTaskExecuter.execute(Lorg/gradle/api/internal/TaskInternal;Lorg/gradle/api/internal/tasks/TaskStateInternal;Lorg/gradle/api/internal/tasks/TaskExecutionContext;)V+26
j  org.gradle.api.internal.AbstractTask.executeWithoutThrowingTaskFailure()V+16
j  org.gradle.execution.taskgraph.AbstractTaskPlanExecutor$TaskExecutorWorker.executeTask(Lorg/gradle/execution/taskgraph/TaskInfo;)V+38
j  org.gradle.execution.taskgraph.AbstractTaskPlanExecutor$TaskExecutorWorker.processTask(Lorg/gradle/execution/taskgraph/TaskInfo;)V+2
j  org.gradle.execution.taskgraph.AbstractTaskPlanExecutor$TaskExecutorWorker.run()V+56
j  org.gradle.execution.taskgraph.DefaultTaskPlanExecutor.process(Lorg/gradle/execution/taskgraph/TaskExecutionPlan;Lorg/gradle/api/execution/TaskExecutionListener;)V+6
j  org.gradle.execution.taskgraph.DefaultTaskGraphExecuter.execute()V+46
j  org.gradle.execution.SelectedTaskExecutionAction.execute(Lorg/gradle/execution/BuildExecutionContext;)V+55
j  org.gradle.execution.DefaultBuildExecuter.execute(I)V+36
j  org.gradle.execution.DefaultBuildExecuter.access$200(Lorg/gradle/execution/DefaultBuildExecuter;I)V+2
j  org.gradle.execution.DefaultBuildExecuter$2.proceed()V+10
j  org.gradle.execution.DryRunBuildExecutionAction.execute(Lorg/gradle/execution/BuildExecutionContext;)V+68
j  org.gradle.execution.DefaultBuildExecuter.execute(I)V+36
j  org.gradle.execution.DefaultBuildExecuter.execute()V+2
j  org.gradle.initialization.DefaultGradleLauncher.doBuildStages(Lorg/gradle/initialization/DefaultGradleLauncher$Stage;)V+184
j  org.gradle.initialization.DefaultGradleLauncher.doBuild(Lorg/gradle/initialization/DefaultGradleLauncher$Stage;)Lorg/gradle/BuildResult;+27
j  org.gradle.initialization.DefaultGradleLauncher.run()Lorg/gradle/BuildResult;+4
j  org.gradle.launcher.exec.InProcessBuildActionExecuter$DefaultBuildController.run()Lorg/gradle/api/internal/GradleInternal;+5
j  org.gradle.tooling.internal.provider.runner.BuildModelActionRunner.run(Lorg/gradle/internal/invocation/BuildAction;Lorg/gradle/internal/invocation/BuildController;)V+72
j  org.gradle.launcher.exec.ChainingBuildActionRunner.run(Lorg/gradle/internal/invocation/BuildAction;Lorg/gradle/internal/invocation/BuildController;)V+34
j  org.gradle.launcher.exec.InProcessBuildActionExecuter.execute(Lorg/gradle/internal/invocation/BuildAction;Lorg/gradle/initialization/BuildRequestContext;Lorg/gradle/launcher/exec/BuildActionParameters;)Ljava/lang/Object;+39
j  org.gradle.launcher.exec.InProcessBuildActionExecuter.execute(Lorg/gradle/internal/invocation/BuildAction;Lorg/gradle/initialization/BuildRequestContext;Ljava/lang/Object;)Ljava/lang/Object;+7
j  org.gradle.launcher.daemon.server.exec.ExecuteBuild.doBuild(Lorg/gradle/launcher/daemon/server/api/DaemonCommandExecution;Lorg/gradle/launcher/daemon/protocol/Build;)V+70
j  org.gradle.launcher.daemon.server.exec.BuildCommandOnly.execute(Lorg/gradle/launcher/daemon/server/api/DaemonCommandExecution;)V+49
j  org.gradle.launcher.daemon.server.api.DaemonCommandExecution.proceed()Z+28
j  org.gradle.launcher.daemon.server.exec.WatchForDisconnection.execute(Lorg/gradle/launcher/daemon/server/api/DaemonCommandExecution;)V+19
j  org.gradle.launcher.daemon.server.api.DaemonCommandExecution.proceed()Z+28
j  org.gradle.launcher.daemon.server.exec.ResetDeprecationLogger.execute(Lorg/gradle/launcher/daemon/server/api/DaemonCommandExecution;)V+4
j  org.gradle.launcher.daemon.server.api.DaemonCommandExecution.proceed()Z+28
j  org.gradle.launcher.daemon.server.exec.RequestStopIfSingleUsedDaemon.execute(Lorg/gradle/launcher/daemon/server/api/DaemonCommandExecution;)V+31
j  org.gradle.launcher.daemon.server.api.DaemonCommandExecution.proceed()Z+28
j  org.gradle.launcher.daemon.server.exec.ForwardClientInput$2.call()Ljava/lang/Void;+4
j  org.gradle.launcher.daemon.server.exec.ForwardClientInput$2.call()Ljava/lang/Object;+1
j  org.gradle.util.Swapper.swap(Ljava/lang/Object;Ljava/util/concurrent/Callable;)Ljava/lang/Object;+21
j  org.gradle.launcher.daemon.server.exec.ForwardClientInput.execute(Lorg/gradle/launcher/daemon/server/api/DaemonCommandExecution;)V+63
j  org.gradle.launcher.daemon.server.api.DaemonCommandExecution.proceed()Z+28
j  org.gradle.launcher.daemon.server.health.DaemonHealthTracker.execute(Lorg/gradle/launcher/daemon/server/api/DaemonCommandExecution;)V+35
j  org.gradle.launcher.daemon.server.api.DaemonCommandExecution.proceed()Z+28
j  org.gradle.launcher.daemon.server.exec.LogToClient.doBuild(Lorg/gradle/launcher/daemon/server/api/DaemonCommandExecution;Lorg/gradle/launcher/daemon/protocol/Build;)V+106
j  org.gradle.launcher.daemon.server.exec.BuildCommandOnly.execute(Lorg/gradle/launcher/daemon/server/api/DaemonCommandExecution;)V+49
j  org.gradle.launcher.daemon.server.api.DaemonCommandExecution.proceed()Z+28
j  org.gradle.launcher.daemon.server.exec.EstablishBuildEnvironment.doBuild(Lorg/gradle/launcher/daemon/server/api/DaemonCommandExecution;Lorg/gradle/launcher/daemon/protocol/Build;)V+243
j  org.gradle.launcher.daemon.server.exec.BuildCommandOnly.execute(Lorg/gradle/launcher/daemon/server/api/DaemonCommandExecution;)V+49
j  org.gradle.launcher.daemon.server.api.DaemonCommandExecution.proceed()Z+28
j  org.gradle.launcher.daemon.server.health.HintGCAfterBuild.execute(Lorg/gradle/launcher/daemon/server/api/DaemonCommandExecution;)V+1
j  org.gradle.launcher.daemon.server.api.DaemonCommandExecution.proceed()Z+28
j  org.gradle.launcher.daemon.server.exec.StartBuildOrRespondWithBusy$1.run()V+44
j  org.gradle.launcher.daemon.server.DaemonStateCoordinator$1.run()V+4
j  org.gradle.internal.concurrent.ExecutorPolicy$CatchAndRecordFailures.onExecute(Ljava/lang/Runnable;)V+1
j  org.gradle.internal.concurrent.StoppableExecutorImpl$1.run()V+25
j  java.util.concurrent.ThreadPoolExecutor.runWorker(Ljava/util/concurrent/ThreadPoolExecutor$Worker;)V+95
j  java.util.concurrent.ThreadPoolExecutor$Worker.run()V+5
j  java.lang.Thread.run()V+11
v  ~StubRoutines::call_stub
V  [jvm.dll+0x1cf7f3]


---------------  P R O C E S S  ---------------

Java Threads: ( => current thread )
  0x000000000d9ec000 JavaThread "Stdin handler" [_thread_blocked, id=13620, stack(0x000000000d0a0000,0x000000000d1a0000)]
=>0x000000000e8a5800 JavaThread "Daemon worker Thread 2" [_thread_in_Java, id=11324, stack(0x000000000cf20000,0x000000000d020000)]
  0x000000000b226800 JavaThread "Cancel handler" [_thread_blocked, id=15532, stack(0x000000000cc60000,0x000000000cd60000)]
  0x000000000b05b800 JavaThread "Handler for socket connection from /127.0.0.1:53453 to /127.0.0.1:54400" [_thread_in_native, id=16268, stack(0x000000000ca40000,0x000000000cb40000)]
  0x000000000e099800 JavaThread "Daemon Thread 2" [_thread_blocked, id=14376, stack(0x000000000c740000,0x000000000c840000)]
  0x000000000b983800 JavaThread "File lock request listener" [_thread_in_native, id=16072, stack(0x000000000d220000,0x000000000d320000)]
  0x000000000b12c000 JavaThread "Incoming local TCP Connector on port 53453" [_thread_in_native, id=4708, stack(0x000000000c880000,0x000000000c980000)]
  0x00000000089de800 JavaThread "Service Thread" daemon [_thread_blocked, id=16128, stack(0x000000000a2b0000,0x000000000a3b0000)]
  0x00000000089dd000 JavaThread "C2 CompilerThread1" daemon [_thread_blocked, id=11744, stack(0x000000000a400000,0x000000000a500000)]
  0x00000000089cf000 JavaThread "C2 CompilerThread0" daemon [_thread_blocked, id=11976, stack(0x000000000a1a0000,0x000000000a2a0000)]
  0x00000000089cc000 JavaThread "Attach Listener" daemon [_thread_blocked, id=14584, stack(0x00000000099e0000,0x0000000009ae0000)]
  0x00000000089c7000 JavaThread "Signal Dispatcher" daemon [_thread_blocked, id=8036, stack(0x0000000009fa0000,0x000000000a0a0000)]
  0x0000000008975800 JavaThread "Finalizer" daemon [_thread_blocked, id=15936, stack(0x0000000009e50000,0x0000000009f50000)]
  0x000000000896e800 JavaThread "Reference Handler" daemon [_thread_blocked, id=14700, stack(0x0000000009d30000,0x0000000009e30000)]
  0x00000000021fe000 JavaThread "main" [_thread_blocked, id=15784, stack(0x00000000024e0000,0x00000000025e0000)]

Other Threads:
  0x000000000896b000 VMThread [stack: 0x0000000009af0000,0x0000000009bf0000] [id=9372]
  0x00000000089e8800 WatcherThread [stack: 0x000000000a5a0000,0x000000000a6a0000] [id=14908]

VM state:not at safepoint (normal execution)

VM Mutex/Monitor currently owned by a thread: None

Heap
 PSYoungGen      total 322560K, used 274086K [0x00000000eaa80000, 0x0000000100000000, 0x0000000100000000)
  eden space 296448K, 92% used [0x00000000eaa80000,0x00000000fb629980,0x00000000fcc00000)
  from space 26112K, 0% used [0x00000000fe680000,0x00000000fe680000,0x0000000100000000)
  to   space 26624K, 0% used [0x00000000fcc00000,0x00000000fcc00000,0x00000000fe600000)
 ParOldGen       total 87040K, used 51180K [0x00000000c0000000, 0x00000000c5500000, 0x00000000eaa80000)
  object space 87040K, 58% used [0x00000000c0000000,0x00000000c31fb158,0x00000000c5500000)
 PSPermGen       total 86016K, used 45393K [0x00000000b0000000, 0x00000000b5400000, 0x00000000c0000000)
  object space 86016K, 52% used [0x00000000b0000000,0x00000000b2c54700,0x00000000b5400000)

Card table byte_map: [0x00000000055e0000,0x0000000005870000] byte_map_base: 0x0000000005060000

Polling page: 0x0000000000440000

Code Cache  [0x00000000025e0000, 0x0000000002ab0000, 0x00000000055e0000)
 total_blobs=1689 nmethods=1069 adapters=572 free_code_cache=44340Kb largest_free_block=45334592

Compilation events (10 events):
Event: 268.570 Thread 0x00000000089dd000 nmethod 1133 0x0000000002a10c90 code [0x0000000002a10de0, 0x0000000002a10f38]
Event: 268.578 Thread 0x00000000089cf000 1134             java.util.zip.CRC32::update (51 bytes)
Event: 268.579 Thread 0x00000000089cf000 nmethod 1134 0x0000000002a10990 code [0x0000000002a10ae0, 0x0000000002a10ba8]
Event: 268.580 Thread 0x00000000089dd000 1136             org.gradle.cache.internal.btree.FileBackedBlockStore$Crc32InputStream::read (31 bytes)
Event: 268.582 Thread 0x00000000089dd000 nmethod 1136 0x000000000287a510 code [0x000000000287a680, 0x000000000287a7d8]
Event: 268.582 Thread 0x00000000089cf000 1137             java.io.DataInputStream::readLong (128 bytes)
Event: 268.584 Thread 0x00000000089cf000 nmethod 1137 0x000000000287a110 code [0x000000000287a260, 0x000000000287a3d8]
Event: 268.609 Thread 0x00000000089dd000 1138             java.util.ArrayList$SubList$1::hasNext (20 bytes)
Event: 268.610 Thread 0x00000000089dd000 nmethod 1138 0x0000000002879ed0 code [0x000000000287a000, 0x000000000287a078]
Event: 268.614 Thread 0x00000000089cf000 1139             java.util.regex.Pattern::closure (477 bytes)

GC Heap History (10 events):
Event: 5.844 GC heap before
{Heap before GC invocations=7 (full 0):
 PSYoungGen      total 145408K, used 140900K [0x00000000eaa80000, 0x00000000f4280000, 0x0000000100000000)
  eden space 135168K, 100% used [0x00000000eaa80000,0x00000000f2e80000,0x00000000f2e80000)
  from space 10240K, 55% used [0x00000000f3880000,0x00000000f3e190e0,0x00000000f4280000)
  to   space 10240K, 0% used [0x00000000f2e80000,0x00000000f2e80000,0x00000000f3880000)
 ParOldGen       total 87040K, used 9089K [0x00000000c0000000, 0x00000000c5500000, 0x00000000eaa80000)
  object space 87040K, 10% used [0x00000000c0000000,0x00000000c08e0660,0x00000000c5500000)
 PSPermGen       total 21504K, used 21396K [0x00000000b0000000, 0x00000000b1500000, 0x00000000c0000000)
  object space 21504K, 99% used [0x00000000b0000000,0x00000000b14e5178,0x00000000b1500000)
Event: 5.858 GC heap after
Heap after GC invocations=7 (full 0):
 PSYoungGen      total 145408K, used 3252K [0x00000000eaa80000, 0x00000000fc680000, 0x0000000100000000)
  eden space 135168K, 0% used [0x00000000eaa80000,0x00000000eaa80000,0x00000000f2e80000)
  from space 10240K, 31% used [0x00000000f2e80000,0x00000000f31ad0e0,0x00000000f3880000)
  to   space 10240K, 0% used [0x00000000fbc80000,0x00000000fbc80000,0x00000000fc680000)
 ParOldGen       total 87040K, used 12109K [0x00000000c0000000, 0x00000000c5500000, 0x00000000eaa80000)
  object space 87040K, 13% used [0x00000000c0000000,0x00000000c0bd3428,0x00000000c5500000)
 PSPermGen       total 21504K, used 21396K [0x00000000b0000000, 0x00000000b1500000, 0x00000000c0000000)
  object space 21504K, 99% used [0x00000000b0000000,0x00000000b14e5178,0x00000000b1500000)
}
Event: 7.710 GC heap before
{Heap before GC invocations=8 (full 0):
 PSYoungGen      total 145408K, used 138420K [0x00000000eaa80000, 0x00000000fc680000, 0x0000000100000000)
  eden space 135168K, 100% used [0x00000000eaa80000,0x00000000f2e80000,0x00000000f2e80000)
  from space 10240K, 31% used [0x00000000f2e80000,0x00000000f31ad0e0,0x00000000f3880000)
  to   space 10240K, 0% used [0x00000000fbc80000,0x00000000fbc80000,0x00000000fc680000)
 ParOldGen       total 87040K, used 12109K [0x00000000c0000000, 0x00000000c5500000, 0x00000000eaa80000)
  object space 87040K, 13% used [0x00000000c0000000,0x00000000c0bd3428,0x00000000c5500000)
 PSPermGen       total 28672K, used 28386K [0x00000000b0000000, 0x00000000b1c00000, 0x00000000c0000000)
  object space 28672K, 99% used [0x00000000b0000000,0x00000000b1bb89c0,0x00000000b1c00000)
Event: 7.741 GC heap after
Heap after GC invocations=8 (full 0):
 PSYoungGen      total 277504K, used 10237K [0x00000000eaa80000, 0x00000000fcc80000, 0x0000000100000000)
  eden space 267264K, 0% used [0x00000000eaa80000,0x00000000eaa80000,0x00000000faf80000)
  from space 10240K, 99% used [0x00000000fbc80000,0x00000000fc67f6f0,0x00000000fc680000)
  to   space 13312K, 0% used [0x00000000faf80000,0x00000000faf80000,0x00000000fbc80000)
 ParOldGen       total 87040K, used 16058K [0x00000000c0000000, 0x00000000c5500000, 0x00000000eaa80000)
  object space 87040K, 18% used [0x00000000c0000000,0x00000000c0fae8d0,0x00000000c5500000)
 PSPermGen       total 28672K, used 28386K [0x00000000b0000000, 0x00000000b1c00000, 0x00000000c0000000)
  object space 28672K, 99% used [0x00000000b0000000,0x00000000b1bb89c0,0x00000000b1c00000)
}
Event: 13.273 GC heap before
{Heap before GC invocations=9 (full 0):
 PSYoungGen      total 277504K, used 277501K [0x00000000eaa80000, 0x00000000fcc80000, 0x0000000100000000)
  eden space 267264K, 100% used [0x00000000eaa80000,0x00000000faf80000,0x00000000faf80000)
  from space 10240K, 99% used [0x00000000fbc80000,0x00000000fc67f6f0,0x00000000fc680000)
  to   space 13312K, 0% used [0x00000000faf80000,0x00000000faf80000,0x00000000fbc80000)
 ParOldGen       total 87040K, used 16058K [0x00000000c0000000, 0x00000000c5500000, 0x00000000eaa80000)
  object space 87040K, 18% used [0x00000000c0000000,0x00000000c0fae8d0,0x00000000c5500000)
 PSPermGen       total 40960K, used 40836K [0x00000000b0000000, 0x00000000b2800000, 0x00000000c0000000)
  object space 40960K, 99% used [0x00000000b0000000,0x00000000b27e1140,0x00000000b2800000)
Event: 14.002 GC heap after
Heap after GC invocations=9 (full 0):
 PSYoungGen      total 280576K, used 13280K [0x00000000eaa80000, 0x0000000100000000, 0x0000000100000000)
  eden space 267264K, 0% used [0x00000000eaa80000,0x00000000eaa80000,0x00000000faf80000)
  from space 13312K, 99% used [0x00000000faf80000,0x00000000fbc78010,0x00000000fbc80000)
  to   space 26112K, 0% used [0x00000000fe680000,0x00000000fe680000,0x0000000100000000)
 ParOldGen       total 87040K, used 43150K [0x00000000c0000000, 0x00000000c5500000, 0x00000000eaa80000)
  object space 87040K, 49% used [0x00000000c0000000,0x00000000c2a23930,0x00000000c5500000)
 PSPermGen       total 40960K, used 40836K [0x00000000b0000000, 0x00000000b2800000, 0x00000000c0000000)
  object space 40960K, 99% used [0x00000000b0000000,0x00000000b27e1140,0x00000000b2800000)
}
Event: 15.129 GC heap before
{Heap before GC invocations=10 (full 0):
 PSYoungGen      total 280576K, used 74734K [0x00000000eaa80000, 0x0000000100000000, 0x0000000100000000)
  eden space 267264K, 22% used [0x00000000eaa80000,0x00000000ee6838c0,0x00000000faf80000)
  from space 13312K, 99% used [0x00000000faf80000,0x00000000fbc78010,0x00000000fbc80000)
  to   space 26112K, 0% used [0x00000000fe680000,0x00000000fe680000,0x0000000100000000)
 ParOldGen       total 87040K, used 43150K [0x00000000c0000000, 0x00000000c5500000, 0x00000000eaa80000)
  object space 87040K, 49% used [0x00000000c0000000,0x00000000c2a23930,0x00000000c5500000)
 PSPermGen       total 43008K, used 42946K [0x00000000b0000000, 0x00000000b2a00000, 0x00000000c0000000)
  object space 43008K, 99% used [0x00000000b0000000,0x00000000b29f0a58,0x00000000b2a00000)
Event: 15.206 GC heap after
Heap after GC invocations=10 (full 0):
 PSYoungGen      total 322560K, used 16646K [0x00000000eaa80000, 0x0000000100000000, 0x0000000100000000)
  eden space 296448K, 0% used [0x00000000eaa80000,0x00000000eaa80000,0x00000000fcc00000)
  from space 26112K, 63% used [0x00000000fe680000,0x00000000ff6c1b50,0x0000000100000000)
  to   space 26624K, 0% used [0x00000000fcc00000,0x00000000fcc00000,0x00000000fe600000)
 ParOldGen       total 87040K, used 45602K [0x00000000c0000000, 0x00000000c5500000, 0x00000000eaa80000)
  object space 87040K, 52% used [0x00000000c0000000,0x00000000c2c88960,0x00000000c5500000)
 PSPermGen       total 43008K, used 42946K [0x00000000b0000000, 0x00000000b2a00000, 0x00000000c0000000)
  object space 43008K, 99% used [0x00000000b0000000,0x00000000b29f0a58,0x00000000b2a00000)
}
Event: 15.206 GC heap before
{Heap before GC invocations=11 (full 1):
 PSYoungGen      total 322560K, used 16646K [0x00000000eaa80000, 0x0000000100000000, 0x0000000100000000)
  eden space 296448K, 0% used [0x00000000eaa80000,0x00000000eaa80000,0x00000000fcc00000)
  from space 26112K, 63% used [0x00000000fe680000,0x00000000ff6c1b50,0x0000000100000000)
  to   space 26624K, 0% used [0x00000000fcc00000,0x00000000fcc00000,0x00000000fe600000)
 ParOldGen       total 87040K, used 45602K [0x00000000c0000000, 0x00000000c5500000, 0x00000000eaa80000)
  object space 87040K, 52% used [0x00000000c0000000,0x00000000c2c88960,0x00000000c5500000)
 PSPermGen       total 43008K, used 42946K [0x00000000b0000000, 0x00000000b2a00000, 0x00000000c0000000)
  object space 43008K, 99% used [0x00000000b0000000,0x00000000b29f0a58,0x00000000b2a00000)
Event: 15.815 GC heap after
Heap after GC invocations=11 (full 1):
 PSYoungGen      total 322560K, used 0K [0x00000000eaa80000, 0x0000000100000000, 0x0000000100000000)
  eden space 296448K, 0% used [0x00000000eaa80000,0x00000000eaa80000,0x00000000fcc00000)
  from space 26112K, 0% used [0x00000000fe680000,0x00000000fe680000,0x0000000100000000)
  to   space 26624K, 0% used [0x00000000fcc00000,0x00000000fcc00000,0x00000000fe600000)
 ParOldGen       total 87040K, used 51180K [0x00000000c0000000, 0x00000000c5500000, 0x00000000eaa80000)
  object space 87040K, 58% used [0x00000000c0000000,0x00000000c31fb158,0x00000000c5500000)
 PSPermGen       total 86016K, used 42886K [0x00000000b0000000, 0x00000000b5400000, 0x00000000c0000000)
  object space 86016K, 49% used [0x00000000b0000000,0x00000000b29e1b70,0x00000000b5400000)
}

Deoptimization events (10 events):
Event: 24.787 Thread 0x000000000b226800 Uncommon trap: reason=bimorphic action=maybe_recompile pc=0x0000000002a33aa8 method=java.util.Collections$UnmodifiableCollection$1.next()Ljava/lang/Object; @ 4
Event: 266.833 Thread 0x000000000b12c000 Uncommon trap: reason=bimorphic action=maybe_recompile pc=0x00000000026687c8 method=java.util.HashMap.<init>(IF)V @ 115
Event: 266.864 Thread 0x000000000e8a5800 Uncommon trap: reason=range_check action=make_not_entrant pc=0x0000000002a686ec method=java.lang.String.charAt(I)C @ 27
Event: 266.893 Thread 0x000000000e8a5800 Uncommon trap: reason=array_check action=maybe_recompile pc=0x00000000028a7680 method=java.util.TimSort.binarySort([Ljava/lang/Object;IIILjava/util/Comparator;)V @ 183
Event: 266.893 Thread 0x000000000e8a5800 Uncommon trap: reason=array_check action=maybe_recompile pc=0x00000000028a7680 method=java.util.TimSort.binarySort([Ljava/lang/Object;IIILjava/util/Comparator;)V @ 183
Event: 267.857 Thread 0x000000000e8a5800 Uncommon trap: reason=unreached action=reinterpret pc=0x0000000002a57fa8 method=org.gradle.api.internal.project.taskfactory.AnnotationProcessingTaskFactory$Validator.attachActions(Lorg/gradle/api/internal/project/taskfactory/AnnotationProcessingTaskFactory=üSåK¿p@
Event: 267.956 Thread 0x000000000e8a5800 Uncommon trap: reason=class_check action=maybe_recompile pc=0x0000000002a8d280 method=java.util.HashMap.putForCreate(Ljava/lang/Object;Ljava/lang/Object;)V @ 97
Event: 267.956 Thread 0x000000000e8a5800 Uncommon trap: reason=class_check action=maybe_recompile pc=0x0000000002a8d280 method=java.util.HashMap.putForCreate(Ljava/lang/Object;Ljava/lang/Object;)V @ 97
Event: 268.077 Thread 0x000000000e8a5800 Uncommon trap: reason=class_check action=maybe_recompile pc=0x0000000002857928 method=com.sun.org.apache.xerces.internal.impl.XMLDocumentFragmentScannerImpl.scanDocument(Z)Z @ 9
Event: 268.246 Thread 0x000000000e8a5800 Uncommon trap: reason=class_check action=maybe_recompile pc=0x0000000002857928 method=com.sun.org.apache.xerces.internal.impl.XMLDocumentFragmentScannerImpl.scanDocument(Z)Z @ 9

Internal exceptions (10 events):
Event: 268.628 Thread 0x000000000e8a5800 Threw 0x00000000fb2b8960 at C:\re\jdk7u79\2331\hotspot\src\share\vm\prims\jvm.cpp:1304
Event: 268.628 Thread 0x000000000e8a5800 Threw 0x00000000fb2c43b0 at C:\re\jdk7u79\2331\hotspot\src\share\vm\prims\jvm.cpp:1304
Event: 268.629 Thread 0x000000000e8a5800 Threw 0x00000000fb2c4f40 at C:\re\jdk7u79\2331\hotspot\src\share\vm\prims\jvm.cpp:1304
Event: 268.629 Thread 0x000000000e8a5800 Threw 0x00000000fb2caff8 at C:\re\jdk7u79\2331\hotspot\src\share\vm\prims\jvm.cpp:1304
Event: 268.630 Thread 0x000000000e8a5800 Threw 0x00000000fb2deaa0 at C:\re\jdk7u79\2331\hotspot\src\share\vm\prims\jvm.cpp:1304
Event: 268.631 Thread 0x000000000e8a5800 Threw 0x00000000fb2df728 at C:\re\jdk7u79\2331\hotspot\src\share\vm\prims\jvm.cpp:1304
Event: 268.631 Thread 0x000000000e8a5800 Threw 0x00000000fb2e3bc0 at C:\re\jdk7u79\2331\hotspot\src\share\vm\prims\jvm.cpp:1304
Event: 268.631 Thread 0x000000000e8a5800 Threw 0x00000000fb2e4820 at C:\re\jdk7u79\2331\hotspot\src\share\vm\prims\jvm.cpp:1304
Event: 268.631 Thread 0x000000000e8a5800 Threw 0x00000000fb2e8548 at C:\re\jdk7u79\2331\hotspot\src\share\vm\prims\jvm.cpp:1304
Event: 268.631 Thread 0x000000000e8a5800 Threw 0x00000000fb2e91a8 at C:\re\jdk7u79\2331\hotspot\src\share\vm\prims\jvm.cpp:1304

Events (10 events):
Event: 268.627 loading class 0x000000000bff07c0
Event: 268.627 loading class 0x000000000bff07c0 done
Event: 268.628 loading class 0x000000000a77cde0
Event: 268.628 loading class 0x000000000a77cde0 done
Event: 268.630 loading class 0x000000000b1cc7a0
Event: 268.630 loading class 0x000000000b1cc7a0 done
Event: 268.631 loading class 0x000000000a77d920
Event: 268.631 loading class 0x000000000a77d920 done
Event: 268.631 loading class 0x000000000c3d2740
Event: 268.631 loading class 0x000000000c3d2740 done


Dynamic libraries:
0x000000013f1f0000 - 0x000000013f223000 	C:\Program Files\Java\jdk1.7.0_79\bin\java.exe
0x0000000076cd0000 - 0x0000000076e79000 	C:\Windows\SYSTEM32\ntdll.dll
0x0000000076ab0000 - 0x0000000076bcf000 	C:\Windows\system32\kernel32.dll
0x000007fefcba0000 - 0x000007fefcc0c000 	C:\Windows\system32\KERNELBASE.dll
0x000007fefef00000 - 0x000007fefefdb000 	C:\Windows\system32\ADVAPI32.dll
0x000007fefe420000 - 0x000007fefe4bf000 	C:\Windows\system32\msvcrt.dll
0x000007fefdcb0000 - 0x000007fefdccf000 	C:\Windows\SYSTEM32\sechost.dll
0x000007fefe590000 - 0x000007fefe6bd000 	C:\Windows\system32\RPCRT4.dll
0x0000000076bd0000 - 0x0000000076cca000 	C:\Windows\system32\USER32.dll
0x000007fefe3b0000 - 0x000007fefe417000 	C:\Windows\system32\GDI32.dll
0x000007fefdd70000 - 0x000007fefdd7e000 	C:\Windows\system32\LPK.dll
0x000007fefe6c0000 - 0x000007fefe789000 	C:\Windows\system32\USP10.dll
0x000007fefb5e0000 - 0x000007fefb7d4000 	C:\Windows\WinSxS\amd64_microsoft.windows.common-controls_6595b64144ccf1df_6.0.7601.18837_none_fa3b1e3d17594757\COMCTL32.dll
0x000007fefea60000 - 0x000007fefead1000 	C:\Windows\system32\SHLWAPI.dll
0x000007fefe4c0000 - 0x000007fefe4ee000 	C:\Windows\system32\IMM32.DLL
0x000007fefeae0000 - 0x000007fefebe9000 	C:\Windows\system32\MSCTF.dll
0x00000000690b0000 - 0x0000000069182000 	C:\Program Files\Java\jdk1.7.0_79\jre\bin\msvcr100.dll
0x00000000574b0000 - 0x0000000057c85000 	C:\Program Files\Java\jdk1.7.0_79\jre\bin\server\jvm.dll
0x000007fef8640000 - 0x000007fef8649000 	C:\Windows\system32\WSOCK32.dll
0x000007fefeeb0000 - 0x000007fefeefd000 	C:\Windows\system32\WS2_32.dll
0x000007fefde00000 - 0x000007fefde08000 	C:\Windows\system32\NSI.dll
0x000007fefa5d0000 - 0x000007fefa60b000 	C:\Windows\system32\WINMM.dll
0x0000000076ea0000 - 0x0000000076ea7000 	C:\Windows\system32\PSAPI.DLL
0x0000000073300000 - 0x000000007330f000 	C:\Program Files\Java\jdk1.7.0_79\jre\bin\verify.dll
0x000000006b750000 - 0x000000006b778000 	C:\Program Files\Java\jdk1.7.0_79\jre\bin\java.dll
0x000000006b730000 - 0x000000006b745000 	C:\Program Files\Java\jdk1.7.0_79\jre\bin\zip.dll
0x000000006b6f0000 - 0x000000006b70a000 	C:\Program Files\Java\jdk1.7.0_79\jre\bin\net.dll
0x000007fefc240000 - 0x000007fefc295000 	C:\Windows\system32\mswsock.dll
0x000007fefc2b0000 - 0x000007fefc2b7000 	C:\Windows\System32\wship6.dll
0x000000006b710000 - 0x000000006b721000 	C:\Program Files\Java\jdk1.7.0_79\jre\bin\nio.dll
0x000007fef6470000 - 0x000007fef6482000 	C:\Users\ArmorSurge\.gradle\native\19\windows-amd64\native-platform.dll
0x000007fefa370000 - 0x000007fefa397000 	C:\Windows\system32\IPHLPAPI.DLL
0x000007fefa360000 - 0x000007fefa36b000 	C:\Windows\system32\WINNSI.DLL
0x000007fefa060000 - 0x000007fefa078000 	C:\Windows\system32\dhcpcsvc.DLL
0x000007fefa040000 - 0x000007fefa051000 	C:\Windows\system32\dhcpcsvc6.DLL
0x000007fefc4b0000 - 0x000007fefc4c8000 	C:\Windows\system32\CRYPTSP.dll
0x000007fefbf80000 - 0x000007fefbfc7000 	C:\Windows\system32\rsaenh.dll
0x000007fefcd90000 - 0x000007fefcdae000 	C:\Windows\system32\USERENV.dll
0x000007fefca80000 - 0x000007fefca8f000 	C:\Windows\system32\profapi.dll
0x000007fefc920000 - 0x000007fefc92f000 	C:\Windows\system32\CRYPTBASE.dll
0x000007fefc8c0000 - 0x000007fefc917000 	C:\Windows\system32\apphelp.dll
0x000000006b7a0000 - 0x000000006b7ab000 	C:\Program Files\Java\jdk1.7.0_79\jre\bin\management.dll
0x000007fef7cd0000 - 0x000007fef7df5000 	C:\Windows\system32\dbghelp.dll

VM Arguments:
jvm_args: -XX:MaxPermSize=256m -XX:+HeapDumpOnOutOfMemoryError -Xmx1024m -Dfile.encoding=windows-1252 -Duser.country=US -Duser.language=en -Duser.variant 
java_command: org.gradle.launcher.daemon.bootstrap.GradleDaemon 2.4 C:\Users\ArmorSurge\.gradle C:\Users\ArmorSurge\.gradle\daemon 10800000 8c1ac3cd-4d17-474c-b5f5-354b78d67cb8 -XX:MaxPermSize=256m -XX:+HeapDumpOnOutOfMemoryError -Xmx1024m -Dfile.encoding=windows-1252 -Duser.country=US -Duser.language=en -Duser.variant
Launcher Type: SUN_STANDARD

Environment Variables:
PATH=C:\ProgramData\Oracle\Java\javapath;C:\Program Files\Common Files\Microsoft Shared\Windows Live;C:\Program Files (x86)\Common Files\Microsoft Shared\Windows Live;C:\Program Files (x86)\NVIDIA Corporation\PhysX\Common;C:\Windows\system32;C:\Windows;C:\Windows\System32\Wbem;C:\Windows\System32\WindowsPowerShell\v1.0\;C:\Program Files (x86)\ATI Technologies\ATI.ACE\Core-Static;C:\Program Files (x86)\Windows Live\Shared;C:\Program Files (x86)\Skype\Phone\
USERNAME=ArmorSurge
OS=Windows_NT
PROCESSOR_IDENTIFIER=AMD64 Family 21 Model 1 Stepping 2, AuthenticAMD



---------------  S Y S T E M  ---------------

OS: Windows 7 , 64 bit Build 7601 Service Pack 1

CPU:total 4 (4 cores per cpu, 1 threads per core) family 21 model 1 stepping 2, cmov, cx8, fxsr, mmx, sse, sse2, sse3, ssse3, sse4.1, sse4.2, popcnt, avx, aes, mmxext, 3dnowpref, lzcnt, sse4a, tsc, tscinvbit, tscinv

Memory: 4k page, physical 8370652k(4060476k free), swap 16739468k(10267484k free)

vm_info: Java HotSpot(TM) 64-Bit Server VM (24.79-b02) for windows-amd64 JRE (1.7.0_79-b15), built on Apr 10 2015 12:36:16 by "java_re" with unknown MS VC++:1600

time: Wed Jul 15 19:46:00 2015
elapsed time: 268 seconds

