#
# A fatal error has been detected by the Java Runtime Environment:
#
#  EXCEPTION_ACCESS_VIOLATION (0xc0000005) at pc=0x00000000029361f7, pid=11416, tid=11708
#
# JRE version: Java(TM) SE Runtime Environment (7.0_79-b15) (build 1.7.0_79-b15)
# Java VM: Java HotSpot(TM) 64-Bit Server VM (24.79-b02 mixed mode windows-amd64 compressed oops)
# Problematic frame:
# J 1446% C2 com.sun.tools.javac.util.Position$LineMapImpl.build([CI)V (128 bytes) @ 0x00000000029361f7 [0x0000000002936100+0xf7]
#
# Failed to write core dump. Minidumps are not enabled by default on client versions of Windows
#
# If you would like to submit a bug report, please visit:
#   http://bugreport.java.com/bugreport/crash.jsp
#

---------------  T H R E A D  ---------------

Current thread (0x000000000de93000):  JavaThread "Daemon worker Thread 3" [_thread_in_Java, id=11708, stack(0x000000000f4b0000,0x000000000f5b0000)]

siginfo: ExceptionCode=0xc0000005, writing address 0x0000000000000001

Registers:
RAX=0x0000000000000001, RBX=0x00000000000002e9, RCX=0x0000000000000048, RDX=0x000000000000000a
RSP=0x000000000f5ac450, RBP=0x00000000000002e9, RSI=0x00000000f1a5f2e0, RDI=0x00000000f1a5f270
R8 =0x00000000f192e370, R9 =0x0000000000000012, R10=0x0000000000000013, R11=0x00000000f1a5f2f8
R12=0x0000000000000000, R13=0x00000000000173e3, R14=0x0000000000000012, R15=0x000000000de93000
RIP=0x00000000029361f7, EFLAGS=0x0000000000010293

Top of Stack: (sp=0x000000000f5ac450)
0x000000000f5ac450:   00000000000002da 0000000000000000
0x000000000f5ac460:   000000000249a030 000000000f5ac468
0x000000000f5ac470:   00000000f1a5f2f8 000000000f5ac4e8
0x000000000f5ac480:   00000000f1a5f2e0 00000000000173e3
0x000000000f5ac490:   00000000b321e568 0000000000000000
0x000000000f5ac4a0:   000000000f5ac4d8 000000000f5ac530
0x000000000f5ac4b0:   00000000024860f8 0000000000000070
0x000000000f5ac4c0:   000000000f5ac530 00000000024860f8
0x000000000f5ac4d0:   0000000000000012 00000000000173e3
0x000000000f5ac4e0:   00000000f192e370 00000000f1a5f2e0
0x000000000f5ac4f0:   000000000f5ac4f0 00000000b321d56a
0x000000000f5ac500:   000000000f5ac558 00000000b32200c0
0x000000000f5ac510:   0000000000000000 00000000b321d578
0x000000000f5ac520:   000000000f5ac4d8 000000000f5ac548
0x000000000f5ac530:   000000000f5ac5a0 00000000024862d3
0x000000000f5ac540:   00000000f1a5f2e0 0000000000000000 

Instructions: (pc=0x00000000029361f7)
0x00000000029361d7:   0a 0f 85 5b 01 00 00 83 c3 02 85 05 19 9e 8f fd
0x00000000029361e7:   41 3b dd 7d 6d 45 8b d6 41 ff c2 44 3b 74 24 38
0x00000000029361f7:   0f 93 18 02 00 00 41 89 5c 0b 10 45 8b f2 4d 63
0x0000000002936207:   ce 49 8b c9 48 c1 e1 02 eb 11 0f 1f 84 00 00 00 


Register to memory mapping:

RAX=0x0000000000000001 is an unknown value
RBX=0x00000000000002e9 is an unknown value
RCX=0x0000000000000048 is an unknown value
RDX=0x000000000000000a is an unknown value
RSP=0x000000000f5ac450 is pointing into the stack for thread: 0x000000000de93000
RBP=0x00000000000002e9 is an unknown value
RSI=0x00000000f1a5f2e0 is an oop
com.sun.tools.javac.util.Position$LineMapImpl 
 - klass: 'com/sun/tools/javac/util/Position$LineMapImpl'
RDI=0x00000000f1a5f270 is an oop
[C 
 - klass: {type array char}
 - length: 11
R8 =0x00000000f192e370 is an oop
[C 
 - klass: {type array char}
 - length: 95213
R9 =0x0000000000000012 is an unknown value
R10=0x0000000000000013 is an unknown value
R11=0x00000000f1a5f2f8 is an oop
[I 
 - klass: {type array int}
 - length: 95203
R12=0x0000000000000000 is an unknown value
R13=0x00000000000173e3 is an unknown value
R14=0x0000000000000012 is an unknown value
R15=0x000000000de93000 is a thread


Stack: [0x000000000f4b0000,0x000000000f5b0000],  sp=0x000000000f5ac450,  free space=1009k
Native frames: (J=compiled Java code, j=interpreted, Vv=VM code, C=native code)
J 1446% C2 com.sun.tools.javac.util.Position$LineMapImpl.build([CI)V (128 bytes) @ 0x00000000029361f7 [0x0000000002936100+0xf7]
j  com.sun.tools.javac.util.Position.makeLineMap([CIZ)Lcom/sun/tools/javac/util/Position$LineMap;+26
j  com.sun.tools.javac.parser.Scanner.getLineMap()Lcom/sun/tools/javac/util/Position$LineMap;+9
j  com.sun.tools.javac.parser.JavacParser.parseCompilationUnit()Lcom/sun/tools/javac/tree/JCTree$JCCompilationUnit;+381
j  com.sun.tools.javac.main.JavaCompiler.parse(Ljavax/tools/JavaFileObject;Ljava/lang/CharSequence;)Lcom/sun/tools/javac/tree/JCTree$JCCompilationUnit;+103
j  com.sun.tools.javac.main.JavaCompiler.parse(Ljavax/tools/JavaFileObject;)Lcom/sun/tools/javac/tree/JCTree$JCCompilationUnit;+16
j  com.sun.tools.javac.main.JavaCompiler.parseFiles(Ljava/lang/Iterable;)Lcom/sun/tools/javac/util/List;+80
j  com.sun.tools.javac.main.JavaCompiler.compile(Lcom/sun/tools/javac/util/List;Lcom/sun/tools/javac/util/List;Ljava/lang/Iterable;)V+139
j  com.sun.tools.javac.main.Main.compile([Ljava/lang/String;[Ljava/lang/String;Lcom/sun/tools/javac/util/Context;Lcom/sun/tools/javac/util/List;Ljava/lang/Iterable;)I+761
j  com.sun.tools.javac.api.JavacTaskImpl.call()Ljava/lang/Boolean;+59
j  org.gradle.api.internal.tasks.compile.JdkJavaCompiler.execute(Lorg/gradle/api/internal/tasks/compile/JavaCompileSpec;)Lorg/gradle/api/tasks/WorkResult;+17
j  org.gradle.api.internal.tasks.compile.JdkJavaCompiler.execute(Lorg/gradle/language/base/internal/compile/CompileSpec;)Lorg/gradle/api/tasks/WorkResult;+5
j  org.gradle.api.internal.tasks.compile.NormalizingJavaCompiler.delegateAndHandleErrors(Lorg/gradle/api/internal/tasks/compile/JavaCompileSpec;)Lorg/gradle/api/tasks/WorkResult;+5
j  org.gradle.api.internal.tasks.compile.NormalizingJavaCompiler.execute(Lorg/gradle/api/internal/tasks/compile/JavaCompileSpec;)Lorg/gradle/api/tasks/WorkResult;+27
j  org.gradle.api.internal.tasks.compile.NormalizingJavaCompiler.execute(Lorg/gradle/language/base/internal/compile/CompileSpec;)Lorg/gradle/api/tasks/WorkResult;+5
j  org.gradle.api.internal.tasks.compile.CleaningJavaCompilerSupport.execute(Lorg/gradle/api/internal/tasks/compile/JavaCompileSpec;)Lorg/gradle/api/tasks/WorkResult;+37
j  org.gradle.api.internal.tasks.compile.CleaningJavaCompilerSupport.execute(Lorg/gradle/language/base/internal/compile/CompileSpec;)Lorg/gradle/api/tasks/WorkResult;+5
j  org.gradle.api.tasks.compile.JavaCompile.performCompilation(Lorg/gradle/api/internal/tasks/compile/JavaCompileSpec;Lorg/gradle/language/base/internal/compile/Compiler;)V+2
j  org.gradle.api.tasks.compile.JavaCompile.compile()V+12
j  org.gradle.api.tasks.compile.JavaCompile.compile(Lorg/gradle/api/tasks/incremental/IncrementalTaskInputs;)V+11
v  ~StubRoutines::call_stub
V  [jvm.dll+0x1cf7f3]


---------------  P R O C E S S  ---------------

Java Threads: ( => current thread )
  0x000000000de93800 JavaThread "Stdin handler" [_thread_blocked, id=8036, stack(0x000000000f5d0000,0x000000000f6d0000)]
=>0x000000000de93000 JavaThread "Daemon worker Thread 3" [_thread_in_Java, id=11708, stack(0x000000000f4b0000,0x000000000f5b0000)]
  0x000000000de92000 JavaThread "Cancel handler" [_thread_blocked, id=8240, stack(0x000000000e2c0000,0x000000000e3c0000)]
  0x000000000de91800 JavaThread "Handler for socket connection from /127.0.0.1:50177 to /127.0.0.1:50348" [_thread_in_native, id=11020, stack(0x000000000bb40000,0x000000000bc40000)]
  0x000000000de90800 JavaThread "Daemon Thread 3" [_thread_blocked, id=12440, stack(0x0000000009bb0000,0x0000000009cb0000)]
  0x000000000bef0800 JavaThread "File lock request listener" [_thread_in_native, id=10512, stack(0x000000000d1f0000,0x000000000d2f0000)]
  0x000000000b4b1800 JavaThread "Incoming local TCP Connector on port 50177" [_thread_in_native, id=12944, stack(0x000000000a130000,0x000000000a230000)]
  0x0000000008c93000 JavaThread "Service Thread" daemon [_thread_blocked, id=10104, stack(0x000000000a8e0000,0x000000000a9e0000)]
  0x0000000008c91800 JavaThread "C2 CompilerThread1" daemon [_thread_blocked, id=12100, stack(0x000000000a710000,0x000000000a810000)]
  0x0000000008c8f000 JavaThread "C2 CompilerThread0" daemon [_thread_blocked, id=6408, stack(0x000000000a5e0000,0x000000000a6e0000)]
  0x0000000008c8c000 JavaThread "Attach Listener" daemon [_thread_blocked, id=11952, stack(0x000000000a3f0000,0x000000000a4f0000)]
  0x0000000008c87000 JavaThread "Signal Dispatcher" daemon [_thread_blocked, id=9244, stack(0x000000000a260000,0x000000000a360000)]
  0x0000000008c35800 JavaThread "Finalizer" daemon [_thread_blocked, id=12852, stack(0x000000000a030000,0x000000000a130000)]
  0x0000000008c2e800 JavaThread "Reference Handler" daemon [_thread_blocked, id=10016, stack(0x0000000009e90000,0x0000000009f90000)]
  0x000000000047e000 JavaThread "main" [_thread_blocked, id=11152, stack(0x0000000002380000,0x0000000002480000)]

Other Threads:
  0x0000000008c2b000 VMThread [stack: 0x0000000009cc0000,0x0000000009dc0000] [id=13176]
  0x0000000008ca8800 WatcherThread [stack: 0x000000000ab10000,0x000000000ac10000] [id=10196]

VM state:not at safepoint (normal execution)

VM Mutex/Monitor currently owned by a thread: None

Heap
 PSYoungGen      total 318464K, used 114961K [0x00000000eaa80000, 0x00000000fff80000, 0x0000000100000000)
  eden space 287744K, 39% used [0x00000000eaa80000,0x00000000f1ac4678,0x00000000fc380000)
  from space 30720K, 0% used [0x00000000fe180000,0x00000000fe180000,0x00000000fff80000)
  to   space 30720K, 0% used [0x00000000fc380000,0x00000000fc380000,0x00000000fe180000)
 ParOldGen       total 87040K, used 49689K [0x00000000c0000000, 0x00000000c5500000, 0x00000000eaa80000)
  object space 87040K, 57% used [0x00000000c0000000,0x00000000c3086420,0x00000000c5500000)
 PSPermGen       total 100864K, used 51380K [0x00000000b0000000, 0x00000000b6280000, 0x00000000c0000000)
  object space 100864K, 50% used [0x00000000b0000000,0x00000000b322d028,0x00000000b6280000)

Card table byte_map: [0x0000000005480000,0x0000000005710000] byte_map_base: 0x0000000004f00000

Polling page: 0x0000000000230000

Code Cache  [0x0000000002480000, 0x00000000029a0000, 0x0000000005480000)
 total_blobs=1995 nmethods=1356 adapters=591 free_code_cache=43982Kb largest_free_block=44960064

Compilation events (10 events):
Event: 465.666 Thread 0x0000000008c91800 1451             com.sun.tools.javac.util.UnsharedNameTable$NameImpl::getIndex (5 bytes)
Event: 465.666 Thread 0x0000000008c91800 nmethod 1451 0x00000000029355d0 code [0x0000000002935700, 0x0000000002935758]
Event: 465.673 Thread 0x0000000008c8f000 1452             com.sun.tools.javac.parser.Scanner::putChar (60 bytes)
Event: 465.674 Thread 0x0000000008c91800 1453             com.sun.tools.javac.parser.Scanner::digit (49 bytes)
Event: 465.676 Thread 0x0000000008c8f000 nmethod 1452 0x00000000029350d0 code [0x0000000002935220, 0x0000000002935478]
Event: 465.676 Thread 0x0000000008c91800 nmethod 1453 0x0000000002937e10 code [0x0000000002937f80, 0x0000000002938178]
Event: 465.677 Thread 0x0000000008c8f000 1454             com.sun.tools.javac.util.UnsharedNameTable$NameImpl::getByteLength (6 bytes)
Event: 465.677 Thread 0x0000000008c91800 1455             com.sun.tools.javac.util.UnsharedNameTable::fromUtf (244 bytes)
Event: 465.677 Thread 0x0000000008c8f000 nmethod 1454 0x0000000002934ed0 code [0x0000000002935000, 0x0000000002935058]
Event: 465.679 Thread 0x0000000008c8f000 1456             com.sun.tools.javac.util.UnsharedNameTable::fromChars (28 bytes)

GC Heap History (10 events):
Event: 13.525 GC heap before
{Heap before GC invocations=8 (full 0):
 PSYoungGen      total 282112K, used 143306K [0x00000000eaa80000, 0x0000000100000000, 0x0000000100000000)
  eden space 269312K, 48% used [0x00000000eaa80000,0x00000000f29f9090,0x00000000fb180000)
  from space 12800K, 99% used [0x00000000fb180000,0x00000000fbdf9b10,0x00000000fbe00000)
  to   space 29184K, 0% used [0x00000000fe380000,0x00000000fe380000,0x0000000100000000)
 ParOldGen       total 87040K, used 38285K [0x00000000c0000000, 0x00000000c5500000, 0x00000000eaa80000)
  object space 87040K, 43% used [0x00000000c0000000,0x00000000c2563790,0x00000000c5500000)
 PSPermGen       total 43520K, used 43246K [0x00000000b0000000, 0x00000000b2a80000, 0x00000000c0000000)
  object space 43520K, 99% used [0x00000000b0000000,0x00000000b2a3ba98,0x00000000b2a80000)
Event: 13.574 GC heap after
Heap after GC invocations=8 (full 0):
 PSYoungGen      total 313344K, used 24989K [0x00000000eaa80000, 0x0000000100000000, 0x0000000100000000)
  eden space 284160K, 0% used [0x00000000eaa80000,0x00000000eaa80000,0x00000000fc000000)
  from space 29184K, 85% used [0x00000000fe380000,0x00000000ffbe7440,0x0000000100000000)
  to   space 32768K, 0% used [0x00000000fc000000,0x00000000fc000000,0x00000000fe000000)
 ParOldGen       total 87040K, used 39914K [0x00000000c0000000, 0x00000000c5500000, 0x00000000eaa80000)
  object space 87040K, 45% used [0x00000000c0000000,0x00000000c26fa8d0,0x00000000c5500000)
 PSPermGen       total 43520K, used 43246K [0x00000000b0000000, 0x00000000b2a80000, 0x00000000c0000000)
  object space 43520K, 99% used [0x00000000b0000000,0x00000000b2a3ba98,0x00000000b2a80000)
}
Event: 13.574 GC heap before
{Heap before GC invocations=9 (full 1):
 PSYoungGen      total 313344K, used 24989K [0x00000000eaa80000, 0x0000000100000000, 0x0000000100000000)
  eden space 284160K, 0% used [0x00000000eaa80000,0x00000000eaa80000,0x00000000fc000000)
  from space 29184K, 85% used [0x00000000fe380000,0x00000000ffbe7440,0x0000000100000000)
  to   space 32768K, 0% used [0x00000000fc000000,0x00000000fc000000,0x00000000fe000000)
 ParOldGen       total 87040K, used 39914K [0x00000000c0000000, 0x00000000c5500000, 0x00000000eaa80000)
  object space 87040K, 45% used [0x00000000c0000000,0x00000000c26fa8d0,0x00000000c5500000)
 PSPermGen       total 43520K, used 43246K [0x00000000b0000000, 0x00000000b2a80000, 0x00000000c0000000)
  object space 43520K, 99% used [0x00000000b0000000,0x00000000b2a3ba98,0x00000000b2a80000)
Event: 14.066 GC heap after
Heap after GC invocations=9 (full 1):
 PSYoungGen      total 313344K, used 0K [0x00000000eaa80000, 0x0000000100000000, 0x0000000100000000)
  eden space 284160K, 0% used [0x00000000eaa80000,0x00000000eaa80000,0x00000000fc000000)
  from space 29184K, 0% used [0x00000000fe380000,0x00000000fe380000,0x0000000100000000)
  to   space 32768K, 0% used [0x00000000fc000000,0x00000000fc000000,0x00000000fe000000)
 ParOldGen       total 87040K, used 59531K [0x00000000c0000000, 0x00000000c5500000, 0x00000000eaa80000)
  object space 87040K, 68% used [0x00000000c0000000,0x00000000c3a22e40,0x00000000c5500000)
 PSPermGen       total 86528K, used 43187K [0x00000000b0000000, 0x00000000b5480000, 0x00000000c0000000)
  object space 86528K, 49% used [0x00000000b0000000,0x00000000b2a2cca8,0x00000000b5480000)
}
Event: 236.963 GC heap before
{Heap before GC invocations=10 (full 1):
 PSYoungGen      total 313344K, used 284160K [0x00000000eaa80000, 0x0000000100000000, 0x0000000100000000)
  eden space 284160K, 100% used [0x00000000eaa80000,0x00000000fc000000,0x00000000fc000000)
  from space 29184K, 0% used [0x00000000fe380000,0x00000000fe380000,0x0000000100000000)
  to   space 32768K, 0% used [0x00000000fc000000,0x00000000fc000000,0x00000000fe000000)
 ParOldGen       total 87040K, used 59531K [0x00000000c0000000, 0x00000000c5500000, 0x00000000eaa80000)
  object space 87040K, 68% used [0x00000000c0000000,0x00000000c3a22e40,0x00000000c5500000)
 PSPermGen       total 86528K, used 46164K [0x00000000b0000000, 0x00000000b5480000, 0x00000000c0000000)
  object space 86528K, 53% used [0x00000000b0000000,0x00000000b2d15278,0x00000000b5480000)
Event: 236.979 GC heap after
Heap after GC invocations=10 (full 1):
 PSYoungGen      total 316928K, used 10402K [0x00000000eaa80000, 0x0000000100000000, 0x0000000100000000)
  eden space 284160K, 0% used [0x00000000eaa80000,0x00000000eaa80000,0x00000000fc000000)
  from space 32768K, 31% used [0x00000000fc000000,0x00000000fca28bb8,0x00000000fe000000)
  to   space 31232K, 0% used [0x00000000fe180000,0x00000000fe180000,0x0000000100000000)
 ParOldGen       total 87040K, used 59531K [0x00000000c0000000, 0x00000000c5500000, 0x00000000eaa80000)
  object space 87040K, 68% used [0x00000000c0000000,0x00000000c3a22e40,0x00000000c5500000)
 PSPermGen       total 86528K, used 46164K [0x00000000b0000000, 0x00000000b5480000, 0x00000000c0000000)
  object space 86528K, 53% used [0x00000000b0000000,0x00000000b2d15278,0x00000000b5480000)
}
Event: 239.529 GC heap before
{Heap before GC invocations=11 (full 1):
 PSYoungGen      total 316928K, used 199472K [0x00000000eaa80000, 0x0000000100000000, 0x0000000100000000)
  eden space 284160K, 66% used [0x00000000eaa80000,0x00000000f63234b8,0x00000000fc000000)
  from space 32768K, 31% used [0x00000000fc000000,0x00000000fca28bb8,0x00000000fe000000)
  to   space 31232K, 0% used [0x00000000fe180000,0x00000000fe180000,0x0000000100000000)
 ParOldGen       total 87040K, used 59531K [0x00000000c0000000, 0x00000000c5500000, 0x00000000eaa80000)
  object space 87040K, 68% used [0x00000000c0000000,0x00000000c3a22e40,0x00000000c5500000)
 PSPermGen       total 86528K, used 48001K [0x00000000b0000000, 0x00000000b5480000, 0x00000000c0000000)
  object space 86528K, 55% used [0x00000000b0000000,0x00000000b2ee06e0,0x00000000b5480000)
Event: 239.539 GC heap after
Heap after GC invocations=11 (full 1):
 PSYoungGen      total 318464K, used 6915K [0x00000000eaa80000, 0x00000000fff80000, 0x0000000100000000)
  eden space 287744K, 0% used [0x00000000eaa80000,0x00000000eaa80000,0x00000000fc380000)
  from space 30720K, 22% used [0x00000000fe180000,0x00000000fe840d98,0x00000000fff80000)
  to   space 30720K, 0% used [0x00000000fc380000,0x00000000fc380000,0x00000000fe180000)
 ParOldGen       total 87040K, used 59531K [0x00000000c0000000, 0x00000000c5500000, 0x00000000eaa80000)
  object space 87040K, 68% used [0x00000000c0000000,0x00000000c3a22e40,0x00000000c5500000)
 PSPermGen       total 86528K, used 48001K [0x00000000b0000000, 0x00000000b5480000, 0x00000000c0000000)
  object space 86528K, 55% used [0x00000000b0000000,0x00000000b2ee06e0,0x00000000b5480000)
}
Event: 239.539 GC heap before
{Heap before GC invocations=12 (full 2):
 PSYoungGen      total 318464K, used 6915K [0x00000000eaa80000, 0x00000000fff80000, 0x0000000100000000)
  eden space 287744K, 0% used [0x00000000eaa80000,0x00000000eaa80000,0x00000000fc380000)
  from space 30720K, 22% used [0x00000000fe180000,0x00000000fe840d98,0x00000000fff80000)
  to   space 30720K, 0% used [0x00000000fc380000,0x00000000fc380000,0x00000000fe180000)
 ParOldGen       total 87040K, used 59531K [0x00000000c0000000, 0x00000000c5500000, 0x00000000eaa80000)
  object space 87040K, 68% used [0x00000000c0000000,0x00000000c3a22e40,0x00000000c5500000)
 PSPermGen       total 86528K, used 48001K [0x00000000b0000000, 0x00000000b5480000, 0x00000000c0000000)
  object space 86528K, 55% used [0x00000000b0000000,0x00000000b2ee06e0,0x00000000b5480000)
Event: 239.850 GC heap after
Heap after GC invocations=12 (full 2):
 PSYoungGen      total 318464K, used 0K [0x00000000eaa80000, 0x00000000fff80000, 0x0000000100000000)
  eden space 287744K, 0% used [0x00000000eaa80000,0x00000000eaa80000,0x00000000fc380000)
  from space 30720K, 0% used [0x00000000fe180000,0x00000000fe180000,0x00000000fff80000)
  to   space 30720K, 0% used [0x00000000fc380000,0x00000000fc380000,0x00000000fe180000)
 ParOldGen       total 87040K, used 49689K [0x00000000c0000000, 0x00000000c5500000, 0x00000000eaa80000)
  object space 87040K, 57% used [0x00000000c0000000,0x00000000c3086420,0x00000000c5500000)
 PSPermGen       total 100864K, used 47997K [0x00000000b0000000, 0x00000000b6280000, 0x00000000c0000000)
  object space 100864K, 47% used [0x00000000b0000000,0x00000000b2edf418,0x00000000b6280000)
}

Deoptimization events (10 events):
Event: 464.487 Thread 0x000000000de93000 Uncommon trap: reason=class_check action=maybe_recompile pc=0x00000000028caa40 method=com.google.common.collect.AbstractMapBasedMultimap$WrappedCollection.refreshIfEmpty()V @ 40
Event: 464.487 Thread 0x000000000de93000 Uncommon trap: reason=class_check action=maybe_recompile pc=0x0000000002932a24 method=com.google.common.collect.AbstractMapBasedMultimap$WrappedCollection.refreshIfEmpty()V @ 40
Event: 464.487 Thread 0x000000000de93000 Uncommon trap: reason=class_check action=maybe_recompile pc=0x000000000291cfd4 method=com.google.common.collect.AbstractMapBasedMultimap.get(Ljava/lang/Object;)Ljava/util/Collection; @ 5
Event: 464.490 Thread 0x000000000de93000 Uncommon trap: reason=class_check action=maybe_recompile pc=0x000000000291cfd4 method=com.google.common.collect.AbstractMapBasedMultimap.get(Ljava/lang/Object;)Ljava/util/Collection; @ 5
Event: 464.538 Thread 0x000000000de93000 Uncommon trap: reason=class_check action=maybe_recompile pc=0x000000000291cfd4 method=com.google.common.collect.AbstractMapBasedMultimap.get(Ljava/lang/Object;)Ljava/util/Collection; @ 5
Event: 464.608 Thread 0x000000000de93000 Uncommon trap: reason=null_check action=make_not_entrant pc=0x0000000002955984 method=org.codehaus.groovy.reflection.ReflectionCache.autoboxType(Ljava/lang/Class;)Ljava/lang/Class; @ 9
Event: 464.959 Thread 0x000000000de93000 Uncommon trap: reason=bimorphic action=maybe_recompile pc=0x00000000026d9690 method=java.io.DataOutputStream.writeLong(J)V @ 108
Event: 465.035 Thread 0x000000000de93000 Uncommon trap: reason=unreached action=reinterpret pc=0x00000000028d6700 method=java.util.Arrays.equals([B[B)Z @ 2
Event: 465.574 Thread 0x000000000de93000 Uncommon trap: reason=bimorphic action=maybe_recompile pc=0x0000000002974284 method=java.util.regex.Pattern$Branch.study(Ljava/util/regex/Pattern$TreeInfo;)Z @ 120
Event: 465.574 Thread 0x000000000de93000 Uncommon trap: reason=bimorphic action=maybe_recompile pc=0x0000000002974284 method=java.util.regex.Pattern$Branch.study(Ljava/util/regex/Pattern$TreeInfo;)Z @ 120

Internal exceptions (10 events):
Event: 465.401 Thread 0x000000000de93000 Threw 0x00000000f10cfa28 at C:\re\jdk7u79\2331\hotspot\src\share\vm\prims\jvm.cpp:1304
Event: 465.401 Thread 0x000000000de93000 Threw 0x00000000f10d04f0 at C:\re\jdk7u79\2331\hotspot\src\share\vm\prims\jvm.cpp:1304
Event: 465.402 Thread 0x000000000de93000 Threw 0x00000000f10d3b78 at C:\re\jdk7u79\2331\hotspot\src\share\vm\prims\jvm.cpp:1304
Event: 465.402 Thread 0x000000000de93000 Threw 0x00000000f10d4708 at C:\re\jdk7u79\2331\hotspot\src\share\vm\prims\jvm.cpp:1304
Event: 465.402 Thread 0x000000000de93000 Threw 0x00000000f10da7b0 at C:\re\jdk7u79\2331\hotspot\src\share\vm\prims\jvm.cpp:1304
Event: 465.404 Thread 0x000000000de93000 Threw 0x00000000f10f23a0 at C:\re\jdk7u79\2331\hotspot\src\share\vm\prims\jvm.cpp:1304
Event: 465.404 Thread 0x000000000de93000 Threw 0x00000000f10f2d28 at C:\re\jdk7u79\2331\hotspot\src\share\vm\prims\jvm.cpp:1304
Event: 465.433 Thread 0x000000000de93000 Threw 0x00000000f11efe38 at C:\re\jdk7u79\2331\hotspot\src\share\vm\prims\jvm.cpp:1304
Event: 465.433 Thread 0x000000000de93000 Threw 0x00000000f11f10f8 at C:\re\jdk7u79\2331\hotspot\src\share\vm\prims\jvm.cpp:1304
Event: 465.690 Thread 0x000000000de93000 Implicit null exception at 0x00000000029361f7 to 0x0000000000000000

Events (10 events):
Event: 465.583 loading class 0x000000000d79a160
Event: 465.583 loading class 0x000000000d79a160 done
Event: 465.583 loading class 0x000000000d79f720
Event: 465.583 loading class 0x000000000d79f720 done
Event: 465.583 loading class 0x000000000c361d00
Event: 465.583 loading class 0x000000000c361d00 done
Event: 465.583 loading class 0x000000000d79f760
Event: 465.583 loading class 0x000000000d79f760 done
Event: 465.583 loading class 0x000000000c1885c0
Event: 465.583 loading class 0x000000000c1885c0 done


Dynamic libraries:
0x000000013faa0000 - 0x000000013fad3000 	C:\Program Files\Java\jdk1.7.0_79\bin\java.exe
0x0000000076cd0000 - 0x0000000076e79000 	C:\Windows\SYSTEM32\ntdll.dll
0x0000000076ab0000 - 0x0000000076bcf000 	C:\Windows\system32\kernel32.dll
0x000007fefcba0000 - 0x000007fefcc0c000 	C:\Windows\system32\KERNELBASE.dll
0x000007fefef00000 - 0x000007fefefdb000 	C:\Windows\system32\ADVAPI32.dll
0x000007fefe420000 - 0x000007fefe4bf000 	C:\Windows\system32\msvcrt.dll
0x000007fefdcb0000 - 0x000007fefdccf000 	C:\Windows\SYSTEM32\sechost.dll
0x000007fefe590000 - 0x000007fefe6bd000 	C:\Windows\system32\RPCRT4.dll
0x0000000076bd0000 - 0x0000000076cca000 	C:\Windows\system32\USER32.dll
0x000007fefe3b0000 - 0x000007fefe417000 	C:\Windows\system32\GDI32.dll
0x000007fefdd70000 - 0x000007fefdd7e000 	C:\Windows\system32\LPK.dll
0x000007fefe6c0000 - 0x000007fefe789000 	C:\Windows\system32\USP10.dll
0x000007fefb5e0000 - 0x000007fefb7d4000 	C:\Windows\WinSxS\amd64_microsoft.windows.common-controls_6595b64144ccf1df_6.0.7601.18837_none_fa3b1e3d17594757\COMCTL32.dll
0x000007fefea60000 - 0x000007fefead1000 	C:\Windows\system32\SHLWAPI.dll
0x000007fefe4c0000 - 0x000007fefe4ee000 	C:\Windows\system32\IMM32.DLL
0x000007fefeae0000 - 0x000007fefebe9000 	C:\Windows\system32\MSCTF.dll
0x00000000627b0000 - 0x0000000062882000 	C:\Program Files\Java\jdk1.7.0_79\jre\bin\msvcr100.dll
0x0000000077080000 - 0x0000000077855000 	C:\Program Files\Java\jdk1.7.0_79\jre\bin\server\jvm.dll
0x000007fef8640000 - 0x000007fef8649000 	C:\Windows\system32\WSOCK32.dll
0x000007fefeeb0000 - 0x000007fefeefd000 	C:\Windows\system32\WS2_32.dll
0x000007fefde00000 - 0x000007fefde08000 	C:\Windows\system32\NSI.dll
0x000007fefa5d0000 - 0x000007fefa60b000 	C:\Windows\system32\WINMM.dll
0x0000000076ea0000 - 0x0000000076ea7000 	C:\Windows\system32\PSAPI.DLL
0x00000000743f0000 - 0x00000000743ff000 	C:\Program Files\Java\jdk1.7.0_79\jre\bin\verify.dll
0x000000006b100000 - 0x000000006b128000 	C:\Program Files\Java\jdk1.7.0_79\jre\bin\java.dll
0x00000000732f0000 - 0x0000000073305000 	C:\Program Files\Java\jdk1.7.0_79\jre\bin\zip.dll
0x000000006b220000 - 0x000000006b23a000 	C:\Program Files\Java\jdk1.7.0_79\jre\bin\net.dll
0x000007fefc240000 - 0x000007fefc295000 	C:\Windows\system32\mswsock.dll
0x000007fefc2b0000 - 0x000007fefc2b7000 	C:\Windows\System32\wship6.dll
0x000000006afa0000 - 0x000000006afb1000 	C:\Program Files\Java\jdk1.7.0_79\jre\bin\nio.dll
0x000007fef4310000 - 0x000007fef4322000 	C:\Users\ArmorSurge\.gradle\native\19\windows-amd64\native-platform.dll
0x000007fefa370000 - 0x000007fefa397000 	C:\Windows\system32\IPHLPAPI.DLL
0x000007fefa360000 - 0x000007fefa36b000 	C:\Windows\system32\WINNSI.DLL
0x000007fefa060000 - 0x000007fefa078000 	C:\Windows\system32\dhcpcsvc.DLL
0x000007fefa040000 - 0x000007fefa051000 	C:\Windows\system32\dhcpcsvc6.DLL
0x000007fefc4b0000 - 0x000007fefc4c8000 	C:\Windows\system32\CRYPTSP.dll
0x000007fefbf80000 - 0x000007fefbfc7000 	C:\Windows\system32\rsaenh.dll
0x000007fefcd90000 - 0x000007fefcdae000 	C:\Windows\system32\USERENV.dll
0x000007fefca80000 - 0x000007fefca8f000 	C:\Windows\system32\profapi.dll
0x000007fefc920000 - 0x000007fefc92f000 	C:\Windows\system32\CRYPTBASE.dll
0x000007fefc8c0000 - 0x000007fefc917000 	C:\Windows\system32\apphelp.dll
0x000000006af90000 - 0x000000006af9b000 	C:\Program Files\Java\jdk1.7.0_79\jre\bin\management.dll
0x000007fef7cd0000 - 0x000007fef7df5000 	C:\Windows\system32\dbghelp.dll

VM Arguments:
jvm_args: -XX:MaxPermSize=256m -XX:+HeapDumpOnOutOfMemoryError -Xmx1024m -Dfile.encoding=windows-1252 -Duser.country=US -Duser.language=en -Duser.variant 
java_command: org.gradle.launcher.daemon.bootstrap.GradleDaemon 2.4 C:\Users\ArmorSurge\.gradle C:\Users\ArmorSurge\.gradle\daemon 10800000 75ca7100-f1a6-43db-8580-21783805495f -XX:MaxPermSize=256m -XX:+HeapDumpOnOutOfMemoryError -Xmx1024m -Dfile.encoding=windows-1252 -Duser.country=US -Duser.language=en -Duser.variant
Launcher Type: SUN_STANDARD

Environment Variables:
PATH=C:\ProgramData\Oracle\Java\javapath;C:\Program Files\Common Files\Microsoft Shared\Windows Live;C:\Program Files (x86)\Common Files\Microsoft Shared\Windows Live;C:\Program Files (x86)\NVIDIA Corporation\PhysX\Common;C:\Windows\system32;C:\Windows;C:\Windows\System32\Wbem;C:\Windows\System32\WindowsPowerShell\v1.0\;C:\Program Files (x86)\ATI Technologies\ATI.ACE\Core-Static;C:\Program Files (x86)\Windows Live\Shared;C:\Program Files (x86)\Skype\Phone\
USERNAME=ArmorSurge
OS=Windows_NT
PROCESSOR_IDENTIFIER=AMD64 Family 21 Model 1 Stepping 2, AuthenticAMD



---------------  S Y S T E M  ---------------

OS: Windows 7 , 64 bit Build 7601 Service Pack 1

CPU:total 4 (4 cores per cpu, 1 threads per core) family 21 model 1 stepping 2, cmov, cx8, fxsr, mmx, sse, sse2, sse3, ssse3, sse4.1, sse4.2, popcnt, avx, aes, mmxext, 3dnowpref, lzcnt, sse4a, tsc, tscinvbit, tscinv

Memory: 4k page, physical 8370652k(3910124k free), swap 16739468k(10069040k free)

vm_info: Java HotSpot(TM) 64-Bit Server VM (24.79-b02) for windows-amd64 JRE (1.7.0_79-b15), built on Apr 10 2015 12:36:16 by "java_re" with unknown MS VC++:1600

time: Tue Jul 07 22:38:56 2015
elapsed time: 465 seconds

