#
# A fatal error has been detected by the Java Runtime Environment:
#
#  EXCEPTION_ACCESS_VIOLATION (0xc0000005) at pc=0x0000000063b1fc38, pid=14660, tid=8368
#
# JRE version: Java(TM) SE Runtime Environment (7.0_79-b15) (build 1.7.0_79-b15)
# Java VM: Java HotSpot(TM) 64-Bit Server VM (24.79-b02 mixed mode windows-amd64 compressed oops)
# Problematic frame:
# V  [jvm.dll+0x7fc38]
#
# Failed to write core dump. Minidumps are not enabled by default on client versions of Windows
#
# If you would like to submit a bug report, please visit:
#   http://bugreport.java.com/bugreport/crash.jsp
#

---------------  T H R E A D  ---------------

Current thread (0x0000000008daf000):  JavaThread "C2 CompilerThread1" daemon [_thread_in_vm, id=8368, stack(0x000000000a5e0000,0x000000000a6e0000)]

siginfo: ExceptionCode=0xc0000005, reading address 0x0000100008d55020

Registers:
RAX=0xffffffffffffffff, RBX=0x0000100008d55020, RCX=0x0000000063cf3f5c, RDX=0x0000000000000049
RSP=0x000000000a6dd730, RBP=0x000000000000f000, RSI=0x0000000000000001, RDI=0x00000000029d71f3
R8 =0x000000000a6dd701, R9 =0x0000000063aa0000, R10=0x0000000000000000, R11=0x00000000029d71b0
R12=0x000000006400fe08, R13=0x0000000000000000, R14=0x0000000000001000, R15=0x000000000a6dee88
RIP=0x0000000063b1fc38, EFLAGS=0x0000000000010217

Top of Stack: (sp=0x000000000a6dd730)
0x000000000a6dd730:   0000000000000000 0000000000000001
0x000000000a6dd740:   0000000000000001 0000000008da4000
0x000000000a6dd750:   0000000000000000 00000000029d6bce
0x000000000a6dd760:   00000000029d6cd0 00000000029d6a90
0x000000000a6dd770:   00000000029d71f1 00000000029d0005
0x000000000a6dd780:   000000000a6dd778 0000000063000000
0x000000000a6dd790:   00000000029d6ce0 00000000029d6ce0
0x000000000a6dd7a0:   00000000029d7ce0 00000000029d6ce0
0x000000000a6dd7b0:   00000000029d7ce0 00000000029d7d80
0x000000000a6dd7c0:   000000006400fe08 000000000a6dd750
0x000000000a6dd7d0:   0000000000000000 0000000063b24075
0x000000000a6dd7e0:   0000000000000250 00000000029d6a90
0x000000000a6dd7f0:   000000000a6df008 000000000a6deff0
0x000000000a6dd800:   000000000a6dee14 0000000063b22cf6
0x000000000a6dd810:   0000000000000000 0000000008da4000
0x000000000a6dd820:   00000000029d6a90 000000000c479e30 

Instructions: (pc=0x0000000063b1fc38)
0x0000000063b1fc18:   8c 24 90 00 00 00 e8 bd 4e 00 00 48 8b f8 48 8b
0x0000000063b1fc28:   18 48 85 db 74 22 e8 1d e8 04 00 48 3b d8 74 18
0x0000000063b1fc38:   48 8b 0b 48 89 0f 48 8d 8c 24 90 00 00 00 e8 15
0x0000000063b1fc48:   4f 00 00 e9 13 ff ff ff 48 89 1f 48 8d 8c 24 90 


Register to memory mapping:

RAX=0xffffffffffffffff is an unknown value
RBX=0x0000100008d55020 is an unknown value
RCX=0x0000000063cf3f5c is an unknown value
RDX=0x0000000000000049 is an unknown value
RSP=0x000000000a6dd730 is pointing into the stack for thread: 0x0000000008daf000
RBP=0x000000000000f000 is an unknown value
RSI=0x0000000000000001 is an unknown value
RDI=0x00000000029d71f3 is at entry_point+1299 in (nmethod*)0x00000000029d6a90
R8 =0x000000000a6dd701 is pointing into the stack for thread: 0x0000000008daf000
R9 =0x0000000063aa0000 is an unknown value
R10=0x0000000000000000 is an unknown value
R11=0x00000000029d71b0 is at entry_point+1232 in (nmethod*)0x00000000029d6a90
R12=0x000000006400fe08 is an unknown value
R13=0x0000000000000000 is an unknown value
R14=0x0000000000001000 is an unknown value
R15=0x000000000a6dee88 is pointing into the stack for thread: 0x0000000008daf000


Stack: [0x000000000a5e0000,0x000000000a6e0000],  sp=0x000000000a6dd730,  free space=1013k
Native frames: (J=compiled Java code, j=interpreted, Vv=VM code, C=native code)
V  [jvm.dll+0x7fc38]

[error occurred during error reporting (printing native stack), id 0xc0000005]


Current CompileTask:
C2:  42918 1007             com.sun.org.apache.xerces.internal.impl.dtd.XMLDTDValidator::handleStartElement (508 bytes)


---------------  P R O C E S S  ---------------

Java Threads: ( => current thread )
  0x000000000c24b800 JavaThread "Stdin handler" [_thread_blocked, id=14420, stack(0x000000000d480000,0x000000000d580000)]
  0x000000000e3ea000 JavaThread "Cancel handler" [_thread_blocked, id=10724, stack(0x000000000d380000,0x000000000d480000)]
  0x000000000ca3d800 JavaThread "Handler for socket connection from /127.0.0.1:53112 to /127.0.0.1:53129" [_thread_in_native, id=8152, stack(0x000000000cf70000,0x000000000d070000)]
  0x000000000b539000 JavaThread "File lock request listener" [_thread_in_native, id=4216, stack(0x000000000d590000,0x000000000d690000)]
  0x000000000b234800 JavaThread "Daemon worker" [_thread_blocked, id=7876, stack(0x0000000005de0000,0x0000000005ee0000)]
  0x000000000b30c000 JavaThread "Daemon" [_thread_blocked, id=13508, stack(0x000000000ce60000,0x000000000cf60000)]
  0x000000000b272800 JavaThread "Incoming local TCP Connector on port 53112" [_thread_in_native, id=10048, stack(0x000000000ccc0000,0x000000000cdc0000)]
  0x0000000008db1000 JavaThread "Service Thread" daemon [_thread_blocked, id=14164, stack(0x000000000a730000,0x000000000a830000)]
=>0x0000000008daf000 JavaThread "C2 CompilerThread1" daemon [_thread_in_vm, id=8368, stack(0x000000000a5e0000,0x000000000a6e0000)]
  0x0000000008daa000 JavaThread "C2 CompilerThread0" daemon [_thread_blocked, id=6668, stack(0x000000000a160000,0x000000000a260000)]
  0x0000000008da7000 JavaThread "Attach Listener" daemon [_thread_blocked, id=14328, stack(0x000000000a440000,0x000000000a540000)]
  0x0000000008da2000 JavaThread "Signal Dispatcher" daemon [_thread_blocked, id=14924, stack(0x000000000a260000,0x000000000a360000)]
  0x0000000008d49000 JavaThread "Finalizer" daemon [_thread_blocked, id=14920, stack(0x0000000009d20000,0x0000000009e20000)]
  0x0000000008d42000 JavaThread "Reference Handler" daemon [_thread_blocked, id=15064, stack(0x000000000a020000,0x000000000a120000)]
  0x000000000218e000 JavaThread "main" [_thread_blocked, id=6828, stack(0x0000000002460000,0x0000000002560000)]

Other Threads:
  0x0000000008d3e800 VMThread [stack: 0x0000000009e50000,0x0000000009f50000] [id=15144]
  0x0000000008dba800 WatcherThread [stack: 0x000000000a8b0000,0x000000000a9b0000] [id=12120]

VM state:synchronizing (normal execution)

VM Mutex/Monitor currently owned by a thread:  ([mutex/lock_event])
[0x000000000218b510] CodeCache_lock - owner thread: 0x0000000008daf000
[0x000000000218c1c0] Threads_lock - owner thread: 0x0000000008d3e800
[0x000000000218cc40] Compile_lock - owner thread: 0x0000000008daf000
[0x000000000218cd40] MethodCompileQueue_lock - owner thread: 0x0000000008daf000

Heap
 PSYoungGen      total 317952K, used 59005K [0x00000000eaa80000, 0x0000000100000000, 0x0000000100000000)
  eden space 291328K, 20% used [0x00000000eaa80000,0x00000000ee41f530,0x00000000fc700000)
  from space 26624K, 0% used [0x00000000fc700000,0x00000000fc700000,0x00000000fe100000)
  to   space 31744K, 0% used [0x00000000fe100000,0x00000000fe100000,0x0000000100000000)
 ParOldGen       total 87040K, used 51398K [0x00000000c0000000, 0x00000000c5500000, 0x00000000eaa80000)
  object space 87040K, 59% used [0x00000000c0000000,0x00000000c3231bb0,0x00000000c5500000)
 PSPermGen       total 93184K, used 46576K [0x00000000b0000000, 0x00000000b5b00000, 0x00000000c0000000)
  object space 93184K, 49% used [0x00000000b0000000,0x00000000b2d7c3c0,0x00000000b5b00000)

Card table byte_map: [0x0000000005560000,0x00000000057f0000] byte_map_base: 0x0000000004fe0000

Polling page: 0x0000000000440000

Code Cache  [0x0000000002560000, 0x00000000029e0000, 0x0000000005560000)
 total_blobs=1591 nmethods=939 adapters=601 free_code_cache=44616Kb largest_free_block=45642112

Compilation events (10 events):
Event: 42.505 Thread 0x0000000008daf000 1007             com.sun.org.apache.xerces.internal.impl.dtd.XMLDTDValidator::handleStartElement (508 bytes)
Event: 42.533 Thread 0x0000000008daa000 nmethod 1005 0x00000000029d1ad0 code [0x00000000029d1e80, 0x00000000029d3278]
Event: 42.533 Thread 0x0000000008daa000 1008   !         java.util.regex.Pattern::matcher (44 bytes)
Event: 42.541 Thread 0x0000000008daa000 nmethod 1008 0x00000000029b5290 code [0x00000000029b5400, 0x00000000029b5a88]
Event: 42.541 Thread 0x0000000008daa000 1009             com.sun.org.apache.xerces.internal.util.FeatureState::<init> (15 bytes)
Event: 42.541 Thread 0x0000000008daa000 nmethod 1009 0x00000000029a6d50 code [0x00000000029a6e80, 0x00000000029a6ef8]
Event: 42.541 Thread 0x0000000008daa000 1010             com.sun.org.apache.xerces.internal.parsers.XIncludeAwareParserConfiguration::getFeatureState (40 bytes)
Event: 42.573 Thread 0x0000000008daa000 nmethod 1010 0x00000000029d4cd0 code [0x00000000029d4ec0, 0x00000000029d5d28]
Event: 42.573 Thread 0x0000000008daa000 1011             com.sun.org.apache.xerces.internal.util.FeatureState::is (12 bytes)
Event: 42.574 Thread 0x0000000008daa000 nmethod 1011 0x00000000029a6a90 code [0x00000000029a6be0, 0x00000000029a6c98]

GC Heap History (10 events):
Event: 17.657 GC heap before
{Heap before GC invocations=6 (full 0):
 PSYoungGen      total 140288K, used 140264K [0x00000000eaa80000, 0x00000000fca80000, 0x0000000100000000)
  eden space 135168K, 100% used [0x00000000eaa80000,0x00000000f2e80000,0x00000000f2e80000)
  from space 5120K, 99% used [0x00000000f2e80000,0x00000000f337a100,0x00000000f3380000)
  to   space 12288K, 0% used [0x00000000fbe80000,0x00000000fbe80000,0x00000000fca80000)
 ParOldGen       total 87040K, used 9942K [0x00000000c0000000, 0x00000000c5500000, 0x00000000eaa80000)
  object space 87040K, 11% used [0x00000000c0000000,0x00000000c09b58b8,0x00000000c5500000)
 PSPermGen       total 23552K, used 23161K [0x00000000b0000000, 0x00000000b1700000, 0x00000000c0000000)
  object space 23552K, 98% used [0x00000000b0000000,0x00000000b169e788,0x00000000b1700000)
Event: 17.691 GC heap after
Heap after GC invocations=6 (full 0):
 PSYoungGen      total 282112K, used 9685K [0x00000000eaa80000, 0x00000000fcb80000, 0x0000000100000000)
  eden space 269824K, 0% used [0x00000000eaa80000,0x00000000eaa80000,0x00000000fb200000)
  from space 12288K, 78% used [0x00000000fbe80000,0x00000000fc7f5620,0x00000000fca80000)
  to   space 12800K, 0% used [0x00000000fb200000,0x00000000fb200000,0x00000000fbe80000)
 ParOldGen       total 87040K, used 9942K [0x00000000c0000000, 0x00000000c5500000, 0x00000000eaa80000)
  object space 87040K, 11% used [0x00000000c0000000,0x00000000c09b58b8,0x00000000c5500000)
 PSPermGen       total 23552K, used 23161K [0x00000000b0000000, 0x00000000b1700000, 0x00000000c0000000)
  object space 23552K, 98% used [0x00000000b0000000,0x00000000b169e788,0x00000000b1700000)
}
Event: 24.598 GC heap before
{Heap before GC invocations=7 (full 0):
 PSYoungGen      total 282112K, used 279509K [0x00000000eaa80000, 0x00000000fcb80000, 0x0000000100000000)
  eden space 269824K, 100% used [0x00000000eaa80000,0x00000000fb200000,0x00000000fb200000)
  from space 12288K, 78% used [0x00000000fbe80000,0x00000000fc7f5620,0x00000000fca80000)
  to   space 12800K, 0% used [0x00000000fb200000,0x00000000fb200000,0x00000000fbe80000)
 ParOldGen       total 87040K, used 9942K [0x00000000c0000000, 0x00000000c5500000, 0x00000000eaa80000)
  object space 87040K, 11% used [0x00000000c0000000,0x00000000c09b58b8,0x00000000c5500000)
 PSPermGen       total 29184K, used 28691K [0x00000000b0000000, 0x00000000b1c80000, 0x00000000c0000000)
  object space 29184K, 98% used [0x00000000b0000000,0x00000000b1c04c98,0x00000000b1c80000)
Event: 24.635 GC heap after
Heap after GC invocations=7 (full 0):
 PSYoungGen      total 282624K, used 12794K [0x00000000eaa80000, 0x0000000100000000, 0x0000000100000000)
  eden space 269824K, 0% used [0x00000000eaa80000,0x00000000eaa80000,0x00000000fb200000)
  from space 12800K, 99% used [0x00000000fb200000,0x00000000fbe7e808,0x00000000fbe80000)
  to   space 16896K, 0% used [0x00000000fef80000,0x00000000fef80000,0x0000000100000000)
 ParOldGen       total 87040K, used 13854K [0x00000000c0000000, 0x00000000c5500000, 0x00000000eaa80000)
  object space 87040K, 15% used [0x00000000c0000000,0x00000000c0d87a90,0x00000000c5500000)
 PSPermGen       total 29184K, used 28691K [0x00000000b0000000, 0x00000000b1c80000, 0x00000000c0000000)
  object space 29184K, 98% used [0x00000000b0000000,0x00000000b1c04c98,0x00000000b1c80000)
}
Event: 34.911 GC heap before
{Heap before GC invocations=8 (full 0):
 PSYoungGen      total 282624K, used 282618K [0x00000000eaa80000, 0x0000000100000000, 0x0000000100000000)
  eden space 269824K, 100% used [0x00000000eaa80000,0x00000000fb200000,0x00000000fb200000)
  from space 12800K, 99% used [0x00000000fb200000,0x00000000fbe7e808,0x00000000fbe80000)
  to   space 16896K, 0% used [0x00000000fef80000,0x00000000fef80000,0x0000000100000000)
 ParOldGen       total 87040K, used 13854K [0x00000000c0000000, 0x00000000c5500000, 0x00000000eaa80000)
  object space 87040K, 15% used [0x00000000c0000000,0x00000000c0d87a90,0x00000000c5500000)
 PSPermGen       total 43008K, used 42804K [0x00000000b0000000, 0x00000000b2a00000, 0x00000000c0000000)
  object space 43008K, 99% used [0x00000000b0000000,0x00000000b29cd3f0,0x00000000b2a00000)
Event: 35.015 GC heap after
Heap after GC invocations=8 (full 0):
 PSYoungGen      total 308224K, used 16874K [0x00000000eaa80000, 0x0000000100000000, 0x0000000100000000)
  eden space 291328K, 0% used [0x00000000eaa80000,0x00000000eaa80000,0x00000000fc700000)
  from space 16896K, 99% used [0x00000000fef80000,0x00000000ffffaa60,0x0000000100000000)
  to   space 29184K, 0% used [0x00000000fc700000,0x00000000fc700000,0x00000000fe380000)
 ParOldGen       total 87040K, used 36485K [0x00000000c0000000, 0x00000000c5500000, 0x00000000eaa80000)
  object space 87040K, 41% used [0x00000000c0000000,0x00000000c23a1720,0x00000000c5500000)
 PSPermGen       total 43008K, used 42804K [0x00000000b0000000, 0x00000000b2a00000, 0x00000000c0000000)
  object space 43008K, 99% used [0x00000000b0000000,0x00000000b29cd3f0,0x00000000b2a00000)
}
Event: 39.132 GC heap before
{Heap before GC invocations=9 (full 0):
 PSYoungGen      total 308224K, used 143183K [0x00000000eaa80000, 0x0000000100000000, 0x0000000100000000)
  eden space 291328K, 43% used [0x00000000eaa80000,0x00000000f25d9518,0x00000000fc700000)
  from space 16896K, 99% used [0x00000000fef80000,0x00000000ffffaa60,0x0000000100000000)
  to   space 29184K, 0% used [0x00000000fc700000,0x00000000fc700000,0x00000000fe380000)
 ParOldGen       total 87040K, used 36485K [0x00000000c0000000, 0x00000000c5500000, 0x00000000eaa80000)
  object space 87040K, 41% used [0x00000000c0000000,0x00000000c23a1720,0x00000000c5500000)
 PSPermGen       total 46592K, used 46536K [0x00000000b0000000, 0x00000000b2d80000, 0x00000000c0000000)
  object space 46592K, 99% used [0x00000000b0000000,0x00000000b2d72000,0x00000000b2d80000)
Event: 39.183 GC heap after
Heap after GC invocations=9 (full 0):
 PSYoungGen      total 317952K, used 26270K [0x00000000eaa80000, 0x0000000100000000, 0x0000000100000000)
  eden space 291328K, 0% used [0x00000000eaa80000,0x00000000eaa80000,0x00000000fc700000)
  from space 26624K, 98% used [0x00000000fc700000,0x00000000fe0a7b20,0x00000000fe100000)
  to   space 31744K, 0% used [0x00000000fe100000,0x00000000fe100000,0x0000000100000000)
 ParOldGen       total 87040K, used 39185K [0x00000000c0000000, 0x00000000c5500000, 0x00000000eaa80000)
  object space 87040K, 45% used [0x00000000c0000000,0x00000000c2644790,0x00000000c5500000)
 PSPermGen       total 46592K, used 46536K [0x00000000b0000000, 0x00000000b2d80000, 0x00000000c0000000)
  object space 46592K, 99% used [0x00000000b0000000,0x00000000b2d72000,0x00000000b2d80000)
}
Event: 39.183 GC heap before
{Heap before GC invocations=10 (full 1):
 PSYoungGen      total 317952K, used 26270K [0x00000000eaa80000, 0x0000000100000000, 0x0000000100000000)
  eden space 291328K, 0% used [0x00000000eaa80000,0x00000000eaa80000,0x00000000fc700000)
  from space 26624K, 98% used [0x00000000fc700000,0x00000000fe0a7b20,0x00000000fe100000)
  to   space 31744K, 0% used [0x00000000fe100000,0x00000000fe100000,0x0000000100000000)
 ParOldGen       total 87040K, used 39185K [0x00000000c0000000, 0x00000000c5500000, 0x00000000eaa80000)
  object space 87040K, 45% used [0x00000000c0000000,0x00000000c2644790,0x00000000c5500000)
 PSPermGen       total 46592K, used 46536K [0x00000000b0000000, 0x00000000b2d80000, 0x00000000c0000000)
  object space 46592K, 99% used [0x00000000b0000000,0x00000000b2d72000,0x00000000b2d80000)
Event: 39.610 GC heap after
Heap after GC invocations=10 (full 1):
 PSYoungGen      total 317952K, used 0K [0x00000000eaa80000, 0x0000000100000000, 0x0000000100000000)
  eden space 291328K, 0% used [0x00000000eaa80000,0x00000000eaa80000,0x00000000fc700000)
  from space 26624K, 0% used [0x00000000fc700000,0x00000000fc700000,0x00000000fe100000)
  to   space 31744K, 0% used [0x00000000fe100000,0x00000000fe100000,0x0000000100000000)
 ParOldGen       total 87040K, used 51398K [0x00000000c0000000, 0x00000000c5500000, 0x00000000eaa80000)
  object space 87040K, 59% used [0x00000000c0000000,0x00000000c3231bb0,0x00000000c5500000)
 PSPermGen       total 93184K, used 46437K [0x00000000b0000000, 0x00000000b5b00000, 0x00000000c0000000)
  object space 93184K, 49% used [0x00000000b0000000,0x00000000b2d59748,0x00000000b5b00000)
}

Deoptimization events (10 events):
Event: 39.131 Thread 0x000000000b234800 Uncommon trap: reason=predicate action=maybe_recompile pc=0x00000000028e90cc method=java.util.TreeMap.put(Ljava/lang/Object;Ljava/lang/Object;)Ljava/lang/Object; @ 58
Event: 39.617 Thread 0x000000000b30c000 Uncommon trap: reason=class_check action=maybe_recompile pc=0x0000000002894950 method=java.io.ObjectOutputStream$BlockDataOutputStream.drain()V @ 36
Event: 39.617 Thread 0x000000000b30c000 Uncommon trap: reason=class_check action=maybe_recompile pc=0x0000000002894950 method=java.io.ObjectOutputStream$BlockDataOutputStream.drain()V @ 36
Event: 39.617 Thread 0x000000000b30c000 Uncommon trap: reason=class_check action=maybe_recompile pc=0x0000000002894950 method=java.io.ObjectOutputStream$BlockDataOutputStream.drain()V @ 36
Event: 39.617 Thread 0x000000000b30c000 Uncommon trap: reason=class_check action=maybe_recompile pc=0x0000000002894950 method=java.io.ObjectOutputStream$BlockDataOutputStream.drain()V @ 36
Event: 41.682 Thread 0x000000000b272800 Uncommon trap: reason=bimorphic action=maybe_recompile pc=0x00000000027506ec method=java.util.HashMap.<init>(IF)V @ 115
Event: 41.693 Thread 0x000000000b272800 Uncommon trap: reason=bimorphic action=maybe_recompile pc=0x00000000027506ec method=java.util.HashMap.<init>(IF)V @ 115
Event: 41.701 Thread 0x000000000ca3d800 Uncommon trap: reason=array_check action=maybe_recompile pc=0x0000000002897798 method=java.util.TimSort.binarySort([Ljava/lang/Object;IIILjava/util/Comparator;)V @ 183
Event: 41.839 Thread 0x000000000b234800 Uncommon trap: reason=bimorphic action=maybe_recompile pc=0x00000000028cbf58 method=java.util.Arrays.equals([Ljava/lang/Object;[Ljava/lang/Object;)Z @ 62
Event: 41.859 Thread 0x000000000b234800 Uncommon trap: reason=bimorphic action=maybe_recompile pc=0x00000000028cbf58 method=java.util.Arrays.equals([Ljava/lang/Object;[Ljava/lang/Object;)Z @ 62

Internal exceptions (10 events):
Event: 41.846 Thread 0x000000000b234800 Threw 0x00000000ebd83090 at C:\re\jdk7u79\2331\hotspot\src\share\vm\prims\jvm.cpp:1304
Event: 41.847 Thread 0x000000000b234800 Threw 0x00000000ebd8e930 at C:\re\jdk7u79\2331\hotspot\src\share\vm\prims\jvm.cpp:1304
Event: 41.847 Thread 0x000000000b234800 Threw 0x00000000ebd93420 at C:\re\jdk7u79\2331\hotspot\src\share\vm\prims\jvm.cpp:1304
Event: 41.847 Thread 0x000000000b234800 Threw 0x00000000ebd94430 at C:\re\jdk7u79\2331\hotspot\src\share\vm\prims\jvm.cpp:1304
Event: 41.847 Thread 0x000000000b234800 Threw 0x00000000ebd9d368 at C:\re\jdk7u79\2331\hotspot\src\share\vm\prims\jvm.cpp:1304
Event: 41.848 Thread 0x000000000b234800 Threw 0x00000000ebd9f978 at C:\re\jdk7u79\2331\hotspot\src\share\vm\prims\jvm.cpp:1304
Event: 41.848 Thread 0x000000000b234800 Threw 0x00000000ebda4a00 at C:\re\jdk7u79\2331\hotspot\src\share\vm\prims\jvm.cpp:1304
Event: 41.848 Thread 0x000000000b234800 Threw 0x00000000ebda5c90 at C:\re\jdk7u79\2331\hotspot\src\share\vm\prims\jvm.cpp:1304
Event: 41.848 Thread 0x000000000b234800 Threw 0x00000000ebdaf6b8 at C:\re\jdk7u79\2331\hotspot\src\share\vm\prims\jvm.cpp:1304
Event: 41.850 Thread 0x000000000b234800 Threw 0x00000000ebdc63f8 at C:\re\jdk7u79\2331\hotspot\src\share\vm\prims\jni.cpp:1632

Events (10 events):
Event: 41.848 loading class 0x000000000eb215c0
Event: 41.848 loading class 0x000000000eb215c0 done
Event: 41.848 loading class 0x000000000e1dfc30
Event: 41.848 loading class 0x000000000e1dfc30 done
Event: 41.859 Thread 0x000000000b234800 Uncommon trap: trap_request=0xffffffc6 fr.pc=0x00000000028cbf58
Event: 41.859 Thread 0x000000000b234800 DEOPT PACKING pc=0x00000000028cbf58 sp=0x0000000005eddee0
Event: 41.859 Thread 0x000000000b234800 DEOPT UNPACKING pc=0x0000000002599064 sp=0x0000000005edde80 mode 2
Event: 41.932 Thread 0x0000000008daa000 flushing nmethod 0x000000000279aa90
Event: 42.266 loading class 0x00000000020b6540
Event: 42.266 loading class 0x00000000020b6540 done


Dynamic libraries:
0x000000013fe70000 - 0x000000013fea3000 	C:\Program Files\Java\jdk1.7.0_79\bin\java.exe
0x0000000076cd0000 - 0x0000000076e79000 	C:\Windows\SYSTEM32\ntdll.dll
0x0000000076ab0000 - 0x0000000076bcf000 	C:\Windows\system32\kernel32.dll
0x000007fefcba0000 - 0x000007fefcc0c000 	C:\Windows\system32\KERNELBASE.dll
0x000007fefef00000 - 0x000007fefefdb000 	C:\Windows\system32\ADVAPI32.dll
0x000007fefe420000 - 0x000007fefe4bf000 	C:\Windows\system32\msvcrt.dll
0x000007fefdcb0000 - 0x000007fefdccf000 	C:\Windows\SYSTEM32\sechost.dll
0x000007fefe590000 - 0x000007fefe6bd000 	C:\Windows\system32\RPCRT4.dll
0x0000000076bd0000 - 0x0000000076cca000 	C:\Windows\system32\USER32.dll
0x000007fefe3b0000 - 0x000007fefe417000 	C:\Windows\system32\GDI32.dll
0x000007fefdd70000 - 0x000007fefdd7e000 	C:\Windows\system32\LPK.dll
0x000007fefe6c0000 - 0x000007fefe789000 	C:\Windows\system32\USP10.dll
0x000007fefb5e0000 - 0x000007fefb7d4000 	C:\Windows\WinSxS\amd64_microsoft.windows.common-controls_6595b64144ccf1df_6.0.7601.18837_none_fa3b1e3d17594757\COMCTL32.dll
0x000007fefea60000 - 0x000007fefead1000 	C:\Windows\system32\SHLWAPI.dll
0x000007fefe4c0000 - 0x000007fefe4ee000 	C:\Windows\system32\IMM32.DLL
0x000007fefeae0000 - 0x000007fefebe9000 	C:\Windows\system32\MSCTF.dll
0x00000000687e0000 - 0x00000000688b2000 	C:\Program Files\Java\jdk1.7.0_79\jre\bin\msvcr100.dll
0x0000000063aa0000 - 0x0000000064275000 	C:\Program Files\Java\jdk1.7.0_79\jre\bin\server\jvm.dll
0x000007fef8640000 - 0x000007fef8649000 	C:\Windows\system32\WSOCK32.dll
0x000007fefeeb0000 - 0x000007fefeefd000 	C:\Windows\system32\WS2_32.dll
0x000007fefde00000 - 0x000007fefde08000 	C:\Windows\system32\NSI.dll
0x000007fefa5d0000 - 0x000007fefa60b000 	C:\Windows\system32\WINMM.dll
0x0000000076ea0000 - 0x0000000076ea7000 	C:\Windows\system32\PSAPI.DLL
0x000000006b880000 - 0x000000006b88f000 	C:\Program Files\Java\jdk1.7.0_79\jre\bin\verify.dll
0x000000006b770000 - 0x000000006b798000 	C:\Program Files\Java\jdk1.7.0_79\jre\bin\java.dll
0x000000006b750000 - 0x000000006b765000 	C:\Program Files\Java\jdk1.7.0_79\jre\bin\zip.dll
0x000000006b670000 - 0x000000006b68a000 	C:\Program Files\Java\jdk1.7.0_79\jre\bin\net.dll
0x000007fefc240000 - 0x000007fefc295000 	C:\Windows\system32\mswsock.dll
0x000007fefc2b0000 - 0x000007fefc2b7000 	C:\Windows\System32\wship6.dll
0x000000006b620000 - 0x000000006b631000 	C:\Program Files\Java\jdk1.7.0_79\jre\bin\nio.dll
0x000007fef4350000 - 0x000007fef4362000 	C:\Users\ArmorSurge\.gradle\native\19\windows-amd64\native-platform.dll
0x000007fefa370000 - 0x000007fefa397000 	C:\Windows\system32\IPHLPAPI.DLL
0x000007fefa360000 - 0x000007fefa36b000 	C:\Windows\system32\WINNSI.DLL
0x000007fefa060000 - 0x000007fefa078000 	C:\Windows\system32\dhcpcsvc.DLL
0x000007fefa040000 - 0x000007fefa051000 	C:\Windows\system32\dhcpcsvc6.DLL
0x000007fefc4b0000 - 0x000007fefc4c8000 	C:\Windows\system32\CRYPTSP.dll
0x000007fefbf80000 - 0x000007fefbfc7000 	C:\Windows\system32\rsaenh.dll
0x000007fefcd90000 - 0x000007fefcdae000 	C:\Windows\system32\USERENV.dll
0x000007fefca80000 - 0x000007fefca8f000 	C:\Windows\system32\profapi.dll
0x000007fefc920000 - 0x000007fefc92f000 	C:\Windows\system32\CRYPTBASE.dll
0x000007fefc8c0000 - 0x000007fefc917000 	C:\Windows\system32\apphelp.dll
0x000000006af90000 - 0x000000006afb4000 	C:\Program Files\Java\jdk1.7.0_79\jre\bin\sunec.dll
0x000000006b610000 - 0x000000006b61b000 	C:\Program Files\Java\jdk1.7.0_79\jre\bin\sunmscapi.dll
0x000007fefcc10000 - 0x000007fefcd7d000 	C:\Windows\system32\CRYPT32.dll
0x000007fefca90000 - 0x000007fefca9f000 	C:\Windows\system32\MSASN1.dll
0x000007fefbbf0000 - 0x000007fefbbf7000 	C:\Windows\System32\wshtcpip.dll
0x000007fefc180000 - 0x000007fefc1db000 	C:\Windows\system32\DNSAPI.dll
0x000000006cf10000 - 0x000000006cf36000 	C:\Program Files\Bonjour\mdnsNSP.dll
0x000007fef82c0000 - 0x000007fef82ef000 	C:\Program Files\Common Files\Microsoft Shared\Windows Live\WLIDNSP.DLL
0x000007fef8290000 - 0x000007fef8298000 	C:\Windows\system32\rasadhlp.dll
0x000007fefa180000 - 0x000007fefa1d3000 	C:\Windows\System32\fwpuclnt.dll
0x000007fefa570000 - 0x000007fefa585000 	C:\Windows\system32\NLAapi.dll
0x000007fef72d0000 - 0x000007fef72e5000 	C:\Windows\system32\napinsp.dll
0x000007fef72b0000 - 0x000007fef72c9000 	C:\Windows\system32\pnrpnsp.dll
0x000007fef72a0000 - 0x000007fef72ab000 	C:\Windows\System32\winrnr.dll
0x000000006b740000 - 0x000000006b74b000 	C:\Program Files\Java\jdk1.7.0_79\jre\bin\management.dll
0x000007fef7cd0000 - 0x000007fef7df5000 	C:\Windows\system32\dbghelp.dll

VM Arguments:
jvm_args: -XX:MaxPermSize=256m -XX:+HeapDumpOnOutOfMemoryError -Xmx1024m -Dfile.encoding=windows-1252 -Duser.country=US -Duser.language=en -Duser.variant 
java_command: org.gradle.launcher.daemon.bootstrap.GradleDaemon 2.4 C:\Users\ArmorSurge\.gradle C:\Users\ArmorSurge\.gradle\daemon 10800000 8ee61f26-89c6-48c7-bd23-ab6b768f8dd9 -XX:MaxPermSize=256m -XX:+HeapDumpOnOutOfMemoryError -Xmx1024m -Dfile.encoding=windows-1252 -Duser.country=US -Duser.language=en -Duser.variant
Launcher Type: SUN_STANDARD

Environment Variables:
PATH=C:\ProgramData\Oracle\Java\javapath;C:\Program Files\Common Files\Microsoft Shared\Windows Live;C:\Program Files (x86)\Common Files\Microsoft Shared\Windows Live;C:\Program Files (x86)\NVIDIA Corporation\PhysX\Common;C:\Windows\system32;C:\Windows;C:\Windows\System32\Wbem;C:\Windows\System32\WindowsPowerShell\v1.0\;C:\Program Files (x86)\ATI Technologies\ATI.ACE\Core-Static;C:\Program Files (x86)\Windows Live\Shared;C:\Program Files (x86)\Skype\Phone\
USERNAME=ArmorSurge
OS=Windows_NT
PROCESSOR_IDENTIFIER=AMD64 Family 21 Model 1 Stepping 2, AuthenticAMD



---------------  S Y S T E M  ---------------

OS: Windows 7 , 64 bit Build 7601 Service Pack 1

CPU:total 4 (4 cores per cpu, 1 threads per core) family 21 model 1 stepping 2, cmov, cx8, fxsr, mmx, sse, sse2, sse3, ssse3, sse4.1, sse4.2, popcnt, avx, aes, mmxext, 3dnowpref, lzcnt, sse4a, tsc, tscinvbit, tscinv

Memory: 4k page, physical 8370652k(5135096k free), swap 16739468k(11083524k free)

vm_info: Java HotSpot(TM) 64-Bit Server VM (24.79-b02) for windows-amd64 JRE (1.7.0_79-b15), built on Apr 10 2015 12:36:16 by "java_re" with unknown MS VC++:1600

time: Tue Jul 14 13:18:51 2015
elapsed time: 42 seconds

