#
# A fatal error has been detected by the Java Runtime Environment:
#
#  EXCEPTION_ACCESS_VIOLATION (0xc0000005) at pc=0x0000000002a871fb, pid=8852, tid=4240
#
# JRE version: Java(TM) SE Runtime Environment (8.0_60-b27) (build 1.8.0_60-b27)
# Java VM: Java HotSpot(TM) 64-Bit Server VM (25.60-b23 mixed mode windows-amd64 compressed oops)
# Problematic frame:
# J 1777 C1 com.android.dx.dex.file.AnnotationSetItem.<init>(Lcom/android/dx/rop/annotation/Annotations;Lcom/android/dx/dex/file/DexFile;)V (83 bytes) @ 0x0000000002a871fb [0x0000000002a86b00+0x6fb]
#
# Failed to write core dump. Minidumps are not enabled by default on client versions of Windows
#
# If you would like to submit a bug report, please visit:
#   http://bugreport.java.com/bugreport/crash.jsp
#

---------------  T H R E A D  ---------------

Current thread (0x0000000002120800):  JavaThread "main" [_thread_in_Java, id=4240, stack(0x0000000001e40000,0x0000000001f40000)]

siginfo: ExceptionCode=0xc0000005, writing address 0x000010001422da08

Registers:
RAX=0x00000000ebffa590, RBX=0x00000000ebffa580, RCX=0x0000000000000000, RDX=0x00000000ebffa590
RSP=0x0000000001f3eb80, RBP=0x0000000001f3ed08, RSI=0x000010001422d900, RDI=0x00000000ebffa5a0
R8 =0x00000000ebffa458, R9 =0x0000000010fe0000, R10=0x00000000ebffa580, R11=0x000000000075ffd2
R12=0x0000000000000000, R13=0x00000000ebffa540, R14=0x0000000001f3ed28, R15=0x0000000002120800
RIP=0x0000000002a871fb, EFLAGS=0x0000000000010206

Top of Stack: (sp=0x0000000001f3eb80)
0x0000000001f3eb80:   00000000ebffa3a0 0000000001f3eb88
0x0000000001f3eb90:   00000000143dab7e 0000000001f3ebe0
0x0000000001f3eba0:   00000000143db450 0000000000000000
0x0000000001f3ebb0:   00000000143daba8 0000000000000000
0x0000000001f3ebc0:   0000000001f3ec30 0000000002227ced
0x0000000001f3ebd0:   0000000001f3ec30 00000000ebffa458
0x0000000001f3ebe0:   00000000ebffa4d0 00000000ebffa260
0x0000000001f3ebf0:   0000000001f3ebf0 00000000143d8e56
0x0000000001f3ec00:   0000000001f3ec98 00000000143d9500
0x0000000001f3ec10:   0000000001f3ec78 0000000002227ced
0x0000000001f3ec20:   00000000ebffa540 00000000ebffa458
0x0000000001f3ec30:   00000000c08f79e0 0000000001f3ec38
0x0000000001f3ec40:   0000000000000021 0000000001f3ec48
0x0000000001f3ec50:   00000000143b6178 0000000001f3ec98
0x0000000001f3ec60:   00000000143b6618 0000000000000000
0x0000000001f3ec70:   00000000143b61a0 0000000000000000 

Instructions: (pc=0x0000000002a871fb)
0x0000000002a871db:   00 00 00 00 81 e6 f8 ff 7f 00 83 fe 00 0f 84 dc
0x0000000002a871eb:   0a 00 00 48 8b d0 48 be 00 d9 22 14 00 10 00 00
0x0000000002a871fb:   48 83 86 08 01 00 00 01 48 ba 08 51 0b 14 00 00
0x0000000002a8720b:   00 00 8b b2 dc 00 00 00 83 c6 08 89 b2 dc 00 00 


Register to memory mapping:

RAX=0x00000000ebffa590 is an oop
java.util.Collections$UnmodifiableCollection 
 - klass: 'java/util/Collections$UnmodifiableCollection'
RBX=0x00000000ebffa580 is an oop
java.util.TreeMap$Values 
 - klass: 'java/util/TreeMap$Values'
RCX=0x0000000000000000 is an unknown value
RDX=0x00000000ebffa590 is an oop
java.util.Collections$UnmodifiableCollection 
 - klass: 'java/util/Collections$UnmodifiableCollection'
RSP=0x0000000001f3eb80 is pointing into the stack for thread: 0x0000000002120800
RBP=0x0000000001f3ed08 is pointing into the stack for thread: 0x0000000002120800
RSI=0x000010001422d900 is an unknown value
RDI=0x00000000ebffa5a0 is an oop
[I 
 - klass: {type array int}
 - length: 1
R8 =0x00000000ebffa458 is an oop
com.android.dx.rop.annotation.Annotations 
 - klass: 'com/android/dx/rop/annotation/Annotations'
R9 =0x0000000010fe0000 is an unknown value
R10=0x00000000ebffa580 is an oop
java.util.TreeMap$Values 
 - klass: 'java/util/TreeMap$Values'
R11=0x000000000075ffd2 is an unknown value
R12=0x0000000000000000 is an unknown value
R13=0x00000000ebffa540 is an oop
com.android.dx.dex.file.AnnotationSetItem 
 - klass: 'com/android/dx/dex/file/AnnotationSetItem'
R14=0x0000000001f3ed28 is pointing into the stack for thread: 0x0000000002120800
R15=0x0000000002120800 is a thread


Stack: [0x0000000001e40000,0x0000000001f40000],  sp=0x0000000001f3eb80,  free space=1018k
Native frames: (J=compiled Java code, j=interpreted, Vv=VM code, C=native code)
C  0x0000000002a871fb


---------------  P R O C E S S  ---------------

Java Threads: ( => current thread )
  0x0000000016223800 JavaThread "Service Thread" daemon [_thread_blocked, id=9104, stack(0x0000000016620000,0x0000000016720000)]
  0x0000000014948800 JavaThread "C1 CompilerThread2" daemon [_thread_blocked, id=9624, stack(0x0000000016120000,0x0000000016220000)]
  0x0000000014945800 JavaThread "C2 CompilerThread1" daemon [_thread_in_native, id=9580, stack(0x0000000016020000,0x0000000016120000)]
  0x00000000148e9800 JavaThread "C2 CompilerThread0" daemon [_thread_in_native, id=4496, stack(0x0000000015f20000,0x0000000016020000)]
  0x00000000148e8000 JavaThread "Attach Listener" daemon [_thread_blocked, id=11048, stack(0x0000000015e20000,0x0000000015f20000)]
  0x00000000148e7000 JavaThread "Signal Dispatcher" daemon [_thread_blocked, id=7548, stack(0x0000000015d20000,0x0000000015e20000)]
  0x0000000002210000 JavaThread "Finalizer" daemon [_thread_blocked, id=1464, stack(0x0000000015b40000,0x0000000015c40000)]
  0x000000000220d000 JavaThread "Reference Handler" daemon [_thread_blocked, id=5724, stack(0x0000000015a40000,0x0000000015b40000)]
=>0x0000000002120800 JavaThread "main" [_thread_in_Java, id=4240, stack(0x0000000001e40000,0x0000000001f40000)]

Other Threads:
  0x00000000148b8000 VMThread [stack: 0x0000000015940000,0x0000000015a40000] [id=3112]
  0x0000000016227800 WatcherThread [stack: 0x0000000016720000,0x0000000016820000] [id=1928]

VM state:not at safepoint (normal execution)

VM Mutex/Monitor currently owned by a thread: None

Heap:
 PSYoungGen      total 38400K, used 26821K [0x00000000eab00000, 0x00000000ef600000, 0x0000000100000000)
  eden space 33280K, 65% used [0x00000000eab00000,0x00000000ec034438,0x00000000ecb80000)
  from space 5120K, 99% used [0x00000000ecb80000,0x00000000ed07d060,0x00000000ed080000)
  to   space 5120K, 0% used [0x00000000ef100000,0x00000000ef100000,0x00000000ef600000)
 ParOldGen       total 87552K, used 11465K [0x00000000c0000000, 0x00000000c5580000, 0x00000000eab00000)
  object space 87552K, 13% used [0x00000000c0000000,0x00000000c0b32788,0x00000000c5580000)
 Metaspace       used 6017K, capacity 7088K, committed 7296K, reserved 1056768K
  class space    used 585K, capacity 616K, committed 640K, reserved 1048576K

Card table byte_map: [0x00000000115e0000,0x00000000117f0000] byte_map_base: 0x0000000010fe0000

Marking Bits: (ParMarkBitMap*) 0x000000007322a5b0
 Begin Bits: [0x0000000011d50000, 0x0000000012d50000)
 End Bits:   [0x0000000012d50000, 0x0000000013d50000)

Polling page: 0x0000000001f40000

CodeCache: size=245760Kb used=8793Kb max_used=8793Kb free=236966Kb
 bounds [0x0000000002220000, 0x0000000002ac0000, 0x0000000011220000]
 total_blobs=2025 nmethods=1761 adapters=178
 compilation: enabled

Compilation events (10 events):
Event: 9.191 Thread 0x0000000014948800 1771       1       com.android.dx.cf.attrib.AttInnerClasses::getInnerClasses (5 bytes)
Event: 9.192 Thread 0x0000000014948800 nmethod 1771 0x0000000002aa2350 code [0x0000000002aa24a0, 0x0000000002aa25b0]
Event: 9.194 Thread 0x0000000014948800 1773       3       com.android.dx.ssa.LocalVariableExtractor::processBlock (383 bytes)
Event: 9.198 Thread 0x0000000014948800 nmethod 1773 0x0000000002ab97d0 code [0x0000000002ab9ca0, 0x0000000002abd438]
Event: 9.216 Thread 0x0000000014948800 1775       3       com.android.dx.rop.code.RegisterSpec::equals (60 bytes)
Event: 9.216 Thread 0x0000000014948800 nmethod 1775 0x0000000002aa19d0 code [0x0000000002aa1b80, 0x0000000002aa21d8]
Event: 9.222 Thread 0x0000000014948800 1776       3       com.android.dx.rop.code.Rops::pickBinaryOp (158 bytes)
Event: 9.223 Thread 0x0000000014948800 nmethod 1776 0x0000000002aa00d0 code [0x0000000002aa0320, 0x0000000002aa11b8]
Event: 9.226 Thread 0x0000000014948800 1777       3       com.android.dx.dex.file.AnnotationSetItem::<init> (83 bytes)
Event: 9.228 Thread 0x0000000014948800 nmethod 1777 0x0000000002a86850 code [0x0000000002a86b00, 0x0000000002a87f68]

GC Heap History (6 events):
Event: 5.204 GC heap before
{Heap before GC invocations=1 (full 0):
 PSYoungGen      total 38400K, used 33280K [0x00000000eab00000, 0x00000000ed580000, 0x0000000100000000)
  eden space 33280K, 100% used [0x00000000eab00000,0x00000000ecb80000,0x00000000ecb80000)
  from space 5120K, 0% used [0x00000000ed080000,0x00000000ed080000,0x00000000ed580000)
  to   space 5120K, 0% used [0x00000000ecb80000,0x00000000ecb80000,0x00000000ed080000)
 ParOldGen       total 87552K, used 0K [0x00000000c0000000, 0x00000000c5580000, 0x00000000eab00000)
  object space 87552K, 0% used [0x00000000c0000000,0x00000000c0000000,0x00000000c5580000)
 Metaspace       used 5801K, capacity 7024K, committed 7296K, reserved 1056768K
  class space    used 564K, capacity 616K, committed 640K, reserved 1048576K
Event: 5.238 GC heap after
Heap after GC invocations=1 (full 0):
 PSYoungGen      total 38400K, used 5095K [0x00000000eab00000, 0x00000000ed580000, 0x0000000100000000)
  eden space 33280K, 0% used [0x00000000eab00000,0x00000000eab00000,0x00000000ecb80000)
  from space 5120K, 99% used [0x00000000ecb80000,0x00000000ed079c98,0x00000000ed080000)
  to   space 5120K, 0% used [0x00000000ed080000,0x00000000ed080000,0x00000000ed580000)
 ParOldGen       total 87552K, used 1717K [0x00000000c0000000, 0x00000000c5580000, 0x00000000eab00000)
  object space 87552K, 1% used [0x00000000c0000000,0x00000000c01ad728,0x00000000c5580000)
 Metaspace       used 5801K, capacity 7024K, committed 7296K, reserved 1056768K
  class space    used 564K, capacity 616K, committed 640K, reserved 1048576K
}
Event: 6.986 GC heap before
{Heap before GC invocations=2 (full 0):
 PSYoungGen      total 38400K, used 38375K [0x00000000eab00000, 0x00000000ed580000, 0x0000000100000000)
  eden space 33280K, 100% used [0x00000000eab00000,0x00000000ecb80000,0x00000000ecb80000)
  from space 5120K, 99% used [0x00000000ecb80000,0x00000000ed079c98,0x00000000ed080000)
  to   space 5120K, 0% used [0x00000000ed080000,0x00000000ed080000,0x00000000ed580000)
 ParOldGen       total 87552K, used 1717K [0x00000000c0000000, 0x00000000c5580000, 0x00000000eab00000)
  object space 87552K, 1% used [0x00000000c0000000,0x00000000c01ad728,0x00000000c5580000)
 Metaspace       used 5877K, capacity 7024K, committed 7296K, reserved 1056768K
  class space    used 565K, capacity 616K, committed 640K, reserved 1048576K
Event: 7.059 GC heap after
Heap after GC invocations=2 (full 0):
 PSYoungGen      total 38400K, used 5099K [0x00000000eab00000, 0x00000000ef600000, 0x0000000100000000)
  eden space 33280K, 0% used [0x00000000eab00000,0x00000000eab00000,0x00000000ecb80000)
  from space 5120K, 99% used [0x00000000ed080000,0x00000000ed57ace8,0x00000000ed580000)
  to   space 5120K, 0% used [0x00000000ecb80000,0x00000000ecb80000,0x00000000ed080000)
 ParOldGen       total 87552K, used 6868K [0x00000000c0000000, 0x00000000c5580000, 0x00000000eab00000)
  object space 87552K, 7% used [0x00000000c0000000,0x00000000c06b5248,0x00000000c5580000)
 Metaspace       used 5877K, capacity 7024K, committed 7296K, reserved 1056768K
  class space    used 565K, capacity 616K, committed 640K, reserved 1048576K
}
Event: 8.521 GC heap before
{Heap before GC invocations=3 (full 0):
 PSYoungGen      total 38400K, used 38379K [0x00000000eab00000, 0x00000000ef600000, 0x0000000100000000)
  eden space 33280K, 100% used [0x00000000eab00000,0x00000000ecb80000,0x00000000ecb80000)
  from space 5120K, 99% used [0x00000000ed080000,0x00000000ed57ace8,0x00000000ed580000)
  to   space 5120K, 0% used [0x00000000ecb80000,0x00000000ecb80000,0x00000000ed080000)
 ParOldGen       total 87552K, used 6868K [0x00000000c0000000, 0x00000000c5580000, 0x00000000eab00000)
  object space 87552K, 7% used [0x00000000c0000000,0x00000000c06b5248,0x00000000c5580000)
 Metaspace       used 6003K, capacity 7088K, committed 7296K, reserved 1056768K
  class space    used 584K, capacity 616K, committed 640K, reserved 1048576K
Event: 8.547 GC heap after
Heap after GC invocations=3 (full 0):
 PSYoungGen      total 38400K, used 5108K [0x00000000eab00000, 0x00000000ef600000, 0x0000000100000000)
  eden space 33280K, 0% used [0x00000000eab00000,0x00000000eab00000,0x00000000ecb80000)
  from space 5120K, 99% used [0x00000000ecb80000,0x00000000ed07d060,0x00000000ed080000)
  to   space 5120K, 0% used [0x00000000ef100000,0x00000000ef100000,0x00000000ef600000)
 ParOldGen       total 87552K, used 11465K [0x00000000c0000000, 0x00000000c5580000, 0x00000000eab00000)
  object space 87552K, 13% used [0x00000000c0000000,0x00000000c0b32788,0x00000000c5580000)
 Metaspace       used 6003K, capacity 7088K, committed 7296K, reserved 1056768K
  class space    used 584K, capacity 616K, committed 640K, reserved 1048576K
}

Deoptimization events (10 events):
Event: 8.447 Thread 0x0000000002120800 Uncommon trap: reason=bimorphic action=maybe_recompile pc=0x000000000294a0c8 method=com.android.dx.cf.code.BytecodeArray.parseInstruction(ILcom/android/dx/cf/code/BytecodeArray$Visitor;)I @ 1130
Event: 8.514 Thread 0x0000000002120800 Uncommon trap: reason=bimorphic action=maybe_recompile pc=0x0000000002777a80 method=com.android.dx.ssa.LiteralOpUpgrader.tryReplacingWithConstant(Lcom/android/dx/ssa/NormalSsaInsn;)Z @ 62
Event: 8.514 Thread 0x0000000002120800 Uncommon trap: reason=unstable_if action=reinterpret pc=0x000000000262be1c method=com.android.dx.ssa.SsaMethod.updateOneDefinition(Lcom/android/dx/ssa/SsaInsn;Lcom/android/dx/rop/code/RegisterSpec;)V @ 4
Event: 8.590 Thread 0x0000000002120800 Uncommon trap: reason=unstable_if action=reinterpret pc=0x0000000002845018 method=java.util.HashMap.resize()[Ljava/util/HashMap$Node; @ 206
Event: 8.656 Thread 0x0000000002120800 Uncommon trap: reason=unstable_if action=reinterpret pc=0x00000000029c3970 method=java.util.HashMap.putVal(ILjava/lang/Object;Ljava/lang/Object;ZZ)Ljava/lang/Object; @ 109
Event: 8.662 Thread 0x0000000002120800 Uncommon trap: reason=bimorphic action=maybe_recompile pc=0x0000000002a46968 method=com.android.dx.cf.code.RopperMachine.run(Lcom/android/dx/cf/code/Frame;II)V @ 988
Event: 8.663 Thread 0x0000000002120800 Uncommon trap: reason=unloaded action=reinterpret pc=0x00000000027770ec method=com.android.dx.ssa.LiteralOpUpgrader$1.visitNonMoveInsn(Lcom/android/dx/ssa/NormalSsaInsn;)V @ 72
Event: 9.146 Thread 0x0000000002120800 Uncommon trap: reason=unstable_if action=reinterpret pc=0x000000000271531c method=java.util.HashMap.putVal(ILjava/lang/Object;Ljava/lang/Object;ZZ)Ljava/lang/Object; @ 109
Event: 9.194 Thread 0x0000000002120800 Uncommon trap: reason=unstable_if action=reinterpret pc=0x000000000292b6ec method=com.android.dx.rop.code.RegisterSpec.equals(ILcom/android/dx/rop/type/TypeBearer;Lcom/android/dx/rop/code/LocalItem;)Z @ 42
Event: 9.194 Thread 0x0000000002120800 Uncommon trap: reason=unstable_if action=reinterpret pc=0x000000000297ddc4 method=com.android.dx.rop.code.RegisterSpec.equals(ILcom/android/dx/rop/type/TypeBearer;Lcom/android/dx/rop/code/LocalItem;)Z @ 42

Internal exceptions (6 events):
Event: 0.899 Thread 0x0000000002120800 Exception <a 'java/lang/NoSuchMethodError': Method sun.misc.Unsafe.defineClass(Ljava/lang/String;[BII)Ljava/lang/Class; name or signature does not match> (0x00000000eab0d428) thrown at [C:\re\workspace\8-2-build-windows-amd64-cygwin\jdk8u60\4407\hotspot\sr—#ÕOhÇì?
Event: 0.899 Thread 0x0000000002120800 Exception <a 'java/lang/NoSuchMethodError': Method sun.misc.Unsafe.prefetchRead(Ljava/lang/Object;J)V name or signature does not match> (0x00000000eab0d710) thrown at [C:\re\workspace\8-2-build-windows-amd64-cygwin\jdk8u60\4407\hotspot\src\share\vm\prims\jÖoðJÅ@
Event: 4.443 Thread 0x0000000002120800 Implicit null exception at 0x0000000002600562 to 0x0000000002600652
Event: 7.264 Thread 0x0000000002120800 Exception <a 'java/lang/ArrayIndexOutOfBoundsException': 18> (0x00000000eb093c40) thrown at [C:\re\workspace\8-2-build-windows-amd64-cygwin\jdk8u60\4407\hotspot\src\share\vm\interpreter\interpreterRuntime.cpp, line 366]
Event: 7.265 Thread 0x0000000002120800 Exception <a 'java/lang/ArrayIndexOutOfBoundsException'> (0x00000000eb0957c0) thrown at [C:\re\workspace\8-2-build-windows-amd64-cygwin\jdk8u60\4407\hotspot\src\share\vm\runtime\sharedRuntime.cpp, line 605]
Event: 7.266 Thread 0x0000000002120800 Exception <a 'java/lang/ArrayIndexOutOfBoundsException'> (0x00000000eb096aa8) thrown at [C:\re\workspace\8-2-build-windows-amd64-cygwin\jdk8u60\4407\hotspot\src\share\vm\runtime\sharedRuntime.cpp, line 605]

Events (10 events):
Event: 8.663 Thread 0x0000000002120800 DEOPT UNPACKING pc=0x000000000226582a sp=0x0000000001f3e808 mode 2
Event: 9.146 Thread 0x0000000002120800 Uncommon trap: trap_request=0xffffff65 fr.pc=0x000000000271531c
Event: 9.146 Thread 0x0000000002120800 DEOPT PACKING pc=0x000000000271531c sp=0x0000000001f3e720
Event: 9.146 Thread 0x0000000002120800 DEOPT UNPACKING pc=0x000000000226582a sp=0x0000000001f3e6a0 mode 2
Event: 9.194 Thread 0x0000000002120800 Uncommon trap: trap_request=0xffffff65 fr.pc=0x000000000292b6ec
Event: 9.194 Thread 0x0000000002120800 DEOPT PACKING pc=0x000000000292b6ec sp=0x0000000001f3e8d0
Event: 9.194 Thread 0x0000000002120800 DEOPT UNPACKING pc=0x000000000226582a sp=0x0000000001f3e778 mode 2
Event: 9.194 Thread 0x0000000002120800 Uncommon trap: trap_request=0xffffff65 fr.pc=0x000000000297ddc4
Event: 9.194 Thread 0x0000000002120800 DEOPT PACKING pc=0x000000000297ddc4 sp=0x0000000001f3e830
Event: 9.194 Thread 0x0000000002120800 DEOPT UNPACKING pc=0x000000000226582a sp=0x0000000001f3e760 mode 2


Dynamic libraries:
0x00007ff7c6920000 - 0x00007ff7c6957000 	C:\Program Files\Java\jdk1.8.0_60\bin\java.exe
0x00007ffd56490000 - 0x00007ffd56651000 	C:\WINDOWS\SYSTEM32\ntdll.dll
0x00007ffd55f00000 - 0x00007ffd55fad000 	C:\WINDOWS\system32\KERNEL32.DLL
0x00007ffd536a0000 - 0x00007ffd53888000 	C:\WINDOWS\system32\KERNELBASE.dll
0x00007ffd51290000 - 0x00007ffd51309000 	C:\WINDOWS\system32\apphelp.dll
0x00007ffd55700000 - 0x00007ffd557a7000 	C:\WINDOWS\system32\ADVAPI32.dll
0x00007ffd540c0000 - 0x00007ffd5415d000 	C:\WINDOWS\system32\msvcrt.dll
0x00007ffd54060000 - 0x00007ffd540bb000 	C:\WINDOWS\system32\sechost.dll
0x00007ffd56100000 - 0x00007ffd5621c000 	C:\WINDOWS\system32\RPCRT4.dll
0x00007ffd55be0000 - 0x00007ffd55d36000 	C:\WINDOWS\system32\USER32.dll
0x00007ffd53e70000 - 0x00007ffd53ff6000 	C:\WINDOWS\system32\GDI32.dll
0x00007ffd48190000 - 0x00007ffd48404000 	C:\WINDOWS\WinSxS\amd64_microsoft.windows.common-controls_6595b64144ccf1df_6.0.10586.0_none_8c15ae12515e1c22\COMCTL32.dll
0x00007ffd55820000 - 0x00007ffd55a9d000 	C:\WINDOWS\system32\combase.dll
0x00007ffd53270000 - 0x00007ffd532da000 	C:\WINDOWS\system32\bcryptPrimitives.dll
0x00007ffd54160000 - 0x00007ffd5419b000 	C:\WINDOWS\system32\IMM32.DLL
0x00000000725a0000 - 0x0000000072672000 	C:\Program Files\Java\jdk1.8.0_60\jre\bin\msvcr100.dll
0x0000000072a20000 - 0x00000000732a9000 	C:\Program Files\Java\jdk1.8.0_60\jre\bin\server\jvm.dll
0x00007ffd55dd0000 - 0x00007ffd55dd8000 	C:\WINDOWS\system32\PSAPI.DLL
0x00007ffd4d930000 - 0x00007ffd4d939000 	C:\WINDOWS\SYSTEM32\WSOCK32.dll
0x00007ffd557b0000 - 0x00007ffd5581b000 	C:\WINDOWS\system32\WS2_32.dll
0x00007ffd511e0000 - 0x00007ffd51203000 	C:\WINDOWS\SYSTEM32\WINMM.dll
0x00007ffd4e880000 - 0x00007ffd4e88a000 	C:\WINDOWS\SYSTEM32\VERSION.dll
0x00007ffd51070000 - 0x00007ffd5109c000 	C:\WINDOWS\SYSTEM32\WINMMBASE.dll
0x00007ffd52b40000 - 0x00007ffd52b83000 	C:\WINDOWS\system32\cfgmgr32.dll
0x0000000072a10000 - 0x0000000072a1f000 	C:\Program Files\Java\jdk1.8.0_60\jre\bin\verify.dll
0x00000000729e0000 - 0x0000000072a09000 	C:\Program Files\Java\jdk1.8.0_60\jre\bin\java.dll
0x00000000729c0000 - 0x00000000729d6000 	C:\Program Files\Java\jdk1.8.0_60\jre\bin\zip.dll
0x00007ffd541a0000 - 0x00007ffd556fc000 	C:\WINDOWS\system32\SHELL32.dll
0x00007ffd52c20000 - 0x00007ffd53265000 	C:\WINDOWS\system32\windows.storage.dll
0x00007ffd55de0000 - 0x00007ffd55e32000 	C:\WINDOWS\system32\shlwapi.dll
0x00007ffd52ac0000 - 0x00007ffd52acf000 	C:\WINDOWS\system32\kernel.appcore.dll
0x00007ffd533b0000 - 0x00007ffd53465000 	C:\WINDOWS\system32\shcore.dll
0x00007ffd52af0000 - 0x00007ffd52b3b000 	C:\WINDOWS\system32\powrprof.dll
0x00007ffd52ad0000 - 0x00007ffd52ae4000 	C:\WINDOWS\system32\profapi.dll
0x00007ffd4fa50000 - 0x00007ffd4fbdc000 	C:\WINDOWS\SYSTEM32\dbghelp.dll

VM Arguments:
jvm_args: -Djava.awt.headless=true -Xmx1024M -Dfile.encoding=windows-1252 -Duser.country=US -Duser.language=en -Duser.variant 
java_command: com.android.dx.command.Main --dex --force-jumbo --multi-dex --output C:\Users\Dylan\AndroidStudioProjects\MafiaParty\app\build\intermediates\transforms\dex\debug\folders\1000\10\com.android.support-appcompat-v7-22.2.1_503d0e9865532239e8522ba27212d0031b068d46 C:\Users\Dylan\AndroidStudioProjects\MafiaParty\app\build\intermediates\exploded-aar\com.android.support\appcompat-v7\22.2.1\jars\classes.jar
java_class_path (initial): C:\Users\Dylan\AppData\Local\Android\sdk\build-tools\22.0.1\lib\dx.jar
Launcher Type: SUN_STANDARD

Environment Variables:
PATH=C:\Program Files (x86)\NVIDIA Corporation\PhysX\Common;C:\ProgramData\Oracle\Java\javapath;C:\WINDOWS\system32;C:\WINDOWS;C:\WINDOWS\System32\Wbem;C:\WINDOWS\System32\WindowsPowerShell\v1.0\;C:\Program Files (x86)\Skype\Phone\;C:\Program Files (x86)\ATI Technologies\ATI.ACE\Core-Static;C:\Program Files (x86)\Windows Live\Shared;C:\Program Files\Git\cmd
USERNAME=Dylan
OS=Windows_NT
PROCESSOR_IDENTIFIER=AMD64 Family 21 Model 1 Stepping 2, AuthenticAMD



---------------  S Y S T E M  ---------------

OS: Windows 10.0 , 64 bit Build 10586 (10.0.10586.0)

CPU:total 4 (4 cores per cpu, 1 threads per core) family 21 model 1 stepping 2, cmov, cx8, fxsr, mmx, sse, sse2, sse3, ssse3, sse4.1, sse4.2, popcnt, avx, aes, clmul, mmxext, 3dnowpref, lzcnt, sse4a, tsc, tscinvbit, tscinv

Memory: 4k page, physical 8370392k(3985568k free), swap 11385920k(4618280k free)

vm_info: Java HotSpot(TM) 64-Bit Server VM (25.60-b23) for windows-amd64 JRE (1.8.0_60-b27), built on Aug  4 2015 11:06:27 by "java_re" with MS VC++ 10.0 (VS2010)

time: Sun Apr 17 19:59:44 2016
elapsed time: 9 seconds (0d 0h 0m 9s)

