#
# A fatal error has been detected by the Java Runtime Environment:
#
#  EXCEPTION_ACCESS_VIOLATION (0xc0000005) at pc=0x00000000026591fc, pid=4280, tid=236
#
# JRE version: Java(TM) SE Runtime Environment (7.0_79-b15) (build 1.7.0_79-b15)
# Java VM: Java HotSpot(TM) 64-Bit Server VM (24.79-b02 mixed mode windows-amd64 compressed oops)
# Problematic frame:
# J 452 C2 com.android.dx.merge.DexMerger$6.write(Ljava/lang/Comparable;)V (9 bytes) @ 0x00000000026591fc [0x0000000002659020+0x1dc]
#
# Failed to write core dump. Minidumps are not enabled by default on client versions of Windows
#
# If you would like to submit a bug report, please visit:
#   http://bugreport.java.com/bugreport/crash.jsp
#

---------------  T H R E A D  ---------------

Current thread (0x00000000021fe800):  JavaThread "main" [_thread_in_Java, id=236, stack(0x0000000002420000,0x0000000002520000)]

siginfo: ExceptionCode=0xc0000005, writing address 0x0000000075e903c7

Registers:
RAX=0x00000000bb4041bd, RBX=0x00000000eaa80000, RCX=0x00000000eae25548, RDX=0x0000000000000000
RSP=0x000000000251f490, RBP=0x00000000eae25548, RSI=0x000000000002bb90, RDI=0x00000000eae25548
R8 =0x000000000002bb94, R9 =0x000000000000226f, R10=0x0000000000000000, R11=0x0000000000032bf8
R12=0x0000000000000000, R13=0x0000000002625a2c, R14=0x000000000251f4d8, R15=0x00000000021fe800
RIP=0x00000000026591fc, EFLAGS=0x0000000000010a97

Top of Stack: (sp=0x000000000251f490)
0x000000000251f490:   00000000eae16518 00000000000127dc
0x000000000251f4a0:   eae1ec00bb3d0a78 00000000eae25578
0x000000000251f4b0:   00000000eb28b9b8 ef276d8800000000
0x000000000251f4c0:   000000000251f4e0 000000000002bb8c
0x000000000251f4d0:   00000000eb28b9ac 0000000002625c64
0x000000000251f4e0:   00000000eb28b900 00000000ef62c9d0
0x000000000251f4f0:   00000000ef6418c8 00000000eb28b948
0x000000000251f500:   00000000eb28b998 0000000000000000
0x000000000251f510:   00000000eb28b9d8 00000000ffffffff
0x000000000251f520:   0000000000000001 000127dc000127dc
0x000000000251f530:   000000000251f5a0 00000000025260f8
0x000000000251f540:   000000000251f5a0 00000000025260f8
0x000000000251f550:   00000000025260f8 00000000eb28b900
0x000000000251f560:   000000000251f560 00000000bb3dfa7c
0x000000000251f570:   000000000251f5b0 00000000bb3e36c8
0x000000000251f580:   0000000000000000 00000000bb3dfa98 

Instructions: (pc=0x00000000026591fc)
0x00000000026591dc:   71 24 44 0f b6 51 29 41 03 f0 41 83 c0 04 44 89
0x00000000026591ec:   41 18 45 85 d2 0f 85 9e 02 00 00 44 9b 41 2c 8b
0x00000000026591fc:   fe 83 c7 03 41 8b e9 c1 fd 18 41 8b 58 0c 3b f3
0x000000000265920c:   0f 83 0b 01 00 00 4c 63 d6 43 88 6c 10 13 41 8b 


Register to memory mapping:

RAX=0x00000000bb4041bd is pointing into object: 0x00000000bb404148
{instance class} 
 - klass: {other class}
RBX=0x00000000eaa80000 is an oop
[B 
 - klass: {type array byte}
 - length: 3678472
RCX=0x00000000eae25548 is an oop
java.nio.HeapByteBuffer 
 - klass: 'java/nio/HeapByteBuffer'
RDX=0x0000000000000000 is an unknown value
RSP=0x000000000251f490 is pointing into the stack for thread: 0x00000000021fe800
RBP=0x00000000eae25548 is an oop
java.nio.HeapByteBuffer 
 - klass: 'java/nio/HeapByteBuffer'
RSI=0x000000000002bb90 is an unknown value
RDI=0x00000000eae25548 is an oop
java.nio.HeapByteBuffer 
 - klass: 'java/nio/HeapByteBuffer'
R8 =0x000000000002bb94 is an unknown value
R9 =0x000000000000226f is an unknown value
R10=0x0000000000000000 is an unknown value
R11=0x0000000000032bf8 is an unknown value
R12=0x0000000000000000 is an unknown value
R13=0x0000000002625a2c is at entry_point+268 in (nmethod*)0x0000000002625750
R14=0x000000000251f4d8 is pointing into the stack for thread: 0x00000000021fe800
R15=0x00000000021fe800 is a thread


Stack: [0x0000000002420000,0x0000000002520000],  sp=0x000000000251f490,  free space=1021k
Native frames: (J=compiled Java code, j=interpreted, Vv=VM code, C=native code)
J 452 C2 com.android.dx.merge.DexMerger$6.write(Ljava/lang/Comparable;)V (9 bytes) @ 0x00000000026591fc [0x0000000002659020+0x1dc]
J 332 C2 com.android.dx.merge.DexMerger$IdMerger.mergeSorted()V (381 bytes) @ 0x0000000002625c64 [0x0000000002625920+0x344]
j  com.android.dx.merge.DexMerger.mergeMethodIds()V+12
j  com.android.dx.merge.DexMerger.mergeDexes()Lcom/android/dex/Dex;+21
j  com.android.dx.merge.DexMerger.merge()Lcom/android/dex/Dex;+5
j  com.android.dx.command.dexer.Main.mergeLibraryDexBuffers([B)[B+69
j  com.android.dx.command.dexer.Main.runMonoDex()I+129
j  com.android.dx.command.dexer.Main.run(Lcom/android/dx/command/dexer/Main$Arguments;)I+76
j  com.android.dx.command.dexer.Main.main([Ljava/lang/String;)V+14
j  com.android.dx.command.Main.main([Ljava/lang/String;)V+61
v  ~StubRoutines::call_stub


---------------  P R O C E S S  ---------------

Java Threads: ( => current thread )
  0x00000000084f9800 JavaThread "Service Thread" daemon [_thread_blocked, id=644, stack(0x0000000009f70000,0x000000000a070000)]
  0x00000000084f7800 JavaThread "C2 CompilerThread1" daemon [_thread_blocked, id=5884, stack(0x0000000009e60000,0x0000000009f60000)]
  0x00000000084f2000 JavaThread "C2 CompilerThread0" daemon [_thread_in_native, id=3604, stack(0x0000000009ac0000,0x0000000009bc0000)]
  0x00000000084ef800 JavaThread "Attach Listener" daemon [_thread_blocked, id=4840, stack(0x0000000009bf0000,0x0000000009cf0000)]
  0x00000000084ea800 JavaThread "Signal Dispatcher" daemon [_thread_blocked, id=5116, stack(0x00000000097e0000,0x00000000098e0000)]
  0x0000000008499000 JavaThread "Finalizer" daemon [_thread_blocked, id=2588, stack(0x0000000009980000,0x0000000009a80000)]
  0x0000000008492000 JavaThread "Reference Handler" daemon [_thread_blocked, id=1380, stack(0x0000000009530000,0x0000000009630000)]
=>0x00000000021fe800 JavaThread "main" [_thread_in_Java, id=236, stack(0x0000000002420000,0x0000000002520000)]

Other Threads:
  0x000000000848f000 VMThread [stack: 0x00000000096e0000,0x00000000097e0000] [id=632]
  0x000000000850a800 WatcherThread [stack: 0x0000000009cf0000,0x0000000009df0000] [id=4084]

VM state:not at safepoint (normal execution)

VM Mutex/Monitor currently owned by a thread: None

Heap
 PSYoungGen      total 72704K, used 13436K [0x00000000eaa80000, 0x00000000ef680000, 0x0000000100000000)
  eden space 67584K, 12% used [0x00000000eaa80000,0x00000000eb2a0dd8,0x00000000eec80000)
  from space 5120K, 99% used [0x00000000ef180000,0x00000000ef67e298,0x00000000ef680000)
  to   space 5120K, 0% used [0x00000000eec80000,0x00000000eec80000,0x00000000ef180000)
 ParOldGen       total 87040K, used 7628K [0x00000000c0000000, 0x00000000c5500000, 0x00000000eaa80000)
  object space 87040K, 8% used [0x00000000c0000000,0x00000000c0773120,0x00000000c5500000)
 PSPermGen       total 21504K, used 6763K [0x00000000bae00000, 0x00000000bc300000, 0x00000000c0000000)
  object space 21504K, 31% used [0x00000000bae00000,0x00000000bb49ad20,0x00000000bc300000)

Card table byte_map: [0x0000000005520000,0x0000000005750000] byte_map_base: 0x0000000004f49000

Polling page: 0x0000000000340000

Code Cache  [0x0000000002520000, 0x0000000002790000, 0x0000000005520000)
 total_blobs=762 nmethods=507 adapters=208 free_code_cache=47834Kb largest_free_block=48952576

Compilation events (10 events):
Event: 2.029 Thread 0x00000000084f7800 nmethod 499 0x000000000266b350 code [0x000000000266b480, 0x000000000266b4d8]
Event: 2.029 Thread 0x00000000084f7800  500             com.android.dex.ClassData$Method::getAccessFlags (5 bytes)
Event: 2.029 Thread 0x00000000084f7800 nmethod 500 0x000000000266b150 code [0x000000000266b280, 0x000000000266b2d8]
Event: 2.066 Thread 0x00000000084f7800  502             com.android.dx.merge.IndexMap::adjustTypeList (58 bytes)
Event: 2.072 Thread 0x00000000084f7800 nmethod 502 0x000000000266a6d0 code [0x000000000266a820, 0x000000000266ab58]
Event: 2.072 Thread 0x00000000084f7800  503             com.android.dex.TypeList::<init> (15 bytes)
Event: 2.072 Thread 0x00000000084f7800 nmethod 503 0x000000000266bcd0 code [0x000000000266be00, 0x000000000266be78]
Event: 2.072 Thread 0x00000000084f7800  504             java.util.ComparableTimSort::countRunAndMakeAscending (123 bytes)
Event: 2.077 Thread 0x00000000084f7800 nmethod 504 0x0000000002668950 code [0x0000000002668ac0, 0x0000000002668e68]
Event: 2.077 Thread 0x00000000084f7800  505             java.util.ComparableTimSort::binarySort (223 bytes)

GC Heap History (4 events):
Event: 1.438 GC heap before
{Heap before GC invocations=1 (full 0):
 PSYoungGen      total 38912K, used 33792K [0x00000000eaa80000, 0x00000000ed580000, 0x0000000100000000)
  eden space 33792K, 100% used [0x00000000eaa80000,0x00000000ecb80000,0x00000000ecb80000)
  from space 5120K, 0% used [0x00000000ed080000,0x00000000ed080000,0x00000000ed580000)
  to   space 5120K, 0% used [0x00000000ecb80000,0x00000000ecb80000,0x00000000ed080000)
 ParOldGen       total 87040K, used 0K [0x00000000c0000000, 0x00000000c5500000, 0x00000000eaa80000)
  object space 87040K, 0% used [0x00000000c0000000,0x00000000c0000000,0x00000000c5500000)
 PSPermGen       total 21504K, used 6153K [0x00000000bae00000, 0x00000000bc300000, 0x00000000c0000000)
  object space 21504K, 28% used [0x00000000bae00000,0x00000000bb4024d8,0x00000000bc300000)
Event: 1.454 GC heap after
Heap after GC invocations=1 (full 0):
 PSYoungGen      total 38912K, used 5100K [0x00000000eaa80000, 0x00000000ef680000, 0x0000000100000000)
  eden space 33792K, 0% used [0x00000000eaa80000,0x00000000eaa80000,0x00000000ecb80000)
  from space 5120K, 99% used [0x00000000ecb80000,0x00000000ed07b220,0x00000000ed080000)
  to   space 5120K, 0% used [0x00000000ef180000,0x00000000ef180000,0x00000000ef680000)
 ParOldGen       total 87040K, used 2882K [0x00000000c0000000, 0x00000000c5500000, 0x00000000eaa80000)
  object space 87040K, 3% used [0x00000000c0000000,0x00000000c02d0a48,0x00000000c5500000)
 PSPermGen       total 21504K, used 6153K [0x00000000bae00000, 0x00000000bc300000, 0x00000000c0000000)
  object space 21504K, 28% used [0x00000000bae00000,0x00000000bb4024d8,0x00000000bc300000)
}
Event: 2.046 GC heap before
{Heap before GC invocations=2 (full 0):
 PSYoungGen      total 38912K, used 37887K [0x00000000eaa80000, 0x00000000ef680000, 0x0000000100000000)
  eden space 33792K, 97% used [0x00000000eaa80000,0x00000000eca84d00,0x00000000ecb80000)
  from space 5120K, 99% used [0x00000000ecb80000,0x00000000ed07b220,0x00000000ed080000)
  to   space 5120K, 0% used [0x00000000ef180000,0x00000000ef180000,0x00000000ef680000)
 ParOldGen       total 87040K, used 2882K [0x00000000c0000000, 0x00000000c5500000, 0x00000000eaa80000)
  object space 87040K, 3% used [0x00000000c0000000,0x00000000c02d0a48,0x00000000c5500000)
 PSPermGen       total 21504K, used 6760K [0x00000000bae00000, 0x00000000bc300000, 0x00000000c0000000)
  object space 21504K, 31% used [0x00000000bae00000,0x00000000bb49a160,0x00000000bc300000)
Event: 2.057 GC heap after
Heap after GC invocations=2 (full 0):
 PSYoungGen      total 72704K, used 5112K [0x00000000eaa80000, 0x00000000ef680000, 0x0000000100000000)
  eden space 67584K, 0% used [0x00000000eaa80000,0x00000000eaa80000,0x00000000eec80000)
  from space 5120K, 99% used [0x00000000ef180000,0x00000000ef67e298,0x00000000ef680000)
  to   space 5120K, 0% used [0x00000000eec80000,0x00000000eec80000,0x00000000ef180000)
 ParOldGen       total 87040K, used 7628K [0x00000000c0000000, 0x00000000c5500000, 0x00000000eaa80000)
  object space 87040K, 8% used [0x00000000c0000000,0x00000000c0773120,0x00000000c5500000)
 PSPermGen       total 21504K, used 6760K [0x00000000bae00000, 0x00000000bc300000, 0x00000000c0000000)
  object space 21504K, 31% used [0x00000000bae00000,0x00000000bb49a160,0x00000000bc300000)
}

Deoptimization events (10 events):
Event: 1.331 Thread 0x00000000021fe800 Uncommon trap: reason=unreached action=reinterpret pc=0x00000000025fd684 method=java.util.Arrays.copyOf([Ljava/lang/Object;ILjava/lang/Class;)[Ljava/lang/Object; @ 4
Event: 1.371 Thread 0x00000000021fe800 Uncommon trap: reason=class_check action=maybe_recompile pc=0x000000000260c024 method=com.android.dex.Leb128.writeUnsignedLeb128(Lcom/android/dex/util/ByteOutput;I)V @ 40
Event: 1.371 Thread 0x00000000021fe800 Uncommon trap: reason=class_check action=maybe_recompile pc=0x000000000260c024 method=com.android.dex.Leb128.writeUnsignedLeb128(Lcom/android/dex/util/ByteOutput;I)V @ 40
Event: 1.371 Thread 0x00000000021fe800 Uncommon trap: reason=class_check action=maybe_recompile pc=0x000000000260c024 method=com.android.dex.Leb128.writeUnsignedLeb128(Lcom/android/dex/util/ByteOutput;I)V @ 40
Event: 1.371 Thread 0x00000000021fe800 Uncommon trap: reason=class_check action=maybe_recompile pc=0x000000000260c024 method=com.android.dex.Leb128.writeUnsignedLeb128(Lcom/android/dex/util/ByteOutput;I)V @ 40
Event: 1.614 Thread 0x00000000021fe800 Uncommon trap: reason=class_check action=maybe_recompile pc=0x0000000002621460 method=com.android.dex.Leb128.readUnsignedLeb128(Lcom/android/dex/util/ByteInput;)I @ 5
Event: 1.615 Thread 0x00000000021fe800 Uncommon trap: reason=class_check action=maybe_recompile pc=0x0000000002621460 method=com.android.dex.Leb128.readUnsignedLeb128(Lcom/android/dex/util/ByteInput;)I @ 5
Event: 1.615 Thread 0x00000000021fe800 Uncommon trap: reason=class_check action=maybe_recompile pc=0x0000000002621460 method=com.android.dex.Leb128.readUnsignedLeb128(Lcom/android/dex/util/ByteInput;)I @ 5
Event: 1.615 Thread 0x00000000021fe800 Uncommon trap: reason=class_check action=maybe_recompile pc=0x0000000002621460 method=com.android.dex.Leb128.readUnsignedLeb128(Lcom/android/dex/util/ByteInput;)I @ 5
Event: 1.777 Thread 0x00000000021fe800 Uncommon trap: reason=predicate action=maybe_recompile pc=0x000000000262d408 method=com.android.dex.Leb128.readUnsignedLeb128(Lcom/android/dex/util/ByteInput;)I @ 41

Internal exceptions (10 events):
Event: 1.510 Thread 0x00000000021fe800 Threw 0x00000000eabfec00 at C:\re\jdk7u79\2331\hotspot\src\share\vm\prims\jvm.cpp:1304
Event: 1.511 Thread 0x00000000021fe800 Threw 0x00000000eac01d20 at C:\re\jdk7u79\2331\hotspot\src\share\vm\prims\jvm.cpp:1304
Event: 1.511 Thread 0x00000000021fe800 Threw 0x00000000eac04f20 at C:\re\jdk7u79\2331\hotspot\src\share\vm\prims\jvm.cpp:1304
Event: 1.512 Thread 0x00000000021fe800 Threw 0x00000000eac088f8 at C:\re\jdk7u79\2331\hotspot\src\share\vm\prims\jvm.cpp:1304
Event: 1.512 Thread 0x00000000021fe800 Threw 0x00000000eac0bad8 at C:\re\jdk7u79\2331\hotspot\src\share\vm\prims\jvm.cpp:1304
Event: 1.513 Thread 0x00000000021fe800 Threw 0x00000000eac0ec90 at C:\re\jdk7u79\2331\hotspot\src\share\vm\prims\jvm.cpp:1304
Event: 1.513 Thread 0x00000000021fe800 Threw 0x00000000eac12170 at C:\re\jdk7u79\2331\hotspot\src\share\vm\prims\jvm.cpp:1304
Event: 1.516 Thread 0x00000000021fe800 Threw 0x00000000eac593b0 at C:\re\jdk7u79\2331\hotspot\src\share\vm\prims\jvm.cpp:1304
Event: 1.516 Thread 0x00000000021fe800 Threw 0x00000000eac5b618 at C:\re\jdk7u79\2331\hotspot\src\share\vm\prims\jvm.cpp:1304
Event: 1.950 Thread 0x00000000021fe800 Threw 0x00000000ec066ed0 at C:\re\jdk7u79\2331\hotspot\src\share\vm\prims\jvm.cpp:1304

Events (10 events):
Event: 1.615 Thread 0x00000000021fe800 Uncommon trap: trap_request=0xffffffde fr.pc=0x0000000002621460
Event: 1.615 Thread 0x00000000021fe800 DEOPT PACKING pc=0x0000000002621460 sp=0x000000000251f180
Event: 1.615 Thread 0x00000000021fe800 DEOPT UNPACKING pc=0x0000000002559064 sp=0x000000000251f120 mode 2
Event: 1.777 Thread 0x00000000021fe800 Uncommon trap: trap_request=0xffffff86 fr.pc=0x000000000262d408
Event: 1.777 Thread 0x00000000021fe800 DEOPT PACKING pc=0x000000000262d408 sp=0x000000000251f170
Event: 1.777 Thread 0x00000000021fe800 DEOPT UNPACKING pc=0x0000000002559064 sp=0x000000000251f118 mode 2
Event: 1.950 loading class 0x000000000a571b60
Event: 1.950 loading class 0x000000000a571b60 done
Event: 2.046 Executing VM operation: ParallelGCFailedAllocation
Event: 2.057 Executing VM operation: ParallelGCFailedAllocation done


Dynamic libraries:
0x000000013fb60000 - 0x000000013fb93000 	C:\Program Files\Java\jdk1.7.0_79\bin\java.exe
0x0000000076cd0000 - 0x0000000076e79000 	C:\Windows\SYSTEM32\ntdll.dll
0x0000000076ab0000 - 0x0000000076bcf000 	C:\Windows\system32\kernel32.dll
0x000007fefcba0000 - 0x000007fefcc0c000 	C:\Windows\system32\KERNELBASE.dll
0x000007fefef00000 - 0x000007fefefdb000 	C:\Windows\system32\ADVAPI32.dll
0x000007fefe420000 - 0x000007fefe4bf000 	C:\Windows\system32\msvcrt.dll
0x000007fefdcb0000 - 0x000007fefdccf000 	C:\Windows\SYSTEM32\sechost.dll
0x000007fefe590000 - 0x000007fefe6bd000 	C:\Windows\system32\RPCRT4.dll
0x0000000076bd0000 - 0x0000000076cca000 	C:\Windows\system32\USER32.dll
0x000007fefe3b0000 - 0x000007fefe417000 	C:\Windows\system32\GDI32.dll
0x000007fefdd70000 - 0x000007fefdd7e000 	C:\Windows\system32\LPK.dll
0x000007fefe6c0000 - 0x000007fefe789000 	C:\Windows\system32\USP10.dll
0x000007fefb5e0000 - 0x000007fefb7d4000 	C:\Windows\WinSxS\amd64_microsoft.windows.common-controls_6595b64144ccf1df_6.0.7601.18837_none_fa3b1e3d17594757\COMCTL32.dll
0x000007fefea60000 - 0x000007fefead1000 	C:\Windows\system32\SHLWAPI.dll
0x000007fefe4c0000 - 0x000007fefe4ee000 	C:\Windows\system32\IMM32.DLL
0x000007fefeae0000 - 0x000007fefebe9000 	C:\Windows\system32\MSCTF.dll
0x000000005a5a0000 - 0x000000005a672000 	C:\Program Files\Java\jdk1.7.0_79\jre\bin\msvcr100.dll
0x0000000066030000 - 0x0000000066805000 	C:\Program Files\Java\jdk1.7.0_79\jre\bin\server\jvm.dll
0x000007fef8640000 - 0x000007fef8649000 	C:\Windows\system32\WSOCK32.dll
0x000007fefeeb0000 - 0x000007fefeefd000 	C:\Windows\system32\WS2_32.dll
0x000007fefde00000 - 0x000007fefde08000 	C:\Windows\system32\NSI.dll
0x000007fefa5d0000 - 0x000007fefa60b000 	C:\Windows\system32\WINMM.dll
0x0000000076ea0000 - 0x0000000076ea7000 	C:\Windows\system32\PSAPI.DLL
0x0000000074430000 - 0x000000007443f000 	C:\Program Files\Java\jdk1.7.0_79\jre\bin\verify.dll
0x0000000074400000 - 0x0000000074428000 	C:\Program Files\Java\jdk1.7.0_79\jre\bin\java.dll
0x00000000743e0000 - 0x00000000743f5000 	C:\Program Files\Java\jdk1.7.0_79\jre\bin\zip.dll
0x0000000069f70000 - 0x0000000069f8a000 	C:\Program Files\Java\jdk1.7.0_79\jre\bin\net.dll
0x000007fefc240000 - 0x000007fefc295000 	C:\Windows\system32\mswsock.dll
0x000007fefc2b0000 - 0x000007fefc2b7000 	C:\Windows\System32\wship6.dll
0x0000000069e50000 - 0x0000000069e61000 	C:\Program Files\Java\jdk1.7.0_79\jre\bin\nio.dll

VM Arguments:
jvm_args: -Xmx1024M -Dfile.encoding=windows-1252 -Duser.country=US -Duser.language=en -Duser.variant 
java_command: com.android.dx.command.Main --dex --output C:\Users\ArmorSurge\AndroidStudioProjects\MafiaParty\app\build\intermediates\dex\debug C:\Users\ArmorSurge\AndroidStudioProjects\MafiaParty\app\build\intermediates\classes\debug C:\Users\ArmorSurge\AndroidStudioProjects\MafiaParty\app\build\intermediates\pre-dexed\debug\support-annotations-22.2.0-856328ee82b9f43684ca19a7fa3f38c07b7a01b3.jar C:\Users\ArmorSurge\AndroidStudioProjects\MafiaParty\app\build\intermediates\pre-dexed\debug\classes-3850011c602fc8797d73604bcead4fc34446ece0.jar C:\Users\ArmorSurge\AndroidStudioProjects\MafiaParty\app\build\intermediates\pre-dexed\debug\internal_impl-22.2.0-8770d5bc12374fb7c34c920a5189b7af17ce9f47.jar C:\Users\ArmorSurge\AndroidStudioProjects\MafiaParty\app\build\intermediates\pre-dexed\debug\classes-55ae442268c258b5d5c6059c4e569d8533e6747d.jar C:\Users\ArmorSurge\AndroidStudioProjects\MafiaParty\app\build\intermediates\pre-dexed\debug\classes-ee97b4d4a430ba2c008eb51e00ee7700a26ef688.jar
Launcher Type: SUN_STANDARD

Environment Variables:
PATH=C:\ProgramData\Oracle\Java\javapath;C:\Program Files\Common Files\Microsoft Shared\Windows Live;C:\Program Files (x86)\Common Files\Microsoft Shared\Windows Live;C:\Program Files (x86)\NVIDIA Corporation\PhysX\Common;C:\Windows\system32;C:\Windows;C:\Windows\System32\Wbem;C:\Windows\System32\WindowsPowerShell\v1.0\;C:\Program Files (x86)\ATI Technologies\ATI.ACE\Core-Static;C:\Program Files (x86)\Windows Live\Shared;C:\Program Files (x86)\Skype\Phone\
USERNAME=ArmorSurge
OS=Windows_NT
PROCESSOR_IDENTIFIER=AMD64 Family 21 Model 1 Stepping 2, AuthenticAMD



---------------  S Y S T E M  ---------------

OS: Windows 7 , 64 bit Build 7601 Service Pack 1

CPU:total 4 (4 cores per cpu, 1 threads per core) family 21 model 1 stepping 2, cmov, cx8, fxsr, mmx, sse, sse2, sse3, ssse3, sse4.1, sse4.2, popcnt, avx, aes, mmxext, 3dnowpref, lzcnt, sse4a, tsc, tscinvbit, tscinv

Memory: 4k page, physical 8370652k(2202568k free), swap 16739468k(9450596k free)

vm_info: Java HotSpot(TM) 64-Bit Server VM (24.79-b02) for windows-amd64 JRE (1.7.0_79-b15), built on Apr 10 2015 12:36:16 by "java_re" with unknown MS VC++:1600

time: Sun Jun 28 22:32:59 2015
elapsed time: 2 seconds

