#
# A fatal error has been detected by the Java Runtime Environment:
#
#  EXCEPTION_ACCESS_VIOLATION (0xc0000005) at pc=0x0000000056eefc38, pid=6624, tid=6824
#
# JRE version: Java(TM) SE Runtime Environment (7.0_79-b15) (build 1.7.0_79-b15)
# Java VM: Java HotSpot(TM) 64-Bit Server VM (24.79-b02 mixed mode windows-amd64 compressed oops)
# Problematic frame:
# V  [jvm.dll+0x7fc38]
#
# Failed to write core dump. Minidumps are not enabled by default on client versions of Windows
#
# If you would like to submit a bug report, please visit:
#   http://bugreport.java.com/bugreport/crash.jsp
#

---------------  T H R E A D  ---------------

Current thread (0x000000000843f000):  JavaThread "C2 CompilerThread0" daemon [_thread_in_vm, id=6824, stack(0x0000000009450000,0x0000000009550000)]

siginfo: ExceptionCode=0xc0000005, reading address 0xffffffffffffffff

Registers:
RAX=0xffffffffffffffff, RBX=0x1000000000000000, RCX=0x00000000570c3f5c, RDX=0x0000000000000048
RSP=0x000000000954d900, RBP=0x000000000000f000, RSI=0x0000000000000001, RDI=0x00000000027491f1
R8 =0x000000000954d901, R9 =0x0000000056e70000, R10=0x0000000000000000, R11=0x00000000027481c6
R12=0x00000000573dfe08, R13=0x0000000000000000, R14=0x0000000000001000, R15=0x000000000954f058
RIP=0x0000000056eefc38, EFLAGS=0x0000000000010213

Top of Stack: (sp=0x000000000954d900)
0x000000000954d900:   0000000000000000 0000000000000001
0x000000000954d910:   0000000000000001 0000000008438a80
0x000000000954d920:   0000000000000000 0000000002746e4e
0x000000000954d930:   0000000002746f00 0000000002746b90
0x000000000954d940:   00000000027491ef 0000000002740024
0x000000000954d950:   0000000002746e4a 0000000056000000
0x000000000954d960:   0000000002746f00 0000000002746f00
0x000000000954d970:   00000000027491e0 0000000002746f00
0x000000000954d980:   00000000027491e0 0000000002749318
0x000000000954d990:   00000000573dfe08 000000000954d920
0x000000000954d9a0:   0000000000000000 0000000056ef4075
0x000000000954d9b0:   0000000000000370 0000000002746b90
0x000000000954d9c0:   000000000954f1d8 000000000954f1c0
0x000000000954d9d0:   000000000954efe4 0000000056ef2cf6
0x000000000954d9e0:   0000000000000000 0000000008438a80
0x000000000954d9f0:   0000000002746b90 000000000ad99d90 

Instructions: (pc=0x0000000056eefc38)
0x0000000056eefc18:   8c 24 90 00 00 00 e8 bd 4e 00 00 48 8b f8 48 8b
0x0000000056eefc28:   18 48 85 db 74 22 e8 1d e8 04 00 48 3b d8 74 18
0x0000000056eefc38:   48 8b 0b 48 89 0f 48 8d 8c 24 90 00 00 00 e8 15
0x0000000056eefc48:   4f 00 00 e9 13 ff ff ff 48 89 1f 48 8d 8c 24 90 


Register to memory mapping:

RAX=0xffffffffffffffff is an unknown value
RBX=0x1000000000000000 is an unknown value
RCX=0x00000000570c3f5c is an unknown value
RDX=0x0000000000000048 is an unknown value
RSP=0x000000000954d900 is pointing into the stack for thread: 0x000000000843f000
RBP=0x000000000000f000 is an unknown value
RSI=0x0000000000000001 is an unknown value
RDI=0x00000000027491f1 is at entry_point+8945 in (nmethod*)0x0000000002746b90
R8 =0x000000000954d901 is pointing into the stack for thread: 0x000000000843f000
R9 =0x0000000056e70000 is an unknown value
R10=0x0000000000000000 is an unknown value
R11=0x00000000027481c6 is at entry_point+4806 in (nmethod*)0x0000000002746b90
R12=0x00000000573dfe08 is an unknown value
R13=0x0000000000000000 is an unknown value
R14=0x0000000000001000 is an unknown value
R15=0x000000000954f058 is pointing into the stack for thread: 0x000000000843f000


Stack: [0x0000000009450000,0x0000000009550000],  sp=0x000000000954d900,  free space=1014k
Native frames: (J=compiled Java code, j=interpreted, Vv=VM code, C=native code)
V  [jvm.dll+0x7fc38]

[error occurred during error reporting (printing native stack), id 0xc0000005]


Current CompileTask:
C2:  11492  725             com.android.dx.dex.file.CodeItem::addContents (174 bytes)


---------------  P R O C E S S  ---------------

Java Threads: ( => current thread )
  0x000000000844b000 JavaThread "Service Thread" daemon [_thread_blocked, id=7864, stack(0x000000000a0f0000,0x000000000a1f0000)]
  0x0000000008441800 JavaThread "C2 CompilerThread1" daemon [_thread_in_vm, id=600, stack(0x0000000009f90000,0x000000000a090000)]
=>0x000000000843f000 JavaThread "C2 CompilerThread0" daemon [_thread_in_vm, id=6824, stack(0x0000000009450000,0x0000000009550000)]
  0x000000000843c000 JavaThread "Attach Listener" daemon [_thread_blocked, id=9056, stack(0x0000000009da0000,0x0000000009ea0000)]
  0x0000000008437000 JavaThread "Signal Dispatcher" daemon [_thread_blocked, id=5784, stack(0x0000000009bc0000,0x0000000009cc0000)]
  0x00000000083e5800 JavaThread "Finalizer" daemon [_thread_blocked, id=684, stack(0x00000000099f0000,0x0000000009af0000)]
  0x00000000083de800 JavaThread "Reference Handler" daemon [_thread_blocked, id=4324, stack(0x0000000009800000,0x0000000009900000)]
  0x00000000022ae000 JavaThread "main" [_thread_in_vm, id=4824, stack(0x00000000022d0000,0x00000000023d0000)]

Other Threads:
  0x00000000083db000 VMThread [stack: 0x0000000009550000,0x0000000009650000] [id=9364]
  0x0000000008456800 WatcherThread [stack: 0x000000000a230000,0x000000000a330000] [id=8880]

VM state:not at safepoint (normal execution)

VM Mutex/Monitor currently owned by a thread:  ([mutex/lock_event])
[0x00000000022ab550] CodeCache_lock - owner thread: 0x000000000843f000
[0x00000000022acc80] Compile_lock - owner thread: 0x000000000843f000
[0x00000000022acd80] MethodCompileQueue_lock - owner thread: 0x000000000843f000

Heap
 PSYoungGen      total 140288K, used 86247K [0x00000000eaa80000, 0x00000000fea80000, 0x0000000100000000)
  eden space 135168K, 60% used [0x00000000eaa80000,0x00000000ef9ba2b0,0x00000000f2e80000)
  from space 5120K, 99% used [0x00000000f2e80000,0x00000000f337faf8,0x00000000f3380000)
  to   space 28672K, 0% used [0x00000000fce80000,0x00000000fce80000,0x00000000fea80000)
 ParOldGen       total 87040K, used 49493K [0x00000000c0000000, 0x00000000c5500000, 0x00000000eaa80000)
  object space 87040K, 56% used [0x00000000c0000000,0x00000000c30557b8,0x00000000c5500000)
 PSPermGen       total 21504K, used 5863K [0x00000000bae00000, 0x00000000bc300000, 0x00000000c0000000)
  object space 21504K, 27% used [0x00000000bae00000,0x00000000bb3b9f10,0x00000000bc300000)

Card table byte_map: [0x0000000005460000,0x0000000005690000] byte_map_base: 0x0000000004e89000

Polling page: 0x0000000000230000

Code Cache  [0x0000000002460000, 0x0000000002750000, 0x0000000005460000)
 total_blobs=954 nmethods=718 adapters=186 free_code_cache=46192Kb largest_free_block=47268800

Compilation events (10 events):
Event: 11.468 Thread 0x0000000008441800 nmethod 726 0x0000000002729490 code [0x00000000027295c0, 0x0000000002729618]
Event: 11.468 Thread 0x0000000008441800  727             java.util.HashMap$KeyIterator::next (8 bytes)
Event: 11.471 Thread 0x0000000008441800 nmethod 727 0x0000000002732e90 code [0x0000000002732fe0, 0x00000000027331f8]
Event: 11.471 Thread 0x0000000008441800  728             com.android.dx.dex.file.Section::validateAlignment (23 bytes)
Event: 11.472 Thread 0x0000000008441800 nmethod 728 0x0000000002733350 code [0x0000000002733480, 0x00000000027334d8]
Event: 11.472 Thread 0x0000000008441800  729             com.android.dx.dex.file.OffsettedItem::<init> (44 bytes)
Event: 11.472 Thread 0x0000000008441800 nmethod 729 0x0000000002729210 code [0x0000000002729340, 0x00000000027293d8]
Event: 11.472 Thread 0x0000000008441800  730             com.android.dx.rop.cst.CstMemberRef::hashCode (19 bytes)
Event: 11.480 Thread 0x0000000008441800 nmethod 730 0x00000000027324d0 code [0x0000000002732620, 0x0000000002732a98]
Event: 11.480 Thread 0x0000000008441800  731             com.android.dx.rop.cst.CstNat::hashCode (19 bytes)

GC Heap History (10 events):
Event: 6.352 GC heap before
{Heap before GC invocations=1 (full 0):
 PSYoungGen      total 38912K, used 33792K [0x00000000eaa80000, 0x00000000ed580000, 0x0000000100000000)
  eden space 33792K, 100% used [0x00000000eaa80000,0x00000000ecb80000,0x00000000ecb80000)
  from space 5120K, 0% used [0x00000000ed080000,0x00000000ed080000,0x00000000ed580000)
  to   space 5120K, 0% used [0x00000000ecb80000,0x00000000ecb80000,0x00000000ed080000)
 ParOldGen       total 87040K, used 0K [0x00000000c0000000, 0x00000000c5500000, 0x00000000eaa80000)
  object space 87040K, 0% used [0x00000000c0000000,0x00000000c0000000,0x00000000c5500000)
 PSPermGen       total 21504K, used 5541K [0x00000000bae00000, 0x00000000bc300000, 0x00000000c0000000)
  object space 21504K, 25% used [0x00000000bae00000,0x00000000bb369540,0x00000000bc300000)
Event: 6.978 GC heap after
Heap after GC invocations=1 (full 0):
 PSYoungGen      total 38912K, used 5112K [0x00000000eaa80000, 0x00000000ef680000, 0x0000000100000000)
  eden space 33792K, 0% used [0x00000000eaa80000,0x00000000eaa80000,0x00000000ecb80000)
  from space 5120K, 99% used [0x00000000ecb80000,0x00000000ed07e050,0x00000000ed080000)
  to   space 5120K, 0% used [0x00000000ef180000,0x00000000ef180000,0x00000000ef680000)
 ParOldGen       total 87040K, used 1832K [0x00000000c0000000, 0x00000000c5500000, 0x00000000eaa80000)
  object space 87040K, 2% used [0x00000000c0000000,0x00000000c01ca210,0x00000000c5500000)
 PSPermGen       total 21504K, used 5541K [0x00000000bae00000, 0x00000000bc300000, 0x00000000c0000000)
  object space 21504K, 25% used [0x00000000bae00000,0x00000000bb369540,0x00000000bc300000)
}
Event: 8.059 GC heap before
{Heap before GC invocations=2 (full 0):
 PSYoungGen      total 38912K, used 38904K [0x00000000eaa80000, 0x00000000ef680000, 0x0000000100000000)
  eden space 33792K, 100% used [0x00000000eaa80000,0x00000000ecb80000,0x00000000ecb80000)
  from space 5120K, 99% used [0x00000000ecb80000,0x00000000ed07e050,0x00000000ed080000)
  to   space 5120K, 0% used [0x00000000ef180000,0x00000000ef180000,0x00000000ef680000)
 ParOldGen       total 87040K, used 1832K [0x00000000c0000000, 0x00000000c5500000, 0x00000000eaa80000)
  object space 87040K, 2% used [0x00000000c0000000,0x00000000c01ca210,0x00000000c5500000)
 PSPermGen       total 21504K, used 5619K [0x00000000bae00000, 0x00000000bc300000, 0x00000000c0000000)
  object space 21504K, 26% used [0x00000000bae00000,0x00000000bb37cef8,0x00000000bc300000)
Event: 8.094 GC heap after
Heap after GC invocations=2 (full 0):
 PSYoungGen      total 72704K, used 5106K [0x00000000eaa80000, 0x00000000ef680000, 0x0000000100000000)
  eden space 67584K, 0% used [0x00000000eaa80000,0x00000000eaa80000,0x00000000eec80000)
  from space 5120K, 99% used [0x00000000ef180000,0x00000000ef67c988,0x00000000ef680000)
  to   space 5120K, 0% used [0x00000000eec80000,0x00000000eec80000,0x00000000ef180000)
 ParOldGen       total 87040K, used 6586K [0x00000000c0000000, 0x00000000c5500000, 0x00000000eaa80000)
  object space 87040K, 7% used [0x00000000c0000000,0x00000000c066eb78,0x00000000c5500000)
 PSPermGen       total 21504K, used 5619K [0x00000000bae00000, 0x00000000bc300000, 0x00000000c0000000)
  object space 21504K, 26% used [0x00000000bae00000,0x00000000bb37cef8,0x00000000bc300000)
}
Event: 9.245 GC heap before
{Heap before GC invocations=3 (full 0):
 PSYoungGen      total 72704K, used 72690K [0x00000000eaa80000, 0x00000000ef680000, 0x0000000100000000)
  eden space 67584K, 100% used [0x00000000eaa80000,0x00000000eec80000,0x00000000eec80000)
  from space 5120K, 99% used [0x00000000ef180000,0x00000000ef67c988,0x00000000ef680000)
  to   space 5120K, 0% used [0x00000000eec80000,0x00000000eec80000,0x00000000ef180000)
 ParOldGen       total 87040K, used 6586K [0x00000000c0000000, 0x00000000c5500000, 0x00000000eaa80000)
  object space 87040K, 7% used [0x00000000c0000000,0x00000000c066eb78,0x00000000c5500000)
 PSPermGen       total 21504K, used 5687K [0x00000000bae00000, 0x00000000bc300000, 0x00000000c0000000)
  object space 21504K, 26% used [0x00000000bae00000,0x00000000bb38dc78,0x00000000bc300000)
Event: 9.316 GC heap after
Heap after GC invocations=3 (full 0):
 PSYoungGen      total 72704K, used 5094K [0x00000000eaa80000, 0x00000000f3880000, 0x0000000100000000)
  eden space 67584K, 0% used [0x00000000eaa80000,0x00000000eaa80000,0x00000000eec80000)
  from space 5120K, 99% used [0x00000000eec80000,0x00000000ef179a78,0x00000000ef180000)
  to   space 5120K, 0% used [0x00000000f3380000,0x00000000f3380000,0x00000000f3880000)
 ParOldGen       total 87040K, used 16731K [0x00000000c0000000, 0x00000000c5500000, 0x00000000eaa80000)
  object space 87040K, 19% used [0x00000000c0000000,0x00000000c1056d30,0x00000000c5500000)
 PSPermGen       total 21504K, used 5687K [0x00000000bae00000, 0x00000000bc300000, 0x00000000c0000000)
  object space 21504K, 26% used [0x00000000bae00000,0x00000000bb38dc78,0x00000000bc300000)
}
Event: 9.845 GC heap before
{Heap before GC invocations=4 (full 0):
 PSYoungGen      total 72704K, used 72678K [0x00000000eaa80000, 0x00000000f3880000, 0x0000000100000000)
  eden space 67584K, 100% used [0x00000000eaa80000,0x00000000eec80000,0x00000000eec80000)
  from space 5120K, 99% used [0x00000000eec80000,0x00000000ef179a78,0x00000000ef180000)
  to   space 5120K, 0% used [0x00000000f3380000,0x00000000f3380000,0x00000000f3880000)
 ParOldGen       total 87040K, used 16731K [0x00000000c0000000, 0x00000000c5500000, 0x00000000eaa80000)
  object space 87040K, 19% used [0x00000000c0000000,0x00000000c1056d30,0x00000000c5500000)
 PSPermGen       total 21504K, used 5731K [0x00000000bae00000, 0x00000000bc300000, 0x00000000c0000000)
  object space 21504K, 26% used [0x00000000bae00000,0x00000000bb398f18,0x00000000bc300000)
Event: 9.990 GC heap after
Heap after GC invocations=4 (full 0):
 PSYoungGen      total 140288K, used 5108K [0x00000000eaa80000, 0x00000000f3880000, 0x0000000100000000)
  eden space 135168K, 0% used [0x00000000eaa80000,0x00000000eaa80000,0x00000000f2e80000)
  from space 5120K, 99% used [0x00000000f3380000,0x00000000f387d2e8,0x00000000f3880000)
  to   space 5120K, 0% used [0x00000000f2e80000,0x00000000f2e80000,0x00000000f3380000)
 ParOldGen       total 87040K, used 27510K [0x00000000c0000000, 0x00000000c5500000, 0x00000000eaa80000)
  object space 87040K, 31% used [0x00000000c0000000,0x00000000c1add930,0x00000000c5500000)
 PSPermGen       total 21504K, used 5731K [0x00000000bae00000, 0x00000000bc300000, 0x00000000c0000000)
  object space 21504K, 26% used [0x00000000bae00000,0x00000000bb398f18,0x00000000bc300000)
}
Event: 10.935 GC heap before
{Heap before GC invocations=5 (full 0):
 PSYoungGen      total 140288K, used 140276K [0x00000000eaa80000, 0x00000000f3880000, 0x0000000100000000)
  eden space 135168K, 100% used [0x00000000eaa80000,0x00000000f2e80000,0x00000000f2e80000)
  from space 5120K, 99% used [0x00000000f3380000,0x00000000f387d2e8,0x00000000f3880000)
  to   space 5120K, 0% used [0x00000000f2e80000,0x00000000f2e80000,0x00000000f3380000)
 ParOldGen       total 87040K, used 27510K [0x00000000c0000000, 0x00000000c5500000, 0x00000000eaa80000)
  object space 87040K, 31% used [0x00000000c0000000,0x00000000c1add930,0x00000000c5500000)
 PSPermGen       total 21504K, used 5795K [0x00000000bae00000, 0x00000000bc300000, 0x00000000c0000000)
  object space 21504K, 26% used [0x00000000bae00000,0x00000000bb3a8e10,0x00000000bc300000)
Event: 10.989 GC heap after
Heap after GC invocations=5 (full 0):
 PSYoungGen      total 140288K, used 5118K [0x00000000eaa80000, 0x00000000fea80000, 0x0000000100000000)
  eden space 135168K, 0% used [0x00000000eaa80000,0x00000000eaa80000,0x00000000f2e80000)
  from space 5120K, 99% used [0x00000000f2e80000,0x00000000f337faf8,0x00000000f3380000)
  to   space 28672K, 0% used [0x00000000fce80000,0x00000000fce80000,0x00000000fea80000)
 ParOldGen       total 87040K, used 49493K [0x00000000c0000000, 0x00000000c5500000, 0x00000000eaa80000)
  object space 87040K, 56% used [0x00000000c0000000,0x00000000c30557b8,0x00000000c5500000)
 PSPermGen       total 21504K, used 5795K [0x00000000bae00000, 0x00000000bc300000, 0x00000000c0000000)
  object space 21504K, 26% used [0x00000000bae00000,0x00000000bb3a8e10,0x00000000bc300000)
}

Deoptimization events (10 events):
Event: 10.714 Thread 0x00000000022ae000 Uncommon trap: reason=class_check action=maybe_recompile pc=0x00000000025158a8 method=com.android.dx.rop.cst.CstKnownNull.equals(Ljava/lang/Object;)Z @ 1
Event: 10.716 Thread 0x00000000022ae000 Uncommon trap: reason=class_check action=maybe_recompile pc=0x00000000025158a8 method=com.android.dx.rop.cst.CstKnownNull.equals(Ljava/lang/Object;)Z @ 1
Event: 10.758 Thread 0x00000000022ae000 Uncommon trap: reason=class_check action=maybe_recompile pc=0x00000000025158a8 method=com.android.dx.rop.cst.CstKnownNull.equals(Ljava/lang/Object;)Z @ 1
Event: 10.788 Thread 0x00000000022ae000 Uncommon trap: reason=unloaded action=reinterpret pc=0x00000000025b06c8 method=com.android.dx.cf.cst.ConstantPoolParser.parse0(ILjava/util/BitSet;)Lcom/android/dx/rop/cst/Constant; @ 220
Event: 10.789 Thread 0x00000000022ae000 Uncommon trap: reason=class_check action=maybe_recompile pc=0x00000000026d983c method=com.android.dx.cf.code.RopperMachine.run(Lcom/android/dx/cf/code/Frame;II)V @ 1024
Event: 10.789 Thread 0x00000000022ae000 Uncommon trap: reason=class_check action=maybe_recompile pc=0x00000000026d983c method=com.android.dx.cf.code.RopperMachine.run(Lcom/android/dx/cf/code/Frame;II)V @ 1024
Event: 10.789 Thread 0x00000000022ae000 Uncommon trap: reason=class_check action=maybe_recompile pc=0x00000000026d983c method=com.android.dx.cf.code.RopperMachine.run(Lcom/android/dx/cf/code/Frame;II)V @ 1024
Event: 10.789 Thread 0x00000000022ae000 Uncommon trap: reason=class_check action=maybe_recompile pc=0x00000000026d983c method=com.android.dx.cf.code.RopperMachine.run(Lcom/android/dx/cf/code/Frame;II)V @ 1024
Event: 11.276 Thread 0x00000000022ae000 Uncommon trap: reason=bimorphic action=maybe_recompile pc=0x00000000026c27b0 method=com.android.dx.cf.code.BytecodeArray.parseInstruction(ILcom/android/dx/cf/code/BytecodeArray$Visitor;)I @ 2281
Event: 11.276 Thread 0x00000000022ae000 Uncommon trap: reason=bimorphic action=maybe_recompile pc=0x00000000026c27b0 method=com.android.dx.cf.code.BytecodeArray.parseInstruction(ILcom/android/dx/cf/code/BytecodeArray$Visitor;)I @ 2281

Internal exceptions (10 events):
Event: 8.968 Thread 0x00000000022ae000 Threw 0x00000000edf1cef0 at C:\re\jdk7u79\2331\hotspot\src\share\vm\prims\jvm.cpp:1304
Event: 8.978 Thread 0x00000000022ae000 Threw 0x00000000edfb6cd8 at C:\re\jdk7u79\2331\hotspot\src\share\vm\prims\jvm.cpp:1304
Event: 8.979 Thread 0x00000000022ae000 Implicit null exception at 0x00000000025f2e97 to 0x00000000025f3019
Event: 8.979 Thread 0x00000000022ae000 Implicit null exception at 0x0000000002594903 to 0x0000000002594a6d
Event: 9.386 Thread 0x00000000022ae000 Implicit null exception at 0x00000000024f499c to 0x00000000024f4aa9
Event: 9.455 Thread 0x00000000022ae000 Threw 0x00000000ebb831e8 at C:\re\jdk7u79\2331\hotspot\src\share\vm\prims\jvm.cpp:1304
Event: 9.555 Thread 0x00000000022ae000 Implicit null exception at 0x0000000002662f80 to 0x0000000002663cf5
Event: 9.556 Thread 0x00000000022ae000 Threw 0x00000000ec881aa8 at C:\re\jdk7u79\2331\hotspot\src\share\vm\prims\jvm.cpp:1304
Event: 11.294 Thread 0x00000000022ae000 Threw 0x00000000ef664338 at C:\re\jdk7u79\2331\hotspot\src\share\vm\prims\jvm.cpp:1304
Event: 11.386 Thread 0x00000000022ae000 Threw 0x00000000ef711f48 at C:\re\jdk7u79\2331\hotspot\src\share\vm\prims\jvm.cpp:1304

Events (10 events):
Event: 11.293 loading class 0x00000000021e5610
Event: 11.293 loading class 0x00000000021e5610 done
Event: 11.294 loading class 0x000000000a51cfb0
Event: 11.294 loading class 0x000000000a51cfb0 done
Event: 11.382 loading class 0x00000000021df6a0
Event: 11.382 loading class 0x00000000021df6a0 done
Event: 11.382 loading class 0x00000000021df670
Event: 11.382 loading class 0x00000000021df670 done
Event: 11.386 loading class 0x000000000a5fe2c0
Event: 11.386 loading class 0x000000000a5fe2c0 done


Dynamic libraries:
0x000000013f650000 - 0x000000013f683000 	C:\Program Files\Java\jdk1.7.0_79\bin\java.exe
0x0000000077ca0000 - 0x0000000077e49000 	C:\Windows\SYSTEM32\ntdll.dll
0x0000000077a80000 - 0x0000000077b9f000 	C:\Windows\system32\kernel32.dll
0x000007fefdab0000 - 0x000007fefdb1c000 	C:\Windows\system32\KERNELBASE.dll
0x000007fefe040000 - 0x000007fefe11b000 	C:\Windows\system32\ADVAPI32.dll
0x000007feffde0000 - 0x000007feffe7f000 	C:\Windows\system32\msvcrt.dll
0x000007feff490000 - 0x000007feff4af000 	C:\Windows\SYSTEM32\sechost.dll
0x000007feff5f0000 - 0x000007feff71d000 	C:\Windows\system32\RPCRT4.dll
0x0000000077ba0000 - 0x0000000077c9a000 	C:\Windows\system32\USER32.dll
0x000007feff9f0000 - 0x000007feffa57000 	C:\Windows\system32\GDI32.dll
0x000007feff4b0000 - 0x000007feff4be000 	C:\Windows\system32\LPK.dll
0x000007feff520000 - 0x000007feff5e9000 	C:\Windows\system32\USP10.dll
0x000007fefd270000 - 0x000007fefd464000 	C:\Windows\WinSxS\amd64_microsoft.windows.common-controls_6595b64144ccf1df_6.0.7601.18837_none_fa3b1e3d17594757\COMCTL32.dll
0x000007feffae0000 - 0x000007feffb51000 	C:\Windows\system32\SHLWAPI.dll
0x000007feff160000 - 0x000007feff18e000 	C:\Windows\system32\IMM32.DLL
0x000007feff190000 - 0x000007feff299000 	C:\Windows\system32\MSCTF.dll
0x0000000065330000 - 0x0000000065402000 	C:\Program Files\Java\jdk1.7.0_79\jre\bin\msvcr100.dll
0x0000000056e70000 - 0x0000000057645000 	C:\Program Files\Java\jdk1.7.0_79\jre\bin\server\jvm.dll
0x000007fef7bf0000 - 0x000007fef7bf9000 	C:\Windows\system32\WSOCK32.dll
0x000007fefff60000 - 0x000007fefffad000 	C:\Windows\system32\WS2_32.dll
0x000007feff2a0000 - 0x000007feff2a8000 	C:\Windows\system32\NSI.dll
0x000007fefc740000 - 0x000007fefc77b000 	C:\Windows\system32\WINMM.dll
0x0000000077e60000 - 0x0000000077e67000 	C:\Windows\system32\PSAPI.DLL
0x0000000073c60000 - 0x0000000073c6f000 	C:\Program Files\Java\jdk1.7.0_79\jre\bin\verify.dll
0x00000000738d0000 - 0x00000000738f8000 	C:\Program Files\Java\jdk1.7.0_79\jre\bin\java.dll
0x00000000739c0000 - 0x00000000739d5000 	C:\Program Files\Java\jdk1.7.0_79\jre\bin\zip.dll
0x0000000072fd0000 - 0x0000000072fea000 	C:\Program Files\Java\jdk1.7.0_79\jre\bin\net.dll
0x000007fefcef0000 - 0x000007fefcf45000 	C:\Windows\system32\mswsock.dll
0x000007fefcee0000 - 0x000007fefcee7000 	C:\Windows\System32\wship6.dll
0x00000000738b0000 - 0x00000000738c1000 	C:\Program Files\Java\jdk1.7.0_79\jre\bin\nio.dll
0x000007fef7ea0000 - 0x000007fef7fc5000 	C:\Windows\system32\dbghelp.dll

VM Arguments:
jvm_args: -Xmx1024M -Dfile.encoding=windows-1252 -Duser.country=US -Duser.language=en -Duser.variant 
java_command: com.android.dx.command.Main --dex --output C:\Users\ArmorSurge\AndroidStudioProjects\MafiaParty\app\build\intermediates\pre-dexed\debug\classes-ee97b4d4a430ba2c008eb51e00ee7700a26ef688.jar C:\Users\ArmorSurge\AndroidStudioProjects\MafiaParty\app\build\intermediates\exploded-aar\com.android.support\support-v4\22.2.0\jars\classes.jar
Launcher Type: SUN_STANDARD

Environment Variables:
PATH=C:\ProgramData\Oracle\Java\javapath;C:\Program Files\Common Files\Microsoft Shared\Windows Live;C:\Program Files (x86)\Common Files\Microsoft Shared\Windows Live;C:\Program Files (x86)\NVIDIA Corporation\PhysX\Common;C:\Windows\system32;C:\Windows;C:\Windows\System32\Wbem;C:\Windows\System32\WindowsPowerShell\v1.0\;C:\Program Files (x86)\ATI Technologies\ATI.ACE\Core-Static;C:\Program Files\TortoiseSVN\bin;C:\Program Files (x86)\Windows Live\Shared;C:\Program Files (x86)\Skype\Phone\
USERNAME=ArmorSurge
OS=Windows_NT
PROCESSOR_IDENTIFIER=AMD64 Family 21 Model 1 Stepping 2, AuthenticAMD



---------------  S Y S T E M  ---------------

OS: Windows 7 , 64 bit Build 7601 Service Pack 1

CPU:total 4 (4 cores per cpu, 1 threads per core) family 21 model 1 stepping 2, cmov, cx8, fxsr, mmx, sse, sse2, sse3, ssse3, sse4.1, sse4.2, popcnt, avx, aes, mmxext, 3dnowpref, lzcnt, sse4a, tsc, tscinvbit, tscinv

Memory: 4k page, physical 8370652k(3392292k free), swap 16739468k(9471124k free)

vm_info: Java HotSpot(TM) 64-Bit Server VM (24.79-b02) for windows-amd64 JRE (1.7.0_79-b15), built on Apr 10 2015 12:36:16 by "java_re" with unknown MS VC++:1600

time: Tue Jun 23 01:06:34 2015
elapsed time: 11 seconds

