#
# A fatal error has been detected by the Java Runtime Environment:
#
#  EXCEPTION_ACCESS_VIOLATION (0xc0000005) at pc=0x00000000027ec412, pid=12172, tid=8228
#
# JRE version: Java(TM) SE Runtime Environment (7.0_79-b15) (build 1.7.0_79-b15)
# Java VM: Java HotSpot(TM) 64-Bit Server VM (24.79-b02 mixed mode windows-amd64 compressed oops)
# Problematic frame:
# J 224 C2 java.util.TreeMap.get(Ljava/lang/Object;)Ljava/lang/Object; (19 bytes) @ 0x00000000027ec412 [0x00000000027ec3a0+0x72]
#
# Failed to write core dump. Minidumps are not enabled by default on client versions of Windows
#
# If you would like to submit a bug report, please visit:
#   http://bugreport.java.com/bugreport/crash.jsp
#

---------------  T H R E A D  ---------------

Current thread (0x000000000233e000):  JavaThread "main" [_thread_in_Java, id=8228, stack(0x0000000002610000,0x0000000002710000)]

siginfo: ExceptionCode=0xc0000005, reading address 0x0000000000000010

Registers:
RAX=0x00000000bae04530, RBX=0x00000000bb0dd560, RCX=0x00000000eac40a70, RDX=0x00000000eac40a70
RSP=0x000000000270eee0, RBP=0x0000000000000000, RSI=0x00000000bb374e20, RDI=0x00000000eb260b58
R8 =0x00000000eac40a70, R9 =0x00000000ebe4fd10, R10=0x00000000bb16f630, R11=0x00000000eb260b58
R12=0x0000000000000000, R13=0x000000000270ef20, R14=0x0000000000000000, R15=0x000000000233e000
RIP=0x00000000027ec412, EFLAGS=0x0000000000010282

Top of Stack: (sp=0x000000000270eee0)
0x000000000270eee0:   00000000ebe4fd10 000000000270ef28
0x000000000270eef0:   00000000bb0d08c0 0000000000000000
0x000000000270ef00:   000000000270ef70 00000000027162d3
0x000000000270ef10:   000000000270ef28 00000000027162d3
0x000000000270ef20:   00000000ebe4fd10 00000000eac40a70
0x000000000270ef30:   000000000270ef30 00000000bb0e99f2
0x000000000270ef40:   000000000270ef90 00000000bb0ea160
0x000000000270ef50:   0000000000000000 00000000bb0e9a40
0x000000000270ef60:   000000000270ef20 000000000270ef88
0x000000000270ef70:   000000000270efd8 00000000027162d3
0x000000000270ef80:   0000000000000000 00000000ebe4fd10
0x000000000270ef90:   00000000eac40a08 000000000270ef98
0x000000000270efa0:   00000000bb0c295c 000000000270eff8
0x000000000270efb0:   00000000bb0ce608 0000000000000000
0x000000000270efc0:   00000000bb0c29a0 000000000270ef88
0x000000000270efd0:   000000000270eff0 000000000270f040 

Instructions: (pc=0x00000000027ec412)
0x00000000027ec3f2:   4c 89 0c 24 49 8b fb eb 17 0f 1f 44 00 00 44 8b
0x00000000027ec402:   5d 1c 85 05 f6 3b 94 fd 45 85 db 74 34 49 8b eb
0x00000000027ec412:   44 8b 55 10 4d 8b c2 48 8b 14 24 48 b8 ff ff ff
0x00000000027ec422:   ff ff ff ff ff e8 34 ba f5 ff 85 c0 7d 06 44 8b 


Register to memory mapping:

RAX=0x00000000bae04530 is an oop
{instance class} 
 - klass: {other class}
RBX=0x00000000bb0dd560 is an oop
{method} 
 - klass: {other class}
RCX=0x00000000eac40a70 is an oop
java.util.TreeMap 
 - klass: 'java/util/TreeMap'
RDX=0x00000000eac40a70 is an oop
java.util.TreeMap 
 - klass: 'java/util/TreeMap'
RSP=0x000000000270eee0 is pointing into the stack for thread: 0x000000000233e000
RBP=0x0000000000000000 is an unknown value
RSI=0x00000000bb374e20 is an oop
{instance class} 
 - klass: {other class}
RDI=0x00000000eb260b58 is an oop
java.util.TreeMap$Entry 
 - klass: 'java/util/TreeMap$Entry'
R8 =0x00000000eac40a70 is an oop
java.util.TreeMap 
 - klass: 'java/util/TreeMap'
R9 =0x00000000ebe4fd10 is an oop
com.android.dx.rop.cst.CstMethodRef 
 - klass: 'com/android/dx/rop/cst/CstMethodRef'
R10=0x00000000bb16f630 is an oop
{instance class} 
 - klass: {other class}
R11=0x00000000eb260b58 is an oop
java.util.TreeMap$Entry 
 - klass: 'java/util/TreeMap$Entry'
R12=0x0000000000000000 is an unknown value
R13=0x000000000270ef20 is pointing into the stack for thread: 0x000000000233e000
R14=0x0000000000000000 is an unknown value
R15=0x000000000233e000 is a thread


Stack: [0x0000000002610000,0x0000000002710000],  sp=0x000000000270eee0,  free space=1019k
Native frames: (J=compiled Java code, j=interpreted, Vv=VM code, C=native code)
J 224 C2 java.util.TreeMap.get(Ljava/lang/Object;)Ljava/lang/Object; (19 bytes) @ 0x00000000027ec412 [0x00000000027ec3a0+0x72]
j  com.android.dx.dex.file.MethodIdsSection.get(Lcom/android/dx/rop/cst/Constant;)Lcom/android/dx/dex/file/IndexedItem;+26
j  com.android.dx.dex.file.DexFile.findItemOrNull(Lcom/android/dx/rop/cst/Constant;)Lcom/android/dx/dex/file/IndexedItem;+44
j  com.android.dx.dex.file.CodeItem$1.getIndex(Lcom/android/dx/rop/cst/Constant;)I+5
j  com.android.dx.dex.code.OutputFinisher.assignIndices(Lcom/android/dx/dex/code/CstInsn;Lcom/android/dx/dex/code/DalvCode$AssignIndicesCallback;)V+7
j  com.android.dx.dex.code.OutputFinisher.assignIndices(Lcom/android/dx/dex/code/DalvCode$AssignIndicesCallback;)V+39
j  com.android.dx.dex.code.DalvCode.assignIndices(Lcom/android/dx/dex/code/DalvCode$AssignIndicesCallback;)V+5
j  com.android.dx.dex.file.CodeItem.place0(Lcom/android/dx/dex/file/Section;I)V+18
j  com.android.dx.dex.file.OffsettedItem.place(Lcom/android/dx/dex/file/Section;I)I+73
j  com.android.dx.dex.file.MixedItemSection.placeItems()V+94
j  com.android.dx.dex.file.DexFile.toDex0(ZZ)Lcom/android/dx/util/ByteArrayAnnotatedOutput;+195
j  com.android.dx.dex.file.DexFile.toDex(Ljava/io/Writer;Z)[B+13
j  com.android.dx.command.dexer.Main.writeDex()[B+50
j  com.android.dx.command.dexer.Main.runMonoDex()I+103
j  com.android.dx.command.dexer.Main.run(Lcom/android/dx/command/dexer/Main$Arguments;)I+76
j  com.android.dx.command.dexer.Main.main([Ljava/lang/String;)V+14
j  com.android.dx.command.Main.main([Ljava/lang/String;)V+61
v  ~StubRoutines::call_stub


---------------  P R O C E S S  ---------------

Java Threads: ( => current thread )
  0x000000000854e000 JavaThread "Service Thread" daemon [_thread_blocked, id=12892, stack(0x000000000a250000,0x000000000a350000)]
  0x000000000854c000 JavaThread "C2 CompilerThread1" daemon [_thread_blocked, id=12920, stack(0x000000000a070000,0x000000000a170000)]
  0x0000000008537000 JavaThread "C2 CompilerThread0" daemon [_thread_blocked, id=12756, stack(0x0000000009ab0000,0x0000000009bb0000)]
  0x0000000008534800 JavaThread "Attach Listener" daemon [_thread_blocked, id=11808, stack(0x0000000009dc0000,0x0000000009ec0000)]
  0x000000000852f000 JavaThread "Signal Dispatcher" daemon [_thread_blocked, id=11424, stack(0x0000000009be0000,0x0000000009ce0000)]
  0x00000000084d5800 JavaThread "Finalizer" daemon [_thread_blocked, id=12220, stack(0x0000000009970000,0x0000000009a70000)]
  0x00000000084ce800 JavaThread "Reference Handler" daemon [_thread_blocked, id=12224, stack(0x0000000009830000,0x0000000009930000)]
=>0x000000000233e000 JavaThread "main" [_thread_in_Java, id=8228, stack(0x0000000002610000,0x0000000002710000)]

Other Threads:
  0x00000000084cb000 VMThread [stack: 0x0000000009670000,0x0000000009770000] [id=12968]
  0x000000000854f000 WatcherThread [stack: 0x000000000a7b0000,0x000000000a8b0000] [id=10632]

VM state:not at safepoint (normal execution)

VM Mutex/Monitor currently owned by a thread: None

Heap
 PSYoungGen      total 38912K, used 29096K [0x00000000eaa80000, 0x00000000ed580000, 0x0000000100000000)
  eden space 33792K, 86% used [0x00000000eaa80000,0x00000000ec6ea0c8,0x00000000ecb80000)
  from space 5120K, 0% used [0x00000000ed080000,0x00000000ed080000,0x00000000ed580000)
  to   space 5120K, 0% used [0x00000000ecb80000,0x00000000ecb80000,0x00000000ed080000)
 ParOldGen       total 87040K, used 0K [0x00000000c0000000, 0x00000000c5500000, 0x00000000eaa80000)
  object space 87040K, 0% used [0x00000000c0000000,0x00000000c0000000,0x00000000c5500000)
 PSPermGen       total 21504K, used 5639K [0x00000000bae00000, 0x00000000bc300000, 0x00000000c0000000)
  object space 21504K, 26% used [0x00000000bae00000,0x00000000bb381e48,0x00000000bc300000)

Card table byte_map: [0x0000000005710000,0x0000000005940000] byte_map_base: 0x0000000005139000

Polling page: 0x0000000000130000

Code Cache  [0x0000000002710000, 0x0000000002980000, 0x0000000005710000)
 total_blobs=461 nmethods=228 adapters=186 free_code_cache=48222Kb largest_free_block=49333760

Compilation events (10 events):
Event: 9.065 Thread 0x000000000854c000 nmethod 220 0x00000000027ed010 code [0x00000000027ed140, 0x00000000027ed298]
Event: 9.065 Thread 0x000000000854c000  221             com.android.dx.rop.type.Type::compareTo (9 bytes)
Event: 9.066 Thread 0x000000000854c000 nmethod 221 0x00000000027ecc10 code [0x00000000027ecd60, 0x00000000027eced8]
Event: 9.066 Thread 0x000000000854c000  222             com.android.dx.rop.code.BasicBlock::getLastInsn (8 bytes)
Event: 9.067 Thread 0x000000000854c000 nmethod 222 0x00000000027ec850 code [0x00000000027ec9a0, 0x00000000027eca78]
Event: 9.067 Thread 0x000000000854c000  223             com.android.dx.dex.file.Section::throwIfPrepared (18 bytes)
Event: 9.068 Thread 0x000000000854c000 nmethod 223 0x00000000027ec650 code [0x00000000027ec780, 0x00000000027ec7d8]
Event: 9.068 Thread 0x000000000854c000  224             java.util.TreeMap::get (19 bytes)
Event: 9.070 Thread 0x000000000854c000 nmethod 224 0x00000000027ec250 code [0x00000000027ec3a0, 0x00000000027ec4d8]
Event: 9.070 Thread 0x000000000854c000  225             com.android.dx.rop.cst.CstString::stringToUtf8Bytes (175 bytes)

GC Heap History (0 events):
No events

Deoptimization events (10 events):
Event: 6.447 Thread 0x000000000233e000 Uncommon trap: reason=class_check action=maybe_recompile pc=0x0000000002783474 method=com.android.dx.ssa.NormalSsaInsn.accept(Lcom/android/dx/ssa/SsaInsn$Visitor;)V @ 9
Event: 6.489 Thread 0x000000000233e000 Uncommon trap: reason=class_check action=maybe_recompile pc=0x0000000002783474 method=com.android.dx.ssa.NormalSsaInsn.accept(Lcom/android/dx/ssa/SsaInsn$Visitor;)V @ 9
Event: 6.500 Thread 0x000000000233e000 Uncommon trap: reason=class_check action=maybe_recompile pc=0x0000000002783474 method=com.android.dx.ssa.NormalSsaInsn.accept(Lcom/android/dx/ssa/SsaInsn$Visitor;)V @ 9
Event: 6.514 Thread 0x000000000233e000 Uncommon trap: reason=class_check action=maybe_recompile pc=0x0000000002783474 method=com.android.dx.ssa.NormalSsaInsn.accept(Lcom/android/dx/ssa/SsaInsn$Visitor;)V @ 9
Event: 7.323 Thread 0x000000000233e000 Uncommon trap: reason=null_check action=make_not_entrant pc=0x000000000279445c method=com.android.dx.rop.code.LocalItem.equals(Ljava/lang/Object;)Z @ 1
Event: 7.872 Thread 0x000000000233e000 Uncommon trap: reason=null_check action=make_not_entrant pc=0x0000000002797400 method=com.android.dx.ssa.SsaRenamer.getLocalForNewReg(I)Lcom/android/dx/rop/code/LocalItem; @ 19
Event: 8.092 Thread 0x000000000233e000 Uncommon trap: reason=class_check action=maybe_recompile pc=0x00000000027a0624 method=com.android.dx.rop.type.Type.equals(Ljava/lang/Object;)Z @ 8
Event: 8.092 Thread 0x000000000233e000 Uncommon trap: reason=class_check action=maybe_recompile pc=0x00000000027a0624 method=com.android.dx.rop.type.Type.equals(Ljava/lang/Object;)Z @ 8
Event: 8.092 Thread 0x000000000233e000 Uncommon trap: reason=class_check action=maybe_recompile pc=0x00000000027a0624 method=com.android.dx.rop.type.Type.equals(Ljava/lang/Object;)Z @ 8
Event: 8.095 Thread 0x000000000233e000 Uncommon trap: reason=class_check action=maybe_recompile pc=0x00000000027a0624 method=com.android.dx.rop.type.Type.equals(Ljava/lang/Object;)Z @ 8

Internal exceptions (10 events):
Event: 9.060 Thread 0x000000000233e000 Threw 0x00000000ec670578 at C:\re\jdk7u79\2331\hotspot\src\share\vm\prims\jvm.cpp:1304
Event: 9.061 Thread 0x000000000233e000 Threw 0x00000000ec675b00 at C:\re\jdk7u79\2331\hotspot\src\share\vm\prims\jvm.cpp:1304
Event: 9.061 Thread 0x000000000233e000 Threw 0x00000000ec678f78 at C:\re\jdk7u79\2331\hotspot\src\share\vm\prims\jvm.cpp:1304
Event: 9.062 Thread 0x000000000233e000 Threw 0x00000000ec67b898 at C:\re\jdk7u79\2331\hotspot\src\share\vm\prims\jvm.cpp:1304
Event: 9.062 Thread 0x000000000233e000 Threw 0x00000000ec680980 at C:\re\jdk7u79\2331\hotspot\src\share\vm\prims\jvm.cpp:1304
Event: 9.063 Thread 0x000000000233e000 Threw 0x00000000ec686e48 at C:\re\jdk7u79\2331\hotspot\src\share\vm\prims\jvm.cpp:1304
Event: 9.064 Thread 0x000000000233e000 Threw 0x00000000ec689c70 at C:\re\jdk7u79\2331\hotspot\src\share\vm\prims\jvm.cpp:1304
Event: 9.064 Thread 0x000000000233e000 Threw 0x00000000ec68e9b8 at C:\re\jdk7u79\2331\hotspot\src\share\vm\prims\jvm.cpp:1304
Event: 9.065 Thread 0x000000000233e000 Threw 0x00000000ec692fb8 at C:\re\jdk7u79\2331\hotspot\src\share\vm\prims\jvm.cpp:1304
Event: 9.070 Thread 0x000000000233e000 Implicit null exception at 0x00000000027ec412 to 0x0000000000000000

Events (10 events):
Event: 9.062 loading class 0x000000000a5bcca0
Event: 9.062 loading class 0x000000000a5bcca0 done
Event: 9.063 loading class 0x000000000a5bcd20
Event: 9.063 loading class 0x000000000a5bcd20 done
Event: 9.064 loading class 0x000000000a5bcc60
Event: 9.064 loading class 0x000000000a5bcc60 done
Event: 9.064 loading class 0x000000000a5e0860
Event: 9.064 loading class 0x000000000a5e0860 done
Event: 9.065 loading class 0x000000000a5e07a0
Event: 9.065 loading class 0x000000000a5e07a0 done


Dynamic libraries:
0x000000013f940000 - 0x000000013f973000 	C:\Program Files\Java\jdk1.7.0_79\bin\java.exe
0x0000000076cd0000 - 0x0000000076e79000 	C:\Windows\SYSTEM32\ntdll.dll
0x0000000076ab0000 - 0x0000000076bcf000 	C:\Windows\system32\kernel32.dll
0x000007fefcba0000 - 0x000007fefcc0c000 	C:\Windows\system32\KERNELBASE.dll
0x000007fefef00000 - 0x000007fefefdb000 	C:\Windows\system32\ADVAPI32.dll
0x000007fefe420000 - 0x000007fefe4bf000 	C:\Windows\system32\msvcrt.dll
0x000007fefdcb0000 - 0x000007fefdccf000 	C:\Windows\SYSTEM32\sechost.dll
0x000007fefe590000 - 0x000007fefe6bd000 	C:\Windows\system32\RPCRT4.dll
0x0000000076bd0000 - 0x0000000076cca000 	C:\Windows\system32\USER32.dll
0x000007fefe3b0000 - 0x000007fefe417000 	C:\Windows\system32\GDI32.dll
0x000007fefdd70000 - 0x000007fefdd7e000 	C:\Windows\system32\LPK.dll
0x000007fefe6c0000 - 0x000007fefe789000 	C:\Windows\system32\USP10.dll
0x000007fefb5e0000 - 0x000007fefb7d4000 	C:\Windows\WinSxS\amd64_microsoft.windows.common-controls_6595b64144ccf1df_6.0.7601.18837_none_fa3b1e3d17594757\COMCTL32.dll
0x000007fefea60000 - 0x000007fefead1000 	C:\Windows\system32\SHLWAPI.dll
0x000007fefe4c0000 - 0x000007fefe4ee000 	C:\Windows\system32\IMM32.DLL
0x000007fefeae0000 - 0x000007fefebe9000 	C:\Windows\system32\MSCTF.dll
0x00000000627b0000 - 0x0000000062882000 	C:\Program Files\Java\jdk1.7.0_79\jre\bin\msvcr100.dll
0x0000000077080000 - 0x0000000077855000 	C:\Program Files\Java\jdk1.7.0_79\jre\bin\server\jvm.dll
0x000007fef8640000 - 0x000007fef8649000 	C:\Windows\system32\WSOCK32.dll
0x000007fefeeb0000 - 0x000007fefeefd000 	C:\Windows\system32\WS2_32.dll
0x000007fefde00000 - 0x000007fefde08000 	C:\Windows\system32\NSI.dll
0x000007fefa5d0000 - 0x000007fefa60b000 	C:\Windows\system32\WINMM.dll
0x0000000076ea0000 - 0x0000000076ea7000 	C:\Windows\system32\PSAPI.DLL
0x00000000743f0000 - 0x00000000743ff000 	C:\Program Files\Java\jdk1.7.0_79\jre\bin\verify.dll
0x000000006b100000 - 0x000000006b128000 	C:\Program Files\Java\jdk1.7.0_79\jre\bin\java.dll
0x00000000732f0000 - 0x0000000073305000 	C:\Program Files\Java\jdk1.7.0_79\jre\bin\zip.dll
0x000000006b220000 - 0x000000006b23a000 	C:\Program Files\Java\jdk1.7.0_79\jre\bin\net.dll
0x000007fefc240000 - 0x000007fefc295000 	C:\Windows\system32\mswsock.dll
0x000007fefc2b0000 - 0x000007fefc2b7000 	C:\Windows\System32\wship6.dll
0x000000006afa0000 - 0x000000006afb1000 	C:\Program Files\Java\jdk1.7.0_79\jre\bin\nio.dll

VM Arguments:
jvm_args: -Xmx1024M -Dfile.encoding=windows-1252 -Duser.country=US -Duser.language=en -Duser.variant 
java_command: com.android.dx.command.Main --dex --output C:\Users\ArmorSurge\AndroidStudioProjects\MafiaParty\app\build\intermediates\pre-dexed\debug\rxandroid-0.25.0-5e0fe30a121278e201a25d3c4e86f183a558ab73.jar C:\Users\ArmorSurge\.gradle\caches\modules-2\files-2.1\io.reactivex\rxandroid\0.25.0\866b539d3ae58abbd47880f243c02f914fec5cda\rxandroid-0.25.0.jar
Launcher Type: SUN_STANDARD

Environment Variables:
PATH=C:\ProgramData\Oracle\Java\javapath;C:\Program Files\Common Files\Microsoft Shared\Windows Live;C:\Program Files (x86)\Common Files\Microsoft Shared\Windows Live;C:\Program Files (x86)\NVIDIA Corporation\PhysX\Common;C:\Windows\system32;C:\Windows;C:\Windows\System32\Wbem;C:\Windows\System32\WindowsPowerShell\v1.0\;C:\Program Files (x86)\ATI Technologies\ATI.ACE\Core-Static;C:\Program Files (x86)\Windows Live\Shared;C:\Program Files (x86)\Skype\Phone\
USERNAME=ArmorSurge
OS=Windows_NT
PROCESSOR_IDENTIFIER=AMD64 Family 21 Model 1 Stepping 2, AuthenticAMD



---------------  S Y S T E M  ---------------

OS: Windows 7 , 64 bit Build 7601 Service Pack 1

CPU:total 4 (4 cores per cpu, 1 threads per core) family 21 model 1 stepping 2, cmov, cx8, fxsr, mmx, sse, sse2, sse3, ssse3, sse4.1, sse4.2, popcnt, avx, aes, mmxext, 3dnowpref, lzcnt, sse4a, tsc, tscinvbit, tscinv

Memory: 4k page, physical 8370652k(3439064k free), swap 16739468k(8832088k free)

vm_info: Java HotSpot(TM) 64-Bit Server VM (24.79-b02) for windows-amd64 JRE (1.7.0_79-b15), built on Apr 10 2015 12:36:16 by "java_re" with unknown MS VC++:1600

time: Tue Jul 07 22:42:10 2015
elapsed time: 9 seconds

