#
# A fatal error has been detected by the Java Runtime Environment:
#
#  Internal Error (os_windows_x86.cpp:143), pid=8716, tid=348
#  guarantee(result == EXCEPTION_CONTINUE_EXECUTION) failed: Unexpected result from topLevelExceptionFilter
#
# JRE version:  (7.0_79-b15) (build )
# Java VM: Java HotSpot(TM) 64-Bit Server VM (24.79-b02 mixed mode windows-amd64 compressed oops)
# Failed to write core dump. Minidumps are not enabled by default on client versions of Windows
#
# If you would like to submit a bug report, please visit:
#   http://bugreport.java.com/bugreport/crash.jsp
#

---------------  T H R E A D  ---------------

Current thread (0x00000000000fe000):  JavaThread "Unknown thread" [_thread_in_Java, id=348, stack(0x0000000002560000,0x0000000002660000)]

Stack: [0x0000000002560000,0x0000000002660000]
[error occurred during error reporting (printing stack bounds), id 0xc0000005]


[error occurred during error reporting (printing native stack), id 0xc0000005]


---------------  P R O C E S S  ---------------

Java Threads: ( => current thread )
=>0x00000000000fe000 JavaThread "Unknown thread" [_thread_in_Java, id=348, stack(0x0000000002560000,0x0000000002660000)]

Other Threads:
  0x00000000085eb000 VMThread [stack: 0x00000000095f0000,0x00000000096f0000] [id=4588]

VM state:not at safepoint (normal execution)

VM Mutex/Monitor currently owned by a thread: None

Heap
 PSYoungGen      total 38912K, used 675K [0x00000000eaa80000, 0x00000000ed580000, 0x0000000100000000)
  eden space 33792K, 2% used [0x00000000eaa80000,0x00000000eab28fb0,0x00000000ecb80000)
  from space 5120K, 0% used [0x00000000ed080000,0x00000000ed080000,0x00000000ed580000)
  to   space 5120K, 0% used [0x00000000ecb80000,0x00000000ecb80000,0x00000000ed080000)
 ParOldGen       total 87040K, used 0K [0x00000000c0000000, 0x00000000c5500000, 0x00000000eaa80000)
  object space 87040K, 0% used [0x00000000c0000000,0x00000000c0000000,0x00000000c5500000)
 PSPermGen       total 21504K, used 712K [0x00000000bae00000, 0x00000000bc300000, 0x00000000c0000000)
  object space 21504K, 3% used [0x00000000bae00000,0x00000000baeb2350,0x00000000bc300000)

Card table byte_map: [0x0000000005660000,0x0000000005890000] byte_map_base: 0x0000000005089000

Polling page: 0x0000000000140000

Code Cache  [0x0000000002660000, 0x00000000028d0000, 0x0000000005660000)
 total_blobs=55 nmethods=0 adapters=32 free_code_cache=48828Kb largest_free_block=50000384

Compilation events (0 events):
No events

GC Heap History (0 events):
No events

Deoptimization events (0 events):
No events

Internal exceptions (0 events):
No events

Events (10 events):
Event: 0.020 loading class 0x000000000222fe30 done
Event: 0.020 loading class 0x000000000222fa50
Event: 0.020 loading class 0x000000000222fa50 done
Event: 0.021 Thread 0x00000000000fe000 Thread added: 0x00000000000fe000
Event: 0.021 loading class 0x0000000002235550
Event: 0.021 loading class 0x0000000002235550 done
Event: 0.021 loading class 0x0000000002235650
Event: 0.021 loading class 0x0000000002235710
Event: 0.021 loading class 0x0000000002235710 done
Event: 0.021 loading class 0x0000000002235650 done


Dynamic libraries:
0x000000013f6a0000 - 0x000000013f6d3000 	C:\Program Files\Java\jdk1.7.0_79\bin\java.exe
0x0000000077ca0000 - 0x0000000077e49000 	C:\Windows\SYSTEM32\ntdll.dll
0x0000000077a80000 - 0x0000000077b9f000 	C:\Windows\system32\kernel32.dll
0x000007fefdab0000 - 0x000007fefdb1c000 	C:\Windows\system32\KERNELBASE.dll
0x000007fefe040000 - 0x000007fefe11b000 	C:\Windows\system32\ADVAPI32.dll
0x000007feffde0000 - 0x000007feffe7f000 	C:\Windows\system32\msvcrt.dll
0x000007feff490000 - 0x000007feff4af000 	C:\Windows\SYSTEM32\sechost.dll
0x000007feff5f0000 - 0x000007feff71d000 	C:\Windows\system32\RPCRT4.dll
0x0000000077ba0000 - 0x0000000077c9a000 	C:\Windows\system32\USER32.dll
0x000007feff9f0000 - 0x000007feffa57000 	C:\Windows\system32\GDI32.dll
0x000007feff4b0000 - 0x000007feff4be000 	C:\Windows\system32\LPK.dll
0x000007feff520000 - 0x000007feff5e9000 	C:\Windows\system32\USP10.dll
0x000007fefd270000 - 0x000007fefd464000 	C:\Windows\WinSxS\amd64_microsoft.windows.common-controls_6595b64144ccf1df_6.0.7601.18837_none_fa3b1e3d17594757\COMCTL32.dll
0x000007feffae0000 - 0x000007feffb51000 	C:\Windows\system32\SHLWAPI.dll
0x000007feff160000 - 0x000007feff18e000 	C:\Windows\system32\IMM32.DLL
0x000007feff190000 - 0x000007feff299000 	C:\Windows\system32\MSCTF.dll
0x0000000071430000 - 0x0000000071502000 	C:\Program Files\Java\jdk1.7.0_79\jre\bin\msvcr100.dll
0x0000000054f20000 - 0x00000000556f5000 	C:\Program Files\Java\jdk1.7.0_79\jre\bin\server\jvm.dll
0x000007fef7bf0000 - 0x000007fef7bf9000 	C:\Windows\system32\WSOCK32.dll
0x000007fefff60000 - 0x000007fefffad000 	C:\Windows\system32\WS2_32.dll
0x000007feff2a0000 - 0x000007feff2a8000 	C:\Windows\system32\NSI.dll
0x000007fefc740000 - 0x000007fefc77b000 	C:\Windows\system32\WINMM.dll
0x0000000077e60000 - 0x0000000077e67000 	C:\Windows\system32\PSAPI.DLL
0x0000000073c60000 - 0x0000000073c6f000 	C:\Program Files\Java\jdk1.7.0_79\jre\bin\verify.dll
0x00000000738d0000 - 0x00000000738f8000 	C:\Program Files\Java\jdk1.7.0_79\jre\bin\java.dll
0x00000000739b0000 - 0x00000000739c5000 	C:\Program Files\Java\jdk1.7.0_79\jre\bin\zip.dll

VM Arguments:
jvm_args: -Xmx1024M -Dfile.encoding=windows-1252 -Duser.country=US -Duser.language=en -Duser.variant 
java_command: com.android.dx.command.Main --dex --output C:\Users\ArmorSurge\AndroidStudioProjects\MafiaParty\app\build\intermediates\dex\debug C:\Users\ArmorSurge\AndroidStudioProjects\MafiaParty\app\build\intermediates\classes\debug C:\Users\ArmorSurge\AndroidStudioProjects\MafiaParty\app\build\intermediates\pre-dexed\debug\support-annotations-22.2.0-856328ee82b9f43684ca19a7fa3f38c07b7a01b3.jar C:\Users\ArmorSurge\AndroidStudioProjects\MafiaParty\app\build\intermediates\pre-dexed\debug\internal_impl-22.2.0-8770d5bc12374fb7c34c920a5189b7af17ce9f47.jar C:\Users\ArmorSurge\AndroidStudioProjects\MafiaParty\app\build\intermediates\pre-dexed\debug\classes-55ae442268c258b5d5c6059c4e569d8533e6747d.jar C:\Users\ArmorSurge\AndroidStudioProjects\MafiaParty\app\build\intermediates\pre-dexed\debug\classes-ee97b4d4a430ba2c008eb51e00ee7700a26ef688.jar
Launcher Type: SUN_STANDARD

Environment Variables:
PATH=C:\ProgramData\Oracle\Java\javapath;C:\Program Files\Common Files\Microsoft Shared\Windows Live;C:\Program Files (x86)\Common Files\Microsoft Shared\Windows Live;C:\Program Files (x86)\NVIDIA Corporation\PhysX\Common;C:\Windows\system32;C:\Windows;C:\Windows\System32\Wbem;C:\Windows\System32\WindowsPowerShell\v1.0\;C:\Program Files (x86)\ATI Technologies\ATI.ACE\Core-Static;C:\Program Files\TortoiseSVN\bin;C:\Program Files (x86)\Windows Live\Shared;C:\Program Files (x86)\Skype\Phone\
USERNAME=ArmorSurge
OS=Windows_NT
PROCESSOR_IDENTIFIER=AMD64 Family 21 Model 1 Stepping 2, AuthenticAMD



---------------  S Y S T E M  ---------------

OS: Windows 7 , 64 bit Build 7601 Service Pack 1

CPU:total 4 (4 cores per cpu, 1 threads per core) family 21 model 1 stepping 2, cmov, cx8, fxsr, mmx, sse, sse2, sse3, ssse3, sse4.1, sse4.2, popcnt, avx, aes, mmxext, 3dnowpref, lzcnt, sse4a, tsc, tscinvbit, tscinv

Memory: 4k page, physical 8370652k(4430404k free), swap 16739468k(9739352k free)

vm_info: Java HotSpot(TM) 64-Bit Server VM (24.79-b02) for windows-amd64 JRE (1.7.0_79-b15), built on Apr 10 2015 12:36:16 by "java_re" with unknown MS VC++:1600

time: Sat Jun 20 01:11:12 2015
elapsed time: 0 seconds

